#
# There is insufficient memory for the Java Runtime Environment to continue.
# Native memory allocation (mmap) failed to map 128974848 bytes for G1 virtual space
# Possible reasons:
#   The system is out of physical RAM or swap space
#   The process is running with CompressedOops enabled, and the Java Heap may be blocking the growth of the native heap
# Possible solutions:
#   Reduce memory load on the system
#   Increase physical memory or swap space
#   Check if swap backing store is full
#   Decrease Java heap size (-Xmx/-Xms)
#   Decrease number of Java threads
#   Decrease Java thread stack sizes (-Xss)
#   Set larger code cache with -XX:ReservedCodeCacheSize=
#   JVM is running with Unscaled Compressed Oops mode in which the Java heap is
#     placed in the first 4GB address space. The Java Heap base address is the
#     maximum limit for the native heap growth. Please use -XX:HeapBaseMinAddress
#     to set the Java Heap base and to place the Java Heap above 4GB virtual address.
# This output file may be truncated or incomplete.
#
#  Out of Memory Error (os_windows.cpp:3559), pid=26644, tid=40748
#
# JRE version: OpenJDK Runtime Environment Temurin-17.0.7+7 (17.0.7+7) (build 17.0.7+7)
# Java VM: OpenJDK 64-Bit Server VM Temurin-17.0.7+7 (17.0.7+7, mixed mode, tiered, compressed oops, compressed class ptrs, g1 gc, windows-amd64)
# No core dump will be written. Minidumps are not enabled by default on client versions of Windows
#

---------------  S U M M A R Y ------------

Command Line: -Dgroovy.home=C:\Users\ho.hendy/.groovy -Djava.system.class.loader=groovy.lang.GroovyClassLoader -Xmx2048m -Dfile.encoding=UTF-8 -XX:+ShowCodeDetailsInExceptionMessages org.codehaus.groovy.tools.GroovyStarter --classpath C:\Users\ho.hendy\Katalon Studio\Training My Sistem\bin\keyword;C:\Users\ho.hendy\Katalon Studio\Training My Sistem\Keywords;C:\Users\ho.hendy\Katalon Studio\Training My Sistem\bin\listener;C:\Users\ho.hendy\Katalon Studio\Training My Sistem\Test Listeners;C:\Users\ho.hendy\Katalon Studio\Training My Sistem\bin\lib;C:\Users\ho.hendy\Katalon Studio\Training My Sistem\Libs;C:\Users\ho.hendy\Katalon Studio\Training My Sistem\bin\groovy;C:\Users\ho.hendy\Katalon Studio\Training My Sistem\Include\scripts\groovy;C:\Users\ho.hendy\.katalon\packages\Katalon_Studio_Windows_64-9.3.0\Katalon_Studio_Windows_64-9.3.0\plugins\com.kms.katalon.core_1.0.0.202401301518.jar;C:\Users\ho.hendy\.katalon\packages\Katalon_Studio_Windows_64-9.3.0\Katalon_Studio_Windows_64-9.3.0\configuration\resources\lib\aalto-xml-1.0.0.jar;C:\Users\ho.hendy\.katalon\packages\Katalon_Studio_Windows_64-9.3.0\Katalon_Studio_Windows_64-9.3.0\configuration\resources\lib\aspectjweaver-1.9.1.jar;C:\Users\ho.hendy\.katalon\packages\Katalon_Studio_Windows_64-9.3.0\Katalon_Studio_Windows_64-9.3.0\configuration\resources\lib\bcpkix-jdk15on-1.64.jar;C:\Users\ho.hendy\.katalon\packages\Katalon_Studio_Windows_64-9.3.0\Katalon_Studio_Windows_64-9.3.0\configuration\resources\lib\bcprov-jdk15on-1.64.jar;C:\Users\ho.hendy\.katalon\packages\Katalon_Studio_Windows_64-9.3.0\Katalon_Studio_Windows_64-9.3.0\configuration\resources\lib\browsermob-core-2.1.5.jar;C:\Users\ho.hendy\.katalon\packages\Katalon_Studio_Windows_64-9.3.0\Katalon_Studio_Windows_64-9.3.0\configuration\resources\lib\cglib-3.2.10.jar;C:\Users\ho.hendy\.katalon\packages\Katalon_Studio_Windows_64-9.3.0\Katalon_Studio_Windows_64-9.3.0\configuration\resources\lib\commons-codec-1.10.jar;C:\Users\ho.hendy\.katalon\packages\Katalon_Studio_Windows_64-9.3.0\Katalon_Studio_Windows_64-9.3.0\configuration\resources\lib\commons-collections4-4.1.jar;C:\Users\ho.hendy\.katalon\packages\Katalon_Studio_Windows_64-9.3.0\Katalon_Studio_Windows_64-9.3.0\configuration\resources\lib\commons-validator-1.6.jar;C:\Users\ho.hendy\.katalon\packages\Katalon_Studio_Windows_64-9.3.0\Katalon_Studio_Windows_64-9.3.0\configuration\resources\lib\curvesapi-1.04.jar;C:\Users\ho.hendy\.katalon\packages\Katalon_Studio_Windows_64-9.3.0\Katalon_Studio_Windows_64-9.3.0\configuration\resources\lib\dnsjava-2.1.8.jar;C:\Users\ho.hendy\.katalon\packages\Katalon_Studio_Windows_64-9.3.0\Katalon_Studio_Windows_64-9.3.0\configuration\resources\lib\groovy-ant-3.0.17.jar;C:\Users\ho.hendy\.katalon\packages\Katalon_Studio_Windows_64-9.3.0\Katalon_Studio_Windows_64-9.3.0\configuration\resources\lib\groovy-astbuilder-3.0.17.jar;C:\Users\ho.hendy\.katalon\packages\Katalon_Studio_Windows_64-9.3.0\Katalon_Studio_Windows_64-9.3.0\configuration\resources\lib\groovy-cli-picocli-3.0.17.jar;C:\Users\ho.hendy\.katalon\packages\Katalon_Studio_Windows_64-9.3.0\Katalon_Studio_Windows_64-9.3.0\configuration\resources\lib\groovy-console-3.0.17.jar;C:\Users\ho.hendy\.katalon\packages\Katalon_Studio_Windows_64-9.3.0\Katalon_Studio_Windows_64-9.3.0\configuration\resources\lib\groovy-datetime-3.0.17.jar;C:\Users\ho.hendy\.katalon\packages\Katalon_Studio_Windows_64-9.3.0\Katalon_Studio_Windows_64-9.3.0\configuration\resources\lib\groovy-dateutil-3.0.17.jar;C:\Users\ho.hendy\.katalon\packages\Katalon_Studio_Windows_64-9.3.0\Katalon_Studio_Windows_64-9.3.0\configuration\resources\lib\groovy-docgenerator-3.0.17.jar;C:\Users\ho.hendy\.katalon\packages\Katalon_Studio_Windows_64-9.3.0\Katalon_Studio_Windows_64-9.3.0\configuration\resources\lib\groovy-groovydoc-3.0.17.jar;C:\Users\ho.hendy\.katalon\packages\Katalon_Studio_Windows_64-9.3.0\Katalon_Studio_Windows_64-9.3.0\configuration\resources\lib\groovy-groovysh-3.0.17.jar;C:\Users\ho.hendy\.katalon\packages\Katalon_Studio_Windows_64-9.3.0\Katalon_Studio_Windows_64-9.3.0\configuration\resources\lib\groovy-jmx-3.0.17.jar;C:\Users\ho.hendy\.katalon\packages\Katalon_Studio_Windows_64-9.3.0\Katalon_Studio_Windows_64-9.3.0\configuration\resources\lib\groovy-json-3.0.17.jar;C:\Users\ho.hendy\.katalon\packages\Katalon_Studio_Windows_64-9.3.0\Katalon_Studio_Windows_64-9.3.0\configuration\resources\lib\groovy-jsr223-3.0.17.jar;C:\Users\ho.hendy\.katalon\packages\Katalon_Studio_Windows_64-9.3.0\Katalon_Studio_Windows_64-9.3.0\configuration\resources\lib\groovy-macro-3.0.17.jar;C:\Users\ho.hendy\.katalon\packages\Katalon_Studio_Windows_64-9.3.0\Katalon_Studio_Windows_64-9.3.0\configuration\resources\lib\groovy-nio-3.0.17.jar;C:\Users\ho.hendy\.katalon\packages\Katalon_Studio_Windows_64-9.3.0\Katalon_Studio_Windows_64-9.3.0\configuration\resources\lib\groovy-servlet-3.0.17.jar;C:\Users\ho.hendy\.katalon\packages\Katalon_Studio_Windows_64-9.3.0\Katalon_Studio_Windows_64-9.3.0\configuration\resources\lib\groovy-sql-3.0.17.jar;C:\Users\ho.hendy\.katalon\packages\Katalon_Studio_Windows_64-9.3.0\Katalon_Studio_Windows_64-9.3.0\configuration\resources\lib\groovy-swing-3.0.17.jar;C:\Users\ho.hendy\.katalon\packages\Katalon_Studio_Windows_64-9.3.0\Katalon_Studio_Windows_64-9.3.0\configuration\resources\lib\groovy-templates-3.0.17.jar;C:\Users\ho.hendy\.katalon\packages\Katalon_Studio_Windows_64-9.3.0\Katalon_Studio_Windows_64-9.3.0\configuration\resources\lib\groovy-test-3.0.17.jar;C:\Users\ho.hendy\.katalon\packages\Katalon_Studio_Windows_64-9.3.0\Katalon_Studio_Windows_64-9.3.0\configuration\resources\lib\groovy-test-junit5-3.0.17.jar;C:\Users\ho.hendy\.katalon\packages\Katalon_Studio_Windows_64-9.3.0\Katalon_Studio_Windows_64-9.3.0\configuration\resources\lib\groovy-testng-3.0.17.jar;C:\Users\ho.hendy\.katalon\packages\Katalon_Studio_Windows_64-9.3.0\Katalon_Studio_Windows_64-9.3.0\configuration\resources\lib\groovy-xml-3.0.17.jar;C:\Users\ho.hendy\.katalon\packages\Katalon_Studio_Windows_64-9.3.0\Katalon_Studio_Windows_64-9.3.0\configuration\resources\lib\java-client-7.0.0.jar;C:\Users\ho.hendy\.katalon\packages\Katalon_Studio_Windows_64-9.3.0\Katalon_Studio_Windows_64-9.3.0\configuration\resources\lib\javax.servlet-api_3.1.0.jar;C:\Users\ho.hendy\.katalon\packages\Katalon_Studio_Windows_64-9.3.0\Katalon_Studio_Windows_64-9.3.0\configuration\resources\lib\jna-5.12.1.jar;C:\Users\ho.hendy\.katalon\packages\Katalon_Studio_Windows_64-9.3.0\Katalon_Studio_Windows_64-9.3.0\configuration\resources\lib\jna-platform-5.12.1.jar;C:\Users\ho.hendy\.katalon\packages\Katalon_Studio_Windows_64-9.3.0\Katalon_Studio_Windows_64-9.3.0\configuration\resources\lib\jzlib-1.1.3.jar;C:\Users\ho.hendy\.katalon\packages\Katalon_Studio_Windows_64-9.3.0\Katalon_Studio_Windows_64-9.3.0\configuration\resources\lib\kat-server.jar;C:\Users\ho.hendy\.katalon\packages\Katalon_Studio_Windows_64-9.3.0\Katalon_Studio_Windows_64-9.3.0\configuration\resources\lib\littleproxy-1.1.0-beta-bmp-17.jar;C:\Users\ho.hendy\.katalon\packages\Katalon_Studio_Windows_64-9.3.0\Katalon_Studio_Windows_64-9.3.0\configuration\resources\lib\log4j-1.2-api-2.17.1.jar;C:\Users\ho.hendy\.katalon\packages\Katalon_Studio_Windows_64-9.3.0\Katalon_Studio_Windows_64-9.3.0\configuration\resources\lib\log4j-api-2.17.1.jar;C:\Users\ho.hendy\.katalon\packages\Katalon_Studio_Windows_64-9.3.0\Katalon_Studio_Windows_64-9.3.0\configuration\resources\lib\log4j-core-2.17.1.jar;C:\Users\ho.hendy\.katalon\packages\Katalon_Studio_Windows_64-9.3.0\Katalon_Studio_Windows_64-9.3.0\configuration\resources\lib\mitm-2.1.5.jar;C:\Users\ho.hendy\.katalon\packages\Katalon_Studio_Windows_64-9.3.0\Katalon_Studio_Windows_64-9.3.0\configuration\resources\lib\netty-all-4.1.70.Final.jar;C:\Users\ho.hendy\.katalon\packages\Katalon_Studio_Windows_64-9.3.0\Katalon_Studio_Windows_64-9.3.0\configuration\resources\lib\poi-3.17.jar;C:\Users\ho.hendy\.katalon\packages\Katalon_Studio_Windows_64-9.3.0\Katalon_Studio_Windows_64-9.3.0\configuration\resources\lib\poi-ooxml-3.17.jar;C:\Users\ho.hendy\.katalon\packages\Katalon_Studio_Windows_64-9.3.0\Katalon_Studio_Windows_64-9.3.0\configuration\resources\lib\poi-ooxml-schemas-3.17.jar;C:\Users\ho.hendy\.katalon\packages\Katalon_Studio_Windows_64-9.3.0\Katalon_Studio_Windows_64-9.3.0\configuration\resources\lib\proxy-vole-1.0.4-SNAPSHOT-jar-with-dependencies.jar;C:\Users\ho.hendy\.katalon\packages\Katalon_Studio_Windows_64-9.3.0\Katalon_Studio_Windows_64-9.3.0\configuration\resources\lib\repackaged-sikuli-api-1.0.2-standalone.jar;C:\Users\ho.hendy\.katalon\packages\Katalon_Studio_Windows_64-9.3.0\Katalon_Studio_Windows_64-9.3.0\configuration\resources\lib\selenium-leg-rc-3.141.59.jar;C:\Users\ho.hendy\.katalon\packages\Katalon_Studio_Windows_64-9.3.0\Katalon_Studio_Windows_64-9.3.0\configuration\resources\lib\selenium-server-standalone-3.141.59.jar;C:\Users\ho.hendy\.katalon\packages\Katalon_Studio_Windows_64-9.3.0\Katalon_Studio_Windows_64-9.3.0\configuration\resources\lib\selenium-shutterbug-1.1.jar;C:\Users\ho.hendy\.katalon\packages\Katalon_Studio_Windows_64-9.3.0\Katalon_Studio_Windows_64-9.3.0\configuration\resources\lib\slf4j-api-1.7.25.jar;C:\Users\ho.hendy\.katalon\packages\Katalon_Studio_Windows_64-9.3.0\Katalon_Studio_Windows_64-9.3.0\configuration\resources\lib\soap-builder-1.0.0.jar;C:\Users\ho.hendy\.katalon\packages\Katalon_Studio_Windows_64-9.3.0\Katalon_Studio_Windows_64-9.3.0\configuration\resources\lib\soap-common-1.0.0.jar;C:\Users\ho.hendy\.katalon\packages\Katalon_Studio_Windows_64-9.3.0\Katalon_Studio_Windows_64-9.3.0\configuration\resources\lib\soap-legacy-1.0.0.jar;C:\Users\ho.hendy\.katalon\packages\Katalon_Studio_Windows_64-9.3.0\Katalon_Studio_Windows_64-9.3.0\configuration\resources\lib\spring-context-5.3.19.jar;C:\Users\ho.hendy\.katalon\packages\Katalon_Studio_Windows_64-9.3.0\Katalon_Studio_Windows_64-9.3.0\configuration\resources\lib\stax2-api-4.0.0.jar;C:\Users\ho.hendy\.katalon\packages\Katalon_Studio_Windows_64-9.3.0\Katalon_Studio_Windows_64-9.3.0\configuration\resources\lib\su.jar;C:\Users\ho.hendy\.katalon\packages\Katalon_Studio_Windows_64-9.3.0\Katalon_Studio_Windows_64-9.3.0\configuration\resources\lib\testng-7.8.0.jar;C:\Users\ho.hendy\.katalon\packages\Katalon_Studio_Windows_64-9.3.0\Katalon_Studio_Windows_64-9.3.0\configuration\resources\lib\wadl.jar;C:\Users\ho.hendy\.katalon\packages\Katalon_Studio_Windows_64-9.3.0\Katalon_Studio_Windows_64-9.3.0\configuration\resources\lib\xmlbeans-3.1.0.jar;C:\Users\ho.hendy\.katalon\packages\Katalon_Studio_Windows_64-9.3.0\Katalon_Studio_Windows_64-9.3.0\plugins\net.sf.supercsv.super-csv_2.1.0.jar;C:\Users\ho.hendy\.katalon\packages\Katalon_Studio_Windows_64-9.3.0\Katalon_Studio_Windows_64-9.3.0\plugins\org.apache.commons.io_2.4.0.jar;C:\Users\ho.hendy\.katalon\packages\Katalon_Studio_Windows_64-9.3.0\Katalon_Studio_Windows_64-9.3.0\plugins\org.apache.commons.lang_2.6.0.jar;C:\Users\ho.hendy\.katalon\packages\Katalon_Studio_Windows_64-9.3.0\Katalon_Studio_Windows_64-9.3.0\plugins\com.google.gson_2.10.1.v20230109-0753.jar;C:\Users\ho.hendy\.katalon\packages\Katalon_Studio_Windows_64-9.3.0\Katalon_Studio_Windows_64-9.3.0\plugins\org.jsoup_1.14.3.jar;C:\Users\ho.hendy\.katalon\packages\Katalon_Studio_Windows_64-9.3.0\Katalon_Studio_Windows_64-9.3.0\plugins\org.apache.commons.dbutils_1.6.0.jar;C:\Users\ho.hendy\.katalon\packages\Katalon_Studio_Windows_64-9.3.0\Katalon_Studio_Windows_64-9.3.0\plugins\com.oracle.jdbc.ojdbc7_12.1.0.2.jar;C:\Users\ho.hendy\.katalon\packages\Katalon_Studio_Windows_64-9.3.0\Katalon_Studio_Windows_64-9.3.0\plugins\org.postgresql.jdbc_42.4.1.jar;c:\Users\ho.hendy\.katalon\packages\Katalon_Studio_Windows_64-9.3.0\Katalon_Studio_Windows_64-9.3.0\plugins\org.eclipse.osgi_3.18.300.v20230220-1352.jar;C:\Users\ho.hendy\.katalon\packages\Katalon_Studio_Windows_64-9.3.0\Katalon_Studio_Windows_64-9.3.0\plugins\com.kms.katalon.constant_1.0.0.202401301518.jar;C:\Users\ho.hendy\.katalon\packages\Katalon_Studio_Windows_64-9.3.0\Katalon_Studio_Windows_64-9.3.0\plugins\org.eclipse.persistence.eclipselink_2.7.11.jar;C:\Users\ho.hendy\.katalon\packages\Katalon_Studio_Windows_64-9.3.0\Katalon_Studio_Windows_64-9.3.0\plugins\com.kms.katalon.selenium-standalone_1.0.0.202401301518.jar;C:\Users\ho.hendy\.katalon\packages\Katalon_Studio_Windows_64-9.3.0\Katalon_Studio_Windows_64-9.3.0\plugins\atu.testrecorder.screen-recorder_2.1.0.jar;C:\Users\ho.hendy\.katalon\packages\Katalon_Studio_Windows_64-9.3.0\Katalon_Studio_Windows_64-9.3.0\plugins\com.google.guava_23.0.0.jar;C:\Users\ho.hendy\.katalon\packages\Katalon_Studio_Windows_64-9.3.0\Katalon_Studio_Windows_64-9.3.0\plugins\com.kms.katalon.util_1.0.0.202401301518.jar;C:\Users\ho.hendy\.katalon\packages\Katalon_Studio_Windows_64-9.3.0\Katalon_Studio_Windows_64-9.3.0\plugins\org.apache.httpcomponents.httpclient_4.5.14.v20221207-1049.jar;C:\Users\ho.hendy\.katalon\packages\Katalon_Studio_Windows_64-9.3.0\Katalon_Studio_Windows_64-9.3.0\plugins\org.apache.httpcomponents.httpcore_4.4.16.v20221207-1049.jar;C:\Users\ho.hendy\.katalon\packages\Katalon_Studio_Windows_64-9.3.0\Katalon_Studio_Windows_64-9.3.0\plugins\org.apache.httpcomponents.httpmime_4.5.1.jar;C:\Users\ho.hendy\.katalon\packages\Katalon_Studio_Windows_64-9.3.0\Katalon_Studio_Windows_64-9.3.0\plugins\org.apache.commons.lang3_3.7.0.jar;C:\Users\ho.hendy\.katalon\packages\Katalon_Studio_Windows_64-9.3.0\Katalon_Studio_Windows_64-9.3.0\plugins\org.greenrobot.eventbus_3.1.1.jar;C:\Users\ho.hendy\.katalon\packages\Katalon_Studio_Windows_64-9.3.0\Katalon_Studio_Windows_64-9.3.0\plugins\org.assertj.core_3.10.0.jar;C:\Users\ho.hendy\.katalon\packages\Katalon_Studio_Windows_64-9.3.0\Katalon_Studio_Windows_64-9.3.0\plugins\org.junit_4.13.2.v20211018-1956.jar;C:\Users\ho.hendy\.katalon\packages\Katalon_Studio_Windows_64-9.3.0\Katalon_Studio_Windows_64-9.3.0\plugins\com.fasterxml.jackson.core.jackson-databind_2.14.0.jar;C:\Users\ho.hendy\.katalon\packages\Katalon_Studio_Windows_64-9.3.0\Katalon_Studio_Windows_64-9.3.0\plugins\com.fasterxml.jackson.core.jackson-core_2.14.0.jar;C:\Users\ho.hendy\.katalon\packages\Katalon_Studio_Windows_64-9.3.0\Katalon_Studio_Windows_64-9.3.0\plugins\com.fasterxml.jackson.core.jackson-annotations_2.14.0.jar;C:\Users\ho.hendy\.katalon\packages\Katalon_Studio_Windows_64-9.3.0\Katalon_Studio_Windows_64-9.3.0\plugins\ch.qos.logback.classic_1.2.3.jar;C:\Users\ho.hendy\.katalon\packages\Katalon_Studio_Windows_64-9.3.0\Katalon_Studio_Windows_64-9.3.0\plugins\ch.qos.logback.core_1.2.3.jar;C:\Users\ho.hendy\.katalon\packages\Katalon_Studio_Windows_64-9.3.0\Katalon_Studio_Windows_64-9.3.0\plugins\slf4j.api_1.7.36.jar;C:\Users\ho.hendy\.katalon\packages\Katalon_Studio_Windows_64-9.3.0\Katalon_Studio_Windows_64-9.3.0\plugins\org.fusesource.jansi_1.17.1.jar;C:\Users\ho.hendy\.katalon\packages\Katalon_Studio_Windows_64-9.3.0\Katalon_Studio_Windows_64-9.3.0\plugins\com.kms.katalon.netlightbody_1.0.0.202401301518.jar;C:\Users\ho.hendy\.katalon\packages\Katalon_Studio_Windows_64-9.3.0\Katalon_Studio_Windows_64-9.3.0\plugins\com.kms.katalon.poi_1.0.0.202401301518.jar;C:\Users\ho.hendy\.katalon\packages\Katalon_Studio_Windows_64-9.3.0\Katalon_Studio_Windows_64-9.3.0\plugins\org.apache.commons.commons-text_1.10.0.jar;C:\Users\ho.hendy\.katalon\packages\Katalon_Studio_Windows_64-9.3.0\Katalon_Studio_Windows_64-9.3.0\plugins\com.kms.katalon.proxyvole_1.0.0.202401301518.jar;C:\Users\ho.hendy\.katalon\packages\Katalon_Studio_Windows_64-9.3.0\Katalon_Studio_Windows_64-9.3.0\plugins\com.microsoft.sqlserver.mssql-jdbc_6.2.2.jre8.jar;C:\Users\ho.hendy\.katalon\packages\Katalon_Studio_Windows_64-9.3.0\Katalon_Studio_Windows_64-9.3.0\plugins\com.github.kklisura.cdt.java-client_2.1.0.jar;C:\Users\ho.hendy\.katalon\packages\Katalon_Studio_Windows_64-9.3.0\Katalon_Studio_Windows_64-9.3.0\plugins\javax.websocket-api_1.1.0.jar;C:\Users\ho.hendy\.katalon\packages\Katalon_Studio_Windows_64-9.3.0\Katalon_Studio_Windows_64-9.3.0\plugins\org.glassfish.tyrus.container-grizzly-client_1.13.1.jar;C:\Users\ho.hendy\.katalon\packages\Katalon_Studio_Windows_64-9.3.0\Katalon_Studio_Windows_64-9.3.0\plugins\org.glassfish.grizzly.http-server_2.3.25.jar;C:\Users\ho.hendy\.katalon\packages\Katalon_Studio_Windows_64-9.3.0\Katalon_Studio_Windows_64-9.3.0\plugins\org.glassfish.grizzly.framework_2.3.25.jar;C:\Users\ho.hendy\.katalon\packages\Katalon_Studio_Windows_64-9.3.0\Katalon_Studio_Windows_64-9.3.0\plugins\org.glassfish.grizzly.http_2.3.25.jar;C:\Users\ho.hendy\.katalon\packages\Katalon_Studio_Windows_64-9.3.0\Katalon_Studio_Windows_64-9.3.0\plugins\org.glassfish.tyrus.client_1.13.1.jar;C:\Users\ho.hendy\.katalon\packages\Katalon_Studio_Windows_64-9.3.0\Katalon_Studio_Windows_64-9.3.0\plugins\org.glassfish.tyrus.core_1.13.1.jar;C:\Users\ho.hendy\.katalon\packages\Katalon_Studio_Windows_64-9.3.0\Katalon_Studio_Windows_64-9.3.0\plugins\org.glassfish.tyrus.spi_1.13.1.jar;C:\Users\ho.hendy\.katalon\packages\Katalon_Studio_Windows_64-9.3.0\Katalon_Studio_Windows_64-9.3.0\plugins\javassist_3.28.0.GA.jar;C:\Users\ho.hendy\.katalon\packages\Katalon_Studio_Windows_64-9.3.0\Katalon_Studio_Windows_64-9.3.0\plugins\com.graphql-java_16.2.0.jar;C:\Users\ho.hendy\.katalon\packages\Katalon_Studio_Windows_64-9.3.0\Katalon_Studio_Windows_64-9.3.0\plugins\org.glassfish.jaxb.runtime_2.3.6.jar;C:\Users\ho.hendy\.katalon\packages\Katalon_Studio_Windows_64-9.3.0\Katalon_Studio_Windows_64-9.3.0\plugins\org.glassfish.jaxb.txw2_2.3.6.jar;C:\Users\ho.hendy\.katalon\packages\Katalon_Studio_Windows_64-9.3.0\Katalon_Studio_Windows_64-9.3.0\plugins\org.dom4j_1.6.1.v201312101416.jar;C:\Users\ho.hendy\.katalon\packages\Katalon_Studio_Windows_64-9.3.0\Katalon_Studio_Windows_64-9.3.0\plugins\com.kms.katalon.groovy-extended_1.0.0.202401301518.jar;C:\Users\ho.hendy\.katalon\packages\Katalon_Studio_Windows_64-9.3.0\Katalon_Studio_Windows_64-9.3.0\plugins\com.sun.activation.javax.activation_1.2.0.jar;C:\Users\ho.hendy\.katalon\packages\Katalon_Studio_Windows_64-9.3.0\Katalon_Studio_Windows_64-9.3.0\plugins\jakarta.xml.bind-api_2.3.3.jar;C:\Users\ho.hendy\.katalon\packages\Katalon_Studio_Windows_64-9.3.0\Katalon_Studio_Windows_64-9.3.0\plugins\com.sun.xml.bind.jaxb-impl_2.3.6.jar;C:\Users\ho.hendy\.katalon\packages\Katalon_Studio_Windows_64-9.3.0\Katalon_Studio_Windows_64-9.3.0\plugins\org.apache.commons.logging_1.2.0.v20180409-1502.jar;C:\Users\ho.hendy\.katalon\packages\Katalon_Studio_Windows_64-9.3.0\Katalon_Studio_Windows_64-9.3.0\plugins\org.hamcrest.core_1.3.0.v20180420-1519.jar;C:\Users\ho.hendy\.katalon\packages\Katalon_Studio_Windows_64-9.3.0\Katalon_Studio_Windows_64-9.3.0\plugins\org.beanshell.bsh_2.0.0.0b4.jar;C:\Users\ho.hendy\.katalon\packages\Katalon_Studio_Windows_64-9.3.0\Katalon_Studio_Windows_64-9.3.0\plugins\org.apache.ant.launcher_1.9.6.jar;C:\Users\ho.hendy\.katalon\packages\Katalon_Studio_Windows_64-9.3.0\Katalon_Studio_Windows_64-9.3.0\plugins\com.kms.katalon.core.appium_1.0.0.202401301518.jar;C:\Users\ho.hendy\.katalon\packages\Katalon_Studio_Windows_64-9.3.0\Katalon_Studio_Windows_64-9.3.0\plugins\com.kms.katalon.logging_1.0.0.202401301518.jar;C:\Users\ho.hendy\.katalon\packages\Katalon_Studio_Windows_64-9.3.0\Katalon_Studio_Windows_64-9.3.0\plugins\org.eclipse.equinox.common_3.17.100.v20230202-1341.jar;C:\Users\ho.hendy\.katalon\packages\Katalon_Studio_Windows_64-9.3.0\Katalon_Studio_Windows_64-9.3.0\plugins\com.kms.katalon.core.webui_1.0.0.202401301518.jar;C:\Users\ho.hendy\.katalon\packages\Katalon_Studio_Windows_64-9.3.0\Katalon_Studio_Windows_64-9.3.0\plugins\org.json_20140107.0.0.jar;C:\Users\ho.hendy\.katalon\packages\Katalon_Studio_Windows_64-9.3.0\Katalon_Studio_Windows_64-9.3.0\plugins\org.eclipse.e4.core.contexts_1.11.0.v20220716-0839.jar;C:\Users\ho.hendy\.katalon\packages\Katalon_Studio_Windows_64-9.3.0\Katalon_Studio_Windows_64-9.3.0\plugins\org.eclipse.e4.core.services_2.3.400.v20220915-1347.jar;C:\Users\ho.hendy\.katalon\packages\Katalon_Studio_Windows_64-9.3.0\Katalon_Studio_Windows_64-9.3.0\plugins\com.kms.katalon.core.mobile_1.0.0.202401301518.jar;C:\Users\ho.hendy\.katalon\packages\Katalon_Studio_Windows_64-9.3.0\Katalon_Studio_Windows_64-9.3.0\plugins\org.apache.commons.commons-validator_1.7.0.jar;C:\Users\ho.hendy\.katalon\packages\Katalon_Studio_Windows_64-9.3.0\Katalon_Studio_Windows_64-9.3.0\plugins\com.kms.katalon.core.cucumber_1.0.0.202401301518.jar;C:\Users\ho.hendy\.katalon\packages\Katalon_Studio_Windows_64-9.3.0\Katalon_Studio_Windows_64-9.3.0\plugins\io.cucumber.core_3.0.2.jar;C:\Users\ho.hendy\.katalon\packages\Katalon_Studio_Windows_64-9.3.0\Katalon_Studio_Windows_64-9.3.0\plugins\io.cucumber.datatable_1.0.3.jar;C:\Users\ho.hendy\.katalon\packages\Katalon_Studio_Windows_64-9.3.0\Katalon_Studio_Windows_64-9.3.0\plugins\io.cucumber.datatable-dependencies_1.0.3.jar;C:\Users\ho.hendy\.katalon\packages\Katalon_Studio_Windows_64-9.3.0\Katalon_Studio_Windows_64-9.3.0\plugins\io.cucumber.expressions_5.0.19.jar;C:\Users\ho.hendy\.katalon\packages\Katalon_Studio_Windows_64-9.3.0\Katalon_Studio_Windows_64-9.3.0\plugins\io.cucumber.gherkin_5.0.0.jar;C:\Users\ho.hendy\.katalon\packages\Katalon_Studio_Windows_64-9.3.0\Katalon_Studio_Windows_64-9.3.0\plugins\io.cucumber.html_0.2.7.jar;C:\Users\ho.hendy\.katalon\packages\Katalon_Studio_Windows_64-9.3.0\Katalon_Studio_Windows_64-9.3.0\plugins\io.cucumber.java_3.0.2.jar;C:\Users\ho.hendy\.katalon\packages\Katalon_Studio_Windows_64-9.3.0\Katalon_Studio_Windows_64-9.3.0\plugins\io.cucumber.tag-expressions_1.1.1.jar;C:\Users\ho.hendy\.katalon\packages\Katalon_Studio_Windows_64-9.3.0\Katalon_Studio_Windows_64-9.3.0\plugins\io.cucumber.junit_3.0.2.jar;C:\Users\ho.hendy\.katalon\packages\Katalon_Studio_Windows_64-9.3.0\Katalon_Studio_Windows_64-9.3.0\plugins\com.kms.katalon.core.webservice_1.0.0.202401301518.jar;C:\Users\ho.hendy\.katalon\packages\Katalon_Studio_Windows_64-9.3.0\Katalon_Studio_Windows_64-9.3.0\plugins\wsdl4j_1.6.2.jar;C:\Users\ho.hendy\.katalon\packages\Katalon_Studio_Windows_64-9.3.0\Katalon_Studio_Windows_64-9.3.0\plugins\com.google.oauth-client.google-oauth-client_1.22.0.jar;C:\Users\ho.hendy\.katalon\packages\Katalon_Studio_Windows_64-9.3.0\Katalon_Studio_Windows_64-9.3.0\plugins\com.google.http-client.google-http-client_1.22.0.jar;C:\Users\ho.hendy\.katalon\packages\Katalon_Studio_Windows_64-9.3.0\Katalon_Studio_Windows_64-9.3.0\plugins\ca.juliusdavies.not-yet-commons-ssl_0.3.11.jar;C:\Users\ho.hendy\.katalon\packages\Katalon_Studio_Windows_64-9.3.0\Katalon_Studio_Windows_64-9.3.0\plugins\com.kms.katalon.preferences_1.0.0.202401301518.jar;C:\Users\ho.hendy\.katalon\packages\Katalon_Studio_Windows_64-9.3.0\Katalon_Studio_Windows_64-9.3.0\plugins\org.apache.xmlbeans_3.1.0.jar;C:\Users\ho.hendy\.katalon\packages\Katalon_Studio_Windows_64-9.3.0\Katalon_Studio_Windows_64-9.3.0\plugins\com.kms.katalon.entity_1.0.0.202401301518.jar;C:\Users\ho.hendy\.katalon\packages\Katalon_Studio_Windows_64-9.3.0\Katalon_Studio_Windows_64-9.3.0\plugins\org.antlr.antlr4-runtime_4.8.0.jar;C:\Users\ho.hendy\.katalon\packages\Katalon_Studio_Windows_64-9.3.0\Katalon_Studio_Windows_64-9.3.0\plugins\com.networknt.json-schema-validator_1.0.66.jar;C:\Users\ho.hendy\.katalon\packages\Katalon_Studio_Windows_64-9.3.0\Katalon_Studio_Windows_64-9.3.0\plugins\jakarta.xml.ws-api_2.3.3.jar;C:\Users\ho.hendy\.katalon\packages\Katalon_Studio_Windows_64-9.3.0\Katalon_Studio_Windows_64-9.3.0\plugins\javax.xml.soap-api_1.4.0.jar;C:\Users\ho.hendy\.katalon\packages\Katalon_Studio_Windows_64-9.3.0\Katalon_Studio_Windows_64-9.3.0\plugins\com.kms.katalon.core.windows_1.0.0.202401301518.jar;C:\Users\ho.hendy\.katalon\packages\Katalon_Studio_Windows_64-9.3.0\Katalon_Studio_Windows_64-9.3.0\plugins\com.kms.katalon.core.testng_1.0.0.202401301518.jar;C:\Users\ho.hendy\.katalon\packages\Katalon_Studio_Windows_64-9.3.0\Katalon_Studio_Windows_64-9.3.0\configuration\org.eclipse.osgi\27\0\.cp\resources\basic-report\katalon-studio-report-plugin.jar;C:\Users\ho.hendy\.katalon\packages\Katalon_Studio_Windows_64-9.3.0\Katalon_Studio_Windows_64-9.3.0\plugins\org.codehaus.groovy_3.0.17.v202303311542-e2303\lib\groovy-3.0.17-indy.jar;C:\Users\ho.hendy\.katalon\packages\Katalon_Studio_Windows_64-9.3.0\Katalon_Studio_Windows_64-9.3.0\plugins\org.codehaus.groovy_3.0.17.v202303311542-e2303\lib\ivy-2.5.1.jar --main groovy.ui.GroovyMain --encoding UTF-8 --indy C:\Users\ho.hendy\Katalon Studio\Training My Sistem\Libs\TempTestCase1708672119952.groovy

Host: 11th Gen Intel(R) Core(TM) i5-1135G7 @ 2.40GHz, 8 cores, 7G,  Windows 10 , 64 bit Build 19041 (10.0.19041.3636)
Time: Fri Feb 23 14:08:46 2024 SE Asia Standard Time elapsed time: 4.912683 seconds (0d 0h 0m 4s)

---------------  T H R E A D  ---------------

Current thread (0x0000027635372d00):  VMThread "VM Thread" [stack: 0x0000008a82300000,0x0000008a82400000] [id=40748]

Stack: [0x0000008a82300000,0x0000008a82400000]
Native frames: (J=compiled Java code, j=interpreted, Vv=VM code, C=native code)
V  [jvm.dll+0x67754a]
V  [jvm.dll+0x834304]
V  [jvm.dll+0x835aae]
V  [jvm.dll+0x836113]
V  [jvm.dll+0x24696f]
V  [jvm.dll+0x6743f9]
V  [jvm.dll+0x668c8a]
V  [jvm.dll+0x3061bb]
V  [jvm.dll+0x30d6a6]
V  [jvm.dll+0x35cece]
V  [jvm.dll+0x35d0ff]
V  [jvm.dll+0x2dd048]
V  [jvm.dll+0x2db20c]
V  [jvm.dll+0x2da7dc]
V  [jvm.dll+0x32df2c]
V  [jvm.dll+0x83a5bb]
V  [jvm.dll+0x83b2f4]
V  [jvm.dll+0x83b80c]
V  [jvm.dll+0x83bbe4]
V  [jvm.dll+0x83bcb0]
V  [jvm.dll+0x7e4e7a]
V  [jvm.dll+0x676395]
C  [ucrtbase.dll+0x21bb2]
C  [KERNEL32.DLL+0x17344]
C  [ntdll.dll+0x526b1]

VM_Operation (0x0000008a81dfb280): CollectForMetadataAllocation, mode: safepoint, requested by thread 0x000002761b31e910


---------------  P R O C E S S  ---------------

Threads class SMR info:
_java_thread_list=0x000002763c6cef40, length=13, elements={
0x000002761b31e910, 0x0000027635398620, 0x00000276353995e0, 0x00000276353be290,
0x00000276353c1300, 0x00000276353c1f90, 0x00000276353c3f30, 0x00000276353c8020,
0x00000276353cc010, 0x00000276353cd0b0, 0x0000027635531770, 0x000002763a7fe8e0,
0x000002763ca36110
}

Java Threads: ( => current thread )
  0x000002761b31e910 JavaThread "main" [_thread_blocked, id=28848, stack(0x0000008a81d00000,0x0000008a81e00000)]
  0x0000027635398620 JavaThread "Reference Handler" daemon [_thread_blocked, id=41828, stack(0x0000008a82400000,0x0000008a82500000)]
  0x00000276353995e0 JavaThread "Finalizer" daemon [_thread_blocked, id=39016, stack(0x0000008a82500000,0x0000008a82600000)]
  0x00000276353be290 JavaThread "Signal Dispatcher" daemon [_thread_blocked, id=41124, stack(0x0000008a82600000,0x0000008a82700000)]
  0x00000276353c1300 JavaThread "Attach Listener" daemon [_thread_blocked, id=38280, stack(0x0000008a82700000,0x0000008a82800000)]
  0x00000276353c1f90 JavaThread "Service Thread" daemon [_thread_blocked, id=35372, stack(0x0000008a82800000,0x0000008a82900000)]
  0x00000276353c3f30 JavaThread "Monitor Deflation Thread" daemon [_thread_blocked, id=35808, stack(0x0000008a82900000,0x0000008a82a00000)]
  0x00000276353c8020 JavaThread "C2 CompilerThread0" daemon [_thread_blocked, id=40832, stack(0x0000008a82a00000,0x0000008a82b00000)]
  0x00000276353cc010 JavaThread "C1 CompilerThread0" daemon [_thread_blocked, id=32932, stack(0x0000008a82b00000,0x0000008a82c00000)]
  0x00000276353cd0b0 JavaThread "Sweeper thread" daemon [_thread_blocked, id=43108, stack(0x0000008a82c00000,0x0000008a82d00000)]
  0x0000027635531770 JavaThread "Common-Cleaner" daemon [_thread_blocked, id=34464, stack(0x0000008a82d00000,0x0000008a82e00000)]
  0x000002763a7fe8e0 JavaThread "Notification Thread" daemon [_thread_blocked, id=37200, stack(0x0000008a82e00000,0x0000008a82f00000)]
  0x000002763ca36110 JavaThread "C2 CompilerThread1" daemon [_thread_blocked, id=17788, stack(0x0000008a83000000,0x0000008a83100000)]

Other Threads:
=>0x0000027635372d00 VMThread "VM Thread" [stack: 0x0000008a82300000,0x0000008a82400000] [id=40748]
  0x000002763a9ab310 WatcherThread [stack: 0x0000008a82f00000,0x0000008a83000000] [id=34380]
  0x00000276328a19b0 GCTaskThread "GC Thread#0" [stack: 0x0000008a81e00000,0x0000008a81f00000] [id=20780]
  0x000002763a744190 GCTaskThread "GC Thread#1" [stack: 0x0000008a83100000,0x0000008a83200000] [id=40644]
  0x000002763a7a1b30 GCTaskThread "GC Thread#2" [stack: 0x0000008a83200000,0x0000008a83300000] [id=33608]
  0x000002763c1c1b50 GCTaskThread "GC Thread#3" [stack: 0x0000008a83300000,0x0000008a83400000] [id=41300]
  0x000002763bd7b010 GCTaskThread "GC Thread#4" [stack: 0x0000008a83400000,0x0000008a83500000] [id=12228]
  0x000002763ba660f0 GCTaskThread "GC Thread#5" [stack: 0x0000008a83500000,0x0000008a83600000] [id=41108]
  0x000002763c191300 GCTaskThread "GC Thread#6" [stack: 0x0000008a83600000,0x0000008a83700000] [id=39328]
  0x000002763bdc2bc0 GCTaskThread "GC Thread#7" [stack: 0x0000008a83700000,0x0000008a83800000] [id=14060]
  0x000002761b35e760 ConcurrentGCThread "G1 Main Marker" [stack: 0x0000008a81f00000,0x0000008a82000000] [id=35376]
  0x00000276328aedf0 ConcurrentGCThread "G1 Conc#0" [stack: 0x0000008a82000000,0x0000008a82100000] [id=34492]
  0x000002763b7cec50 ConcurrentGCThread "G1 Conc#1" [stack: 0x0000008a83800000,0x0000008a83900000] [id=20084]
  0x0000027632936930 ConcurrentGCThread "G1 Refine#0" [stack: 0x0000008a82100000,0x0000008a82200000] [id=31356]
  0x0000027632938fd0 ConcurrentGCThread "G1 Service" [stack: 0x0000008a82200000,0x0000008a82300000] [id=39924]

Threads with active compile tasks:
C2 CompilerThread0     5072 3887       4       groovyjarjarantlr4.v4.runtime.atn.LexerATNSimulator::closure (258 bytes)
C2 CompilerThread1     5072 3869       4       groovyjarjarantlr4.v4.runtime.atn.PredictionContext::getCachedContext (297 bytes)

VM state: at safepoint (normal execution)

VM Mutex/Monitor currently owned by a thread:  ([mutex/lock_event])
[0x000002761b31a9e0] Threads_lock - owner thread: 0x0000027635372d00
[0x000002761b319090] Heap_lock - owner thread: 0x000002761b31e910

Heap address: 0x0000000080000000, size: 2048 MB, Compressed Oops mode: 32-bit

CDS archive(s) not mapped
Compressed class space mapped at: 0x0000000100000000-0x0000000140000000, reserved size: 1073741824
Narrow klass base: 0x0000000000000000, Narrow klass shift: 3, Narrow klass range: 0x140000000

GC Precious Log:
 CPUs: 8 total, 8 available
 Memory: 7890M
 Large Page Support: Disabled
 NUMA Support: Disabled
 Compressed Oops: Enabled (32-bit)
 Heap Region Size: 1M
 Heap Min Capacity: 8M
 Heap Initial Capacity: 124M
 Heap Max Capacity: 2G
 Pre-touch: Disabled
 Parallel Workers: 8
 Concurrent Workers: 2
 Concurrent Refinement Workers: 8
 Periodic GC: Disabled

Heap:
 garbage-first heap   total 126976K, used 32243K [0x0000000080000000, 0x0000000100000000)
  region size 1024K, 5 young (5120K), 5 survivors (5120K)
 Metaspace       used 35678K, committed 36096K, reserved 1114112K
  class space    used 3785K, committed 3968K, reserved 1048576K

Heap Regions: E=young(eden), S=young(survivor), O=old, HS=humongous(starts), HC=humongous(continues), CS=collection set, F=free, OA=open archive, CA=closed archive, TAMS=top-at-mark-start (previous, next)
|   0|0x0000000080000000, 0x0000000080100000, 0x0000000080100000|100%|HS|  |TAMS 0x0000000080100000, 0x0000000080100000| Complete 
|   1|0x0000000080100000, 0x0000000080200000, 0x0000000080200000|100%|HS|  |TAMS 0x0000000080200000, 0x0000000080200000| Complete 
|   2|0x0000000080200000, 0x0000000080300000, 0x0000000080300000|100%|HS|  |TAMS 0x0000000080300000, 0x0000000080300000| Complete 
|   3|0x0000000080300000, 0x0000000080400000, 0x0000000080400000|100%|HC|  |TAMS 0x0000000080400000, 0x0000000080400000| Complete 
|   4|0x0000000080400000, 0x0000000080500000, 0x0000000080500000|100%| O|  |TAMS 0x0000000080500000, 0x0000000080500000| Untracked 
|   5|0x0000000080500000, 0x0000000080600000, 0x0000000080600000|100%| O|  |TAMS 0x0000000080600000, 0x0000000080600000| Untracked 
|   6|0x0000000080600000, 0x0000000080700000, 0x0000000080700000|100%| O|  |TAMS 0x0000000080700000, 0x0000000080700000| Untracked 
|   7|0x0000000080700000, 0x0000000080800000, 0x0000000080800000|100%| O|  |TAMS 0x0000000080800000, 0x0000000080800000| Untracked 
|   8|0x0000000080800000, 0x0000000080900000, 0x0000000080900000|100%| O|  |TAMS 0x0000000080900000, 0x0000000080900000| Untracked 
|   9|0x0000000080900000, 0x0000000080a00000, 0x0000000080a00000|100%| O|  |TAMS 0x0000000080a00000, 0x0000000080a00000| Untracked 
|  10|0x0000000080a00000, 0x0000000080b00000, 0x0000000080b00000|100%| O|  |TAMS 0x0000000080b00000, 0x0000000080b00000| Untracked 
|  11|0x0000000080b00000, 0x0000000080c00000, 0x0000000080c00000|100%| O|  |TAMS 0x0000000080c00000, 0x0000000080c00000| Untracked 
|  12|0x0000000080c00000, 0x0000000080d00000, 0x0000000080d00000|100%| O|  |TAMS 0x0000000080d00000, 0x0000000080d00000| Untracked 
|  13|0x0000000080d00000, 0x0000000080e00000, 0x0000000080e00000|100%| O|  |TAMS 0x0000000080d79800, 0x0000000080e00000| Untracked 
|  14|0x0000000080e00000, 0x0000000080f00000, 0x0000000080f00000|100%| O|  |TAMS 0x0000000080e00000, 0x0000000080f00000| Untracked 
|  15|0x0000000080f00000, 0x0000000081000000, 0x0000000081000000|100%| O|  |TAMS 0x0000000080f00000, 0x0000000081000000| Untracked 
|  16|0x0000000081000000, 0x0000000081100000, 0x0000000081100000|100%| O|  |TAMS 0x0000000081000000, 0x0000000081100000| Untracked 
|  17|0x0000000081100000, 0x0000000081200000, 0x0000000081200000|100%| O|  |TAMS 0x0000000081100000, 0x0000000081100000| Untracked 
|  18|0x0000000081200000, 0x0000000081300000, 0x0000000081300000|100%| O|  |TAMS 0x0000000081200000, 0x0000000081300000| Untracked 
|  19|0x0000000081300000, 0x0000000081400000, 0x0000000081400000|100%| O|  |TAMS 0x0000000081300000, 0x0000000081400000| Untracked 
|  20|0x0000000081400000, 0x0000000081500000, 0x0000000081500000|100%| O|  |TAMS 0x0000000081400000, 0x0000000081500000| Untracked 
|  21|0x0000000081500000, 0x0000000081600000, 0x0000000081600000|100%| O|  |TAMS 0x0000000081500000, 0x0000000081600000| Untracked 
|  22|0x0000000081600000, 0x0000000081700000, 0x0000000081700000|100%| O|  |TAMS 0x0000000081600000, 0x0000000081700000| Untracked 
|  23|0x0000000081700000, 0x000000008177ce00, 0x0000000081800000| 48%| O|  |TAMS 0x0000000081700000, 0x0000000081700000| Untracked 
|  24|0x0000000081800000, 0x0000000081800000, 0x0000000081900000|  0%| F|  |TAMS 0x0000000081800000, 0x0000000081800000| Untracked 
|  25|0x0000000081900000, 0x0000000081a00000, 0x0000000081a00000|100%| O|  |TAMS 0x0000000081900000, 0x0000000081a00000| Untracked 
|  26|0x0000000081a00000, 0x0000000081b00000, 0x0000000081b00000|100%| O|  |TAMS 0x0000000081a00000, 0x0000000081b00000| Untracked 
|  27|0x0000000081b00000, 0x0000000081c00000, 0x0000000081c00000|100%| O|  |TAMS 0x0000000081b00000, 0x0000000081ba3c00| Untracked 
|  28|0x0000000081c00000, 0x0000000081c00000, 0x0000000081d00000|  0%| F|  |TAMS 0x0000000081c00000, 0x0000000081c00000| Untracked 
|  29|0x0000000081d00000, 0x0000000081d00000, 0x0000000081e00000|  0%| F|  |TAMS 0x0000000081d00000, 0x0000000081d00000| Untracked 
|  30|0x0000000081e00000, 0x0000000081e00000, 0x0000000081f00000|  0%| F|  |TAMS 0x0000000081e00000, 0x0000000081e00000| Untracked 
|  31|0x0000000081f00000, 0x0000000081f00000, 0x0000000082000000|  0%| F|  |TAMS 0x0000000081f00000, 0x0000000081f00000| Untracked 
|  32|0x0000000082000000, 0x0000000082000000, 0x0000000082100000|  0%| F|  |TAMS 0x0000000082000000, 0x0000000082000000| Untracked 
|  33|0x0000000082100000, 0x0000000082100000, 0x0000000082200000|  0%| F|  |TAMS 0x0000000082100000, 0x0000000082100000| Untracked 
|  34|0x0000000082200000, 0x0000000082200000, 0x0000000082300000|  0%| F|  |TAMS 0x0000000082200000, 0x0000000082200000| Untracked 
|  35|0x0000000082300000, 0x0000000082300000, 0x0000000082400000|  0%| F|  |TAMS 0x0000000082300000, 0x0000000082300000| Untracked 
|  36|0x0000000082400000, 0x0000000082400000, 0x0000000082500000|  0%| F|  |TAMS 0x0000000082400000, 0x0000000082400000| Untracked 
|  37|0x0000000082500000, 0x0000000082500000, 0x0000000082600000|  0%| F|  |TAMS 0x0000000082500000, 0x0000000082500000| Untracked 
|  38|0x0000000082600000, 0x0000000082600000, 0x0000000082700000|  0%| F|  |TAMS 0x0000000082600000, 0x0000000082600000| Untracked 
|  39|0x0000000082700000, 0x0000000082700000, 0x0000000082800000|  0%| F|  |TAMS 0x0000000082700000, 0x0000000082700000| Untracked 
|  40|0x0000000082800000, 0x0000000082800000, 0x0000000082900000|  0%| F|  |TAMS 0x0000000082800000, 0x0000000082800000| Untracked 
|  41|0x0000000082900000, 0x0000000082900000, 0x0000000082a00000|  0%| F|  |TAMS 0x0000000082900000, 0x0000000082900000| Untracked 
|  42|0x0000000082a00000, 0x0000000082a00000, 0x0000000082b00000|  0%| F|  |TAMS 0x0000000082a00000, 0x0000000082a00000| Untracked 
|  43|0x0000000082b00000, 0x0000000082b00000, 0x0000000082c00000|  0%| F|  |TAMS 0x0000000082b00000, 0x0000000082b00000| Untracked 
|  44|0x0000000082c00000, 0x0000000082c00000, 0x0000000082d00000|  0%| F|  |TAMS 0x0000000082c00000, 0x0000000082c00000| Untracked 
|  45|0x0000000082d00000, 0x0000000082d00000, 0x0000000082e00000|  0%| F|  |TAMS 0x0000000082d00000, 0x0000000082d00000| Untracked 
|  46|0x0000000082e00000, 0x0000000082e00000, 0x0000000082f00000|  0%| F|  |TAMS 0x0000000082e00000, 0x0000000082e00000| Untracked 
|  47|0x0000000082f00000, 0x0000000082f00000, 0x0000000083000000|  0%| F|  |TAMS 0x0000000082f00000, 0x0000000082f00000| Untracked 
|  48|0x0000000083000000, 0x0000000083000000, 0x0000000083100000|  0%| F|  |TAMS 0x0000000083000000, 0x0000000083000000| Untracked 
|  49|0x0000000083100000, 0x0000000083100000, 0x0000000083200000|  0%| F|  |TAMS 0x0000000083100000, 0x0000000083100000| Untracked 
|  50|0x0000000083200000, 0x0000000083200000, 0x0000000083300000|  0%| F|  |TAMS 0x0000000083200000, 0x0000000083200000| Untracked 
|  51|0x0000000083300000, 0x0000000083300000, 0x0000000083400000|  0%| F|  |TAMS 0x0000000083300000, 0x0000000083300000| Untracked 
|  52|0x0000000083400000, 0x0000000083400000, 0x0000000083500000|  0%| F|  |TAMS 0x0000000083400000, 0x0000000083400000| Untracked 
|  53|0x0000000083500000, 0x0000000083600000, 0x0000000083600000|100%| S|CS|TAMS 0x0000000083500000, 0x0000000083500000| Complete 
|  54|0x0000000083600000, 0x0000000083700000, 0x0000000083700000|100%| S|CS|TAMS 0x0000000083600000, 0x0000000083600000| Complete 
|  55|0x0000000083700000, 0x0000000083800000, 0x0000000083800000|100%| S|CS|TAMS 0x0000000083700000, 0x0000000083700000| Complete 
|  56|0x0000000083800000, 0x0000000083900000, 0x0000000083900000|100%| S|CS|TAMS 0x0000000083800000, 0x0000000083800000| Complete 
|  57|0x0000000083900000, 0x0000000083a00000, 0x0000000083a00000|100%| S|CS|TAMS 0x0000000083900000, 0x0000000083900000| Complete 
|  58|0x0000000083a00000, 0x0000000083a00000, 0x0000000083b00000|  0%| F|  |TAMS 0x0000000083a00000, 0x0000000083a00000| Untracked 
|  59|0x0000000083b00000, 0x0000000083b00000, 0x0000000083c00000|  0%| F|  |TAMS 0x0000000083b00000, 0x0000000083b00000| Untracked 
|  60|0x0000000083c00000, 0x0000000083c00000, 0x0000000083d00000|  0%| F|  |TAMS 0x0000000083c00000, 0x0000000083c00000| Untracked 
|  61|0x0000000083d00000, 0x0000000083d00000, 0x0000000083e00000|  0%| F|  |TAMS 0x0000000083d00000, 0x0000000083d00000| Untracked 
|  62|0x0000000083e00000, 0x0000000083e00000, 0x0000000083f00000|  0%| F|  |TAMS 0x0000000083e00000, 0x0000000083e00000| Untracked 
|  63|0x0000000083f00000, 0x0000000083f00000, 0x0000000084000000|  0%| F|  |TAMS 0x0000000083f00000, 0x0000000083f00000| Untracked 
|  64|0x0000000084000000, 0x0000000084000000, 0x0000000084100000|  0%| F|  |TAMS 0x0000000084000000, 0x0000000084000000| Untracked 
|  65|0x0000000084100000, 0x0000000084100000, 0x0000000084200000|  0%| F|  |TAMS 0x0000000084100000, 0x0000000084100000| Untracked 
|  66|0x0000000084200000, 0x0000000084200000, 0x0000000084300000|  0%| F|  |TAMS 0x0000000084200000, 0x0000000084200000| Untracked 
|  67|0x0000000084300000, 0x0000000084300000, 0x0000000084400000|  0%| F|  |TAMS 0x0000000084300000, 0x0000000084300000| Untracked 
|  68|0x0000000084400000, 0x0000000084400000, 0x0000000084500000|  0%| F|  |TAMS 0x0000000084400000, 0x0000000084400000| Untracked 
|  69|0x0000000084500000, 0x0000000084500000, 0x0000000084600000|  0%| F|  |TAMS 0x0000000084500000, 0x0000000084500000| Untracked 
|  70|0x0000000084600000, 0x0000000084600000, 0x0000000084700000|  0%| F|  |TAMS 0x0000000084600000, 0x0000000084600000| Untracked 
|  71|0x0000000084700000, 0x0000000084700000, 0x0000000084800000|  0%| F|  |TAMS 0x0000000084700000, 0x0000000084700000| Untracked 
|  72|0x0000000084800000, 0x0000000084800000, 0x0000000084900000|  0%| F|  |TAMS 0x0000000084800000, 0x0000000084800000| Untracked 
|  73|0x0000000084900000, 0x0000000084900000, 0x0000000084a00000|  0%| F|  |TAMS 0x0000000084900000, 0x0000000084900000| Untracked 
|  74|0x0000000084a00000, 0x0000000084a00000, 0x0000000084b00000|  0%| F|  |TAMS 0x0000000084a00000, 0x0000000084a00000| Untracked 
|  75|0x0000000084b00000, 0x0000000084b00000, 0x0000000084c00000|  0%| F|  |TAMS 0x0000000084b00000, 0x0000000084b00000| Untracked 
|  76|0x0000000084c00000, 0x0000000084c00000, 0x0000000084d00000|  0%| F|  |TAMS 0x0000000084c00000, 0x0000000084c00000| Untracked 
|  77|0x0000000084d00000, 0x0000000084d00000, 0x0000000084e00000|  0%| F|  |TAMS 0x0000000084d00000, 0x0000000084d00000| Untracked 
|  78|0x0000000084e00000, 0x0000000084e00000, 0x0000000084f00000|  0%| F|  |TAMS 0x0000000084e00000, 0x0000000084e00000| Untracked 
|  79|0x0000000084f00000, 0x0000000084f00000, 0x0000000085000000|  0%| F|  |TAMS 0x0000000084f00000, 0x0000000084f00000| Untracked 
|  80|0x0000000085000000, 0x0000000085000000, 0x0000000085100000|  0%| F|  |TAMS 0x0000000085000000, 0x0000000085000000| Untracked 
|  81|0x0000000085100000, 0x0000000085100000, 0x0000000085200000|  0%| F|  |TAMS 0x0000000085100000, 0x0000000085100000| Untracked 
|  82|0x0000000085200000, 0x0000000085200000, 0x0000000085300000|  0%| F|  |TAMS 0x0000000085200000, 0x0000000085200000| Untracked 
|  83|0x0000000085300000, 0x0000000085300000, 0x0000000085400000|  0%| F|  |TAMS 0x0000000085300000, 0x0000000085300000| Untracked 
|  84|0x0000000085400000, 0x0000000085400000, 0x0000000085500000|  0%| F|  |TAMS 0x0000000085400000, 0x0000000085400000| Untracked 
|  85|0x0000000085500000, 0x0000000085500000, 0x0000000085600000|  0%| F|  |TAMS 0x0000000085500000, 0x0000000085500000| Untracked 
|  86|0x0000000085600000, 0x0000000085600000, 0x0000000085700000|  0%| F|  |TAMS 0x0000000085600000, 0x0000000085600000| Untracked 
|  87|0x0000000085700000, 0x0000000085700000, 0x0000000085800000|  0%| F|  |TAMS 0x0000000085700000, 0x0000000085700000| Untracked 
|  88|0x0000000085800000, 0x0000000085800000, 0x0000000085900000|  0%| F|  |TAMS 0x0000000085800000, 0x0000000085800000| Untracked 
|  89|0x0000000085900000, 0x0000000085900000, 0x0000000085a00000|  0%| F|  |TAMS 0x0000000085900000, 0x0000000085900000| Untracked 
|  90|0x0000000085a00000, 0x0000000085a00000, 0x0000000085b00000|  0%| F|  |TAMS 0x0000000085a00000, 0x0000000085a00000| Untracked 
|  91|0x0000000085b00000, 0x0000000085b00000, 0x0000000085c00000|  0%| F|  |TAMS 0x0000000085b00000, 0x0000000085b00000| Untracked 
|  92|0x0000000085c00000, 0x0000000085c00000, 0x0000000085d00000|  0%| F|  |TAMS 0x0000000085c00000, 0x0000000085c00000| Untracked 
|  93|0x0000000085d00000, 0x0000000085d00000, 0x0000000085e00000|  0%| F|  |TAMS 0x0000000085d00000, 0x0000000085d00000| Untracked 
|  94|0x0000000085e00000, 0x0000000085e00000, 0x0000000085f00000|  0%| F|  |TAMS 0x0000000085e00000, 0x0000000085e00000| Untracked 
|  95|0x0000000085f00000, 0x0000000085f00000, 0x0000000086000000|  0%| F|  |TAMS 0x0000000085f00000, 0x0000000085f00000| Untracked 
|  96|0x0000000086000000, 0x0000000086000000, 0x0000000086100000|  0%| F|  |TAMS 0x0000000086000000, 0x0000000086000000| Untracked 
|  97|0x0000000086100000, 0x0000000086100000, 0x0000000086200000|  0%| F|  |TAMS 0x0000000086100000, 0x0000000086100000| Untracked 
|  98|0x0000000086200000, 0x0000000086200000, 0x0000000086300000|  0%| F|  |TAMS 0x0000000086200000, 0x0000000086200000| Untracked 
|  99|0x0000000086300000, 0x0000000086300000, 0x0000000086400000|  0%| F|  |TAMS 0x0000000086300000, 0x0000000086300000| Untracked 
| 100|0x0000000086400000, 0x0000000086400000, 0x0000000086500000|  0%| F|  |TAMS 0x0000000086400000, 0x0000000086400000| Untracked 
| 101|0x0000000086500000, 0x0000000086500000, 0x0000000086600000|  0%| F|  |TAMS 0x0000000086500000, 0x0000000086500000| Untracked 
| 102|0x0000000086600000, 0x0000000086600000, 0x0000000086700000|  0%| F|  |TAMS 0x0000000086600000, 0x0000000086600000| Untracked 
| 103|0x0000000086700000, 0x0000000086700000, 0x0000000086800000|  0%| F|  |TAMS 0x0000000086700000, 0x0000000086700000| Untracked 
| 104|0x0000000086800000, 0x0000000086800000, 0x0000000086900000|  0%| F|  |TAMS 0x0000000086800000, 0x0000000086800000| Untracked 
| 105|0x0000000086900000, 0x0000000086900000, 0x0000000086a00000|  0%| F|  |TAMS 0x0000000086900000, 0x0000000086900000| Untracked 
| 106|0x0000000086a00000, 0x0000000086a00000, 0x0000000086b00000|  0%| F|  |TAMS 0x0000000086a00000, 0x0000000086a00000| Untracked 
| 107|0x0000000086b00000, 0x0000000086b00000, 0x0000000086c00000|  0%| F|  |TAMS 0x0000000086b00000, 0x0000000086b00000| Untracked 
| 108|0x0000000086c00000, 0x0000000086c00000, 0x0000000086d00000|  0%| F|  |TAMS 0x0000000086c00000, 0x0000000086c00000| Untracked 
| 109|0x0000000086d00000, 0x0000000086d00000, 0x0000000086e00000|  0%| F|  |TAMS 0x0000000086d00000, 0x0000000086d00000| Untracked 
| 110|0x0000000086e00000, 0x0000000086e00000, 0x0000000086f00000|  0%| F|  |TAMS 0x0000000086e00000, 0x0000000086e00000| Untracked 
| 111|0x0000000086f00000, 0x0000000086f00000, 0x0000000087000000|  0%| F|  |TAMS 0x0000000086f00000, 0x0000000086f00000| Untracked 
| 112|0x0000000087000000, 0x0000000087000000, 0x0000000087100000|  0%| F|  |TAMS 0x0000000087000000, 0x0000000087000000| Untracked 
| 113|0x0000000087100000, 0x0000000087100000, 0x0000000087200000|  0%| F|  |TAMS 0x0000000087100000, 0x0000000087100000| Untracked 
| 114|0x0000000087200000, 0x0000000087200000, 0x0000000087300000|  0%| F|  |TAMS 0x0000000087200000, 0x0000000087200000| Untracked 
| 115|0x0000000087300000, 0x0000000087300000, 0x0000000087400000|  0%| F|  |TAMS 0x0000000087300000, 0x0000000087300000| Untracked 
| 116|0x0000000087400000, 0x0000000087400000, 0x0000000087500000|  0%| F|  |TAMS 0x0000000087400000, 0x0000000087400000| Untracked 
| 117|0x0000000087500000, 0x0000000087500000, 0x0000000087600000|  0%| F|  |TAMS 0x0000000087500000, 0x0000000087500000| Untracked 
| 118|0x0000000087600000, 0x0000000087600000, 0x0000000087700000|  0%| F|  |TAMS 0x0000000087600000, 0x0000000087600000| Untracked 
| 119|0x0000000087700000, 0x0000000087700000, 0x0000000087800000|  0%| F|  |TAMS 0x0000000087700000, 0x0000000087700000| Untracked 
| 120|0x0000000087800000, 0x0000000087800000, 0x0000000087900000|  0%| F|  |TAMS 0x0000000087800000, 0x0000000087800000| Untracked 
| 121|0x0000000087900000, 0x0000000087900000, 0x0000000087a00000|  0%| F|  |TAMS 0x0000000087900000, 0x0000000087900000| Untracked 
| 122|0x0000000087a00000, 0x0000000087a00000, 0x0000000087b00000|  0%| F|  |TAMS 0x0000000087a00000, 0x0000000087a00000| Untracked 
| 123|0x0000000087b00000, 0x0000000087b00000, 0x0000000087c00000|  0%| F|  |TAMS 0x0000000087b00000, 0x0000000087b00000| Untracked 

Card table byte_map: [0x000002762e080000,0x000002762e480000] _byte_map_base: 0x000002762dc80000

Marking Bits (Prev, Next): (CMBitMap*) 0x000002761b35a020, (CMBitMap*) 0x000002761b359fe0
 Prev Bits: [0x0000027630880000, 0x0000027632880000)
 Next Bits: [0x000002762e880000, 0x0000027630880000)

Polling page: 0x0000027619ce0000

Metaspace:

Usage:
  Non-class:     31.15 MB used.
      Class:      3.70 MB used.
       Both:     34.84 MB used.

Virtual space:
  Non-class space:       64.00 MB reserved,      31.38 MB ( 49%) committed,  1 nodes.
      Class space:        1.00 GB reserved,       3.88 MB ( <1%) committed,  1 nodes.
             Both:        1.06 GB reserved,      35.25 MB (  3%) committed. 

Chunk freelists:
   Non-Class:  16.00 MB
       Class:  12.08 MB
        Both:  28.08 MB

MaxMetaspaceSize: unlimited
CompressedClassSpaceSize: 1.00 GB
Initial GC threshold: 21.00 MB
Current GC threshold: 35.25 MB
CDS: off
MetaspaceReclaimPolicy: balanced
 - commit_granule_bytes: 65536.
 - commit_granule_words: 8192.
 - virtual_space_node_default_size: 8388608.
 - enlarge_chunks_in_place: 1.
 - new_chunks_are_fully_committed: 0.
 - uncommit_free_chunks: 1.
 - use_allocation_guard: 0.
 - handle_deallocations: 1.


Internal statistics:

num_allocs_failed_limit: 6.
num_arena_births: 548.
num_arena_deaths: 0.
num_vsnodes_births: 2.
num_vsnodes_deaths: 0.
num_space_committed: 564.
num_space_uncommitted: 0.
num_chunks_returned_to_freelist: 6.
num_chunks_taken_from_freelist: 1352.
num_chunk_merges: 6.
num_chunk_splits: 914.
num_chunks_enlarged: 611.
num_inconsistent_stats: 0.

CodeHeap 'non-profiled nmethods': size=120000Kb used=2586Kb max_used=2586Kb free=117413Kb
 bounds [0x0000027626420000, 0x00000276266b0000, 0x000002762d950000]
CodeHeap 'profiled nmethods': size=120000Kb used=8235Kb max_used=8235Kb free=111764Kb
 bounds [0x000002761e950000, 0x000002761f160000, 0x0000027625e80000]
CodeHeap 'non-nmethods': size=5760Kb used=2305Kb max_used=2355Kb free=3454Kb
 bounds [0x0000027625e80000, 0x00000276260f0000, 0x0000027626420000]
 total_blobs=5017 nmethods=4216 adapters=713
 compilation: enabled
              stopped_count=0, restarted_count=0
 full_count=0

Compilation events (20 events):
Event: 4.860 Thread 0x00000276353cc010 4235       2       org.codehaus.groovy.reflection.CachedMethod::find (30 bytes)
Event: 4.860 Thread 0x00000276353cc010 nmethod 4235 0x000002761f155690 code [0x000002761f155880, 0x000002761f155b38]
Event: 4.860 Thread 0x00000276353cc010 4237       2       groovy.lang.MetaMethod::equal (38 bytes)
Event: 4.860 Thread 0x00000276353cc010 nmethod 4237 0x000002761f155d90 code [0x000002761f155f40, 0x000002761f156138]
Event: 4.860 Thread 0x00000276353cc010 4236       2       groovy.lang.MetaClassImpl::findMethod (130 bytes)
Event: 4.861 Thread 0x00000276353cc010 nmethod 4236 0x000002761f156290 code [0x000002761f1564c0, 0x000002761f1569d8]
Event: 4.862 Thread 0x00000276353cc010 4238   !   3       java.util.zip.ZipFile::getEntry (59 bytes)
Event: 4.863 Thread 0x00000276353cc010 nmethod 4238 0x000002761f156e10 code [0x000002761f157000, 0x000002761f157458]
Event: 4.863 Thread 0x00000276353cc010 4239   !   3       java.util.zip.ZipFile$Source::getEntryPos (173 bytes)
Event: 4.864 Thread 0x00000276353cc010 nmethod 4239 0x000002761f157710 code [0x000002761f157a00, 0x000002761f158aa8]
Event: 4.864 Thread 0x00000276353cc010 4241       2       java.util.regex.Matcher::match (154 bytes)
Event: 4.864 Thread 0x00000276353cc010 nmethod 4241 0x000002761f159490 code [0x000002761f159640, 0x000002761f159918]
Event: 4.871 Thread 0x00000276353cc010 4243       2       java.util.regex.Pattern$CharPredicate$$Lambda$6/0x000000010008bf50::is (11 bytes)
Event: 4.871 Thread 0x00000276353cc010 nmethod 4243 0x000002761f159b10 code [0x000002761f159cc0, 0x000002761f159e68]
Event: 4.871 Thread 0x00000276353cc010 4244       2       java.util.regex.Pattern$CharPredicate::lambda$negate$3 (16 bytes)
Event: 4.871 Thread 0x00000276353cc010 nmethod 4244 0x000002761f159f90 code [0x000002761f15a120, 0x000002761f15a268]
Event: 4.877 Thread 0x00000276353cc010 4245       3       java.util.regex.Matcher::getTextLength (10 bytes)
Event: 4.877 Thread 0x00000276353cc010 nmethod 4245 0x000002761f15a310 code [0x000002761f15a4c0, 0x000002761f15a688]
Event: 4.893 Thread 0x00000276353cc010 4248       3       java.util.regex.Pattern$CharPredicate$$Lambda$6/0x000000010008bf50::is (11 bytes)
Event: 4.894 Thread 0x00000276353cc010 nmethod 4248 0x000002761f15a790 code [0x000002761f15a940, 0x000002761f15ac88]

GC Heap History (20 events):
Event: 1.246 GC heap after
{Heap after GC invocations=1 (full 0):
 garbage-first heap   total 126976K, used 13696K [0x0000000080000000, 0x0000000100000000)
  region size 1024K, 3 young (3072K), 3 survivors (3072K)
 Metaspace       used 6791K, committed 6976K, reserved 1114112K
  class space    used 526K, committed 640K, reserved 1048576K
}
Event: 1.792 GC heap before
{Heap before GC invocations=1 (full 0):
 garbage-first heap   total 126976K, used 36224K [0x0000000080000000, 0x0000000100000000)
  region size 1024K, 25 young (25600K), 3 survivors (3072K)
 Metaspace       used 12034K, committed 12288K, reserved 1114112K
  class space    used 1022K, committed 1152K, reserved 1048576K
}
Event: 1.799 GC heap after
{Heap after GC invocations=2 (full 0):
 garbage-first heap   total 126976K, used 16375K [0x0000000080000000, 0x0000000100000000)
  region size 1024K, 3 young (3072K), 3 survivors (3072K)
 Metaspace       used 12034K, committed 12288K, reserved 1114112K
  class space    used 1022K, committed 1152K, reserved 1048576K
}
Event: 2.287 GC heap before
{Heap before GC invocations=2 (full 0):
 garbage-first heap   total 126976K, used 58359K [0x0000000080000000, 0x0000000100000000)
  region size 1024K, 42 young (43008K), 3 survivors (3072K)
 Metaspace       used 17190K, committed 17344K, reserved 1114112K
  class space    used 1608K, committed 1664K, reserved 1048576K
}
Event: 2.294 GC heap after
{Heap after GC invocations=3 (full 0):
 garbage-first heap   total 126976K, used 21331K [0x0000000080000000, 0x0000000100000000)
  region size 1024K, 6 young (6144K), 6 survivors (6144K)
 Metaspace       used 17190K, committed 17344K, reserved 1114112K
  class space    used 1608K, committed 1664K, reserved 1048576K
}
Event: 2.660 GC heap before
{Heap before GC invocations=3 (full 0):
 garbage-first heap   total 126976K, used 47955K [0x0000000080000000, 0x0000000100000000)
  region size 1024K, 33 young (33792K), 6 survivors (6144K)
 Metaspace       used 21369K, committed 21504K, reserved 1114112K
  class space    used 2243K, committed 2304K, reserved 1048576K
}
Event: 2.667 GC heap after
{Heap after GC invocations=4 (full 0):
 garbage-first heap   total 126976K, used 21326K [0x0000000080000000, 0x0000000100000000)
  region size 1024K, 5 young (5120K), 5 survivors (5120K)
 Metaspace       used 21369K, committed 21504K, reserved 1114112K
  class space    used 2243K, committed 2304K, reserved 1048576K
}
Event: 2.876 GC heap before
{Heap before GC invocations=5 (full 0):
 garbage-first heap   total 75776K, used 59214K [0x0000000080000000, 0x0000000100000000)
  region size 1024K, 43 young (44032K), 5 survivors (5120K)
 Metaspace       used 22080K, committed 22336K, reserved 1114112K
  class space    used 2312K, committed 2432K, reserved 1048576K
}
Event: 2.887 GC heap after
{Heap after GC invocations=6 (full 0):
 garbage-first heap   total 75776K, used 22369K [0x0000000080000000, 0x0000000100000000)
  region size 1024K, 3 young (3072K), 3 survivors (3072K)
 Metaspace       used 22080K, committed 22336K, reserved 1114112K
  class space    used 2312K, committed 2432K, reserved 1048576K
}
Event: 2.888 GC heap before
{Heap before GC invocations=6 (full 0):
 garbage-first heap   total 75776K, used 23393K [0x0000000080000000, 0x0000000100000000)
  region size 1024K, 4 young (4096K), 3 survivors (3072K)
 Metaspace       used 22080K, committed 22336K, reserved 1114112K
  class space    used 2312K, committed 2432K, reserved 1048576K
}
Event: 2.893 GC heap after
{Heap after GC invocations=7 (full 0):
 garbage-first heap   total 96256K, used 22045K [0x0000000080000000, 0x0000000100000000)
  region size 1024K, 1 young (1024K), 1 survivors (1024K)
 Metaspace       used 22080K, committed 22336K, reserved 1114112K
  class space    used 2312K, committed 2432K, reserved 1048576K
}
Event: 3.624 GC heap before
{Heap before GC invocations=7 (full 0):
 garbage-first heap   total 96256K, used 68125K [0x0000000080000000, 0x0000000100000000)
  region size 1024K, 46 young (47104K), 1 survivors (1024K)
 Metaspace       used 27572K, committed 27904K, reserved 1114112K
  class space    used 2878K, committed 3008K, reserved 1048576K
}
Event: 3.629 GC heap after
{Heap after GC invocations=8 (full 0):
 garbage-first heap   total 96256K, used 25326K [0x0000000080000000, 0x0000000100000000)
  region size 1024K, 4 young (4096K), 4 survivors (4096K)
 Metaspace       used 27572K, committed 27904K, reserved 1114112K
  class space    used 2878K, committed 3008K, reserved 1048576K
}
Event: 4.136 GC heap before
{Heap before GC invocations=8 (full 0):
 garbage-first heap   total 96256K, used 72430K [0x0000000080000000, 0x0000000100000000)
  region size 1024K, 48 young (49152K), 4 survivors (4096K)
 Metaspace       used 32612K, committed 32896K, reserved 1114112K
  class space    used 3437K, committed 3584K, reserved 1048576K
}
Event: 4.143 GC heap after
{Heap after GC invocations=9 (full 0):
 garbage-first heap   total 96256K, used 27279K [0x0000000080000000, 0x0000000100000000)
  region size 1024K, 2 young (2048K), 2 survivors (2048K)
 Metaspace       used 32612K, committed 32896K, reserved 1114112K
  class space    used 3437K, committed 3584K, reserved 1048576K
}
Event: 4.287 GC heap before
{Heap before GC invocations=9 (full 0):
 garbage-first heap   total 96256K, used 72335K [0x0000000080000000, 0x0000000100000000)
  region size 1024K, 46 young (47104K), 2 survivors (2048K)
 Metaspace       used 32775K, committed 33152K, reserved 1114112K
  class space    used 3459K, committed 3648K, reserved 1048576K
}
Event: 4.291 GC heap after
{Heap after GC invocations=10 (full 0):
 garbage-first heap   total 96256K, used 27700K [0x0000000080000000, 0x0000000100000000)
  region size 1024K, 3 young (3072K), 3 survivors (3072K)
 Metaspace       used 32775K, committed 33152K, reserved 1114112K
  class space    used 3459K, committed 3648K, reserved 1048576K
}
Event: 4.741 GC heap before
{Heap before GC invocations=10 (full 0):
 garbage-first heap   total 96256K, used 74804K [0x0000000080000000, 0x0000000100000000)
  region size 1024K, 49 young (50176K), 3 survivors (3072K)
 Metaspace       used 34893K, committed 35264K, reserved 1114112K
  class space    used 3689K, committed 3840K, reserved 1048576K
}
Event: 4.747 GC heap after
{Heap after GC invocations=11 (full 0):
 garbage-first heap   total 96256K, used 29544K [0x0000000080000000, 0x0000000100000000)
  region size 1024K, 5 young (5120K), 5 survivors (5120K)
 Metaspace       used 34893K, committed 35264K, reserved 1114112K
  class space    used 3689K, committed 3840K, reserved 1048576K
}
Event: 4.900 GC heap before
{Heap before GC invocations=11 (full 0):
 garbage-first heap   total 96256K, used 65384K [0x0000000080000000, 0x0000000100000000)
  region size 1024K, 41 young (41984K), 5 survivors (5120K)
 Metaspace       used 35678K, committed 36096K, reserved 1114112K
  class space    used 3785K, committed 3968K, reserved 1048576K
}

Dll operation events (6 events):
Event: 0.393 Loaded shared library C:\Users\ho.hendy\.katalon\packages\Katalon_Studio_Windows_64-9.3.0\Katalon_Studio_Windows_64-9.3.0\jre\bin\java.dll
Event: 0.745 Loaded shared library C:\Users\ho.hendy\.katalon\packages\Katalon_Studio_Windows_64-9.3.0\Katalon_Studio_Windows_64-9.3.0\jre\bin\net.dll
Event: 0.751 Loaded shared library C:\Users\ho.hendy\.katalon\packages\Katalon_Studio_Windows_64-9.3.0\Katalon_Studio_Windows_64-9.3.0\jre\bin\nio.dll
Event: 0.760 Loaded shared library C:\Users\ho.hendy\.katalon\packages\Katalon_Studio_Windows_64-9.3.0\Katalon_Studio_Windows_64-9.3.0\jre\bin\zip.dll
Event: 1.296 Loaded shared library C:\Users\ho.hendy\.katalon\packages\Katalon_Studio_Windows_64-9.3.0\Katalon_Studio_Windows_64-9.3.0\jre\bin\verify.dll
Event: 1.505 Loaded shared library C:\Users\ho.hendy\.katalon\packages\Katalon_Studio_Windows_64-9.3.0\Katalon_Studio_Windows_64-9.3.0\jre\bin\jimage.dll

Deoptimization events (20 events):
Event: 4.771 Thread 0x000002761b31e910 DEOPT PACKING pc=0x0000027626660ed8 sp=0x0000008a81dfc0a0
Event: 4.771 Thread 0x000002761b31e910 DEOPT UNPACKING pc=0x0000027625eda1a3 sp=0x0000008a81dfc038 mode 2
Event: 4.775 Thread 0x000002761b31e910 Uncommon trap: trap_request=0xffffffde fr.pc=0x0000027626660ed8 relative=0x0000000000000158
Event: 4.775 Thread 0x000002761b31e910 Uncommon trap: reason=class_check action=maybe_recompile pc=0x0000027626660ed8 method=java.lang.reflect.Array.newInstance(Ljava/lang/Class;I)Ljava/lang/Object; @ 2 c2
Event: 4.775 Thread 0x000002761b31e910 DEOPT PACKING pc=0x0000027626660ed8 sp=0x0000008a81dfc0a0
Event: 4.775 Thread 0x000002761b31e910 DEOPT UNPACKING pc=0x0000027625eda1a3 sp=0x0000008a81dfc038 mode 2
Event: 4.814 Thread 0x000002761b31e910 Uncommon trap: trap_request=0xffffffde fr.pc=0x00000276265129ac relative=0x00000000000004cc
Event: 4.814 Thread 0x000002761b31e910 Uncommon trap: reason=class_check action=maybe_recompile pc=0x00000276265129ac method=java.util.regex.Matcher.search(I)Z @ 121 c2
Event: 4.814 Thread 0x000002761b31e910 DEOPT PACKING pc=0x00000276265129ac sp=0x0000008a81dfc580
Event: 4.814 Thread 0x000002761b31e910 DEOPT UNPACKING pc=0x0000027625eda1a3 sp=0x0000008a81dfc4c8 mode 2
Event: 4.839 Thread 0x000002761b31e910 DEOPT PACKING pc=0x000002761ee244e5 sp=0x0000008a81dfb0d0
Event: 4.839 Thread 0x000002761b31e910 DEOPT UNPACKING pc=0x0000027625edace3 sp=0x0000008a81dfa558 mode 0
Event: 4.862 Thread 0x000002761b31e910 Uncommon trap: trap_request=0xffffff45 fr.pc=0x0000027626468128 relative=0x0000000000001ac8
Event: 4.862 Thread 0x000002761b31e910 Uncommon trap: reason=unstable_if action=reinterpret pc=0x0000027626468128 method=java.util.zip.ZipFile$Source.getEntryPos(Ljava/lang/String;Z)I @ 104 c2
Event: 4.862 Thread 0x000002761b31e910 DEOPT PACKING pc=0x0000027626468128 sp=0x0000008a81dfc4a0
Event: 4.862 Thread 0x000002761b31e910 DEOPT UNPACKING pc=0x0000027625eda1a3 sp=0x0000008a81dfc468 mode 2
Event: 4.862 Thread 0x000002761b31e910 Uncommon trap: trap_request=0xffffff45 fr.pc=0x00000276264761ac relative=0x00000000000002cc
Event: 4.862 Thread 0x000002761b31e910 Uncommon trap: reason=unstable_if action=reinterpret pc=0x00000276264761ac method=java.util.zip.ZipFile.getZipEntry(Ljava/lang/String;I)Ljava/util/zip/ZipEntry; @ 74 c2
Event: 4.862 Thread 0x000002761b31e910 DEOPT PACKING pc=0x00000276264761ac sp=0x0000008a81dfc550
Event: 4.862 Thread 0x000002761b31e910 DEOPT UNPACKING pc=0x0000027625eda1a3 sp=0x0000008a81dfc498 mode 2

Classes unloaded (0 events):
No events

Classes redefined (0 events):
No events

Internal exceptions (20 events):
Event: 4.720 Thread 0x000002761b31e910 Exception <a 'java/lang/ClassNotFoundException'{0x0000000083e84510}: java/util/AbstractCollectionCustomizer> (0x0000000083e84510) 
thrown [s\src\hotspot\share\classfile\systemDictionary.cpp, line 256]
Event: 4.722 Thread 0x000002761b31e910 Exception <a 'java/lang/ClassNotFoundException'{0x0000000083ead9f8}: java/util/AbstractListCustomizer> (0x0000000083ead9f8) 
thrown [s\src\hotspot\share\classfile\systemDictionary.cpp, line 256]
Event: 4.724 Thread 0x000002761b31e910 Exception <a 'java/lang/ClassNotFoundException'{0x0000000083ed81f0}: java/util/ArrayListCustomizer> (0x0000000083ed81f0) 
thrown [s\src\hotspot\share\classfile\systemDictionary.cpp, line 256]
Event: 4.738 Thread 0x000002761b31e910 Exception <a 'java/lang/ClassNotFoundException'{0x00000000834c3d48}: org/codehaus/groovy/runtime/DefaultGroovyMethodsBeanInfo> (0x00000000834c3d48) 
thrown [s\src\hotspot\share\classfile\systemDictionary.cpp, line 256]
Event: 4.752 Thread 0x000002761b31e910 Exception <a 'java/lang/ClassNotFoundException'{0x0000000085dccf58}: org/codehaus/groovy/runtime/DefaultGroovyMethodsSupportBeanInfo> (0x0000000085dccf58) 
thrown [s\src\hotspot\share\classfile\systemDictionary.cpp, line 256]
Event: 4.759 Thread 0x000002761b31e910 Exception <a 'java/lang/ClassNotFoundException'{0x00000000850d6398}: org/codehaus/groovy/runtime/DefaultGroovyMethodsSupportCustomizer> (0x00000000850d6398) 
thrown [s\src\hotspot\share\classfile\systemDictionary.cpp, line 256]
Event: 4.764 Thread 0x000002761b31e910 Exception <a 'java/lang/ClassNotFoundException'{0x00000000847e10b8}: org/codehaus/groovy/runtime/DefaultGroovyMethodsCustomizer> (0x00000000847e10b8) 
thrown [s\src\hotspot\share\classfile\systemDictionary.cpp, line 256]
Event: 4.796 Thread 0x000002761b31e910 Exception <a 'java/lang/ClassNotFoundException'{0x00000000842d4580}: Script1708671844844BeanInfo> (0x00000000842d4580) 
thrown [s\src\hotspot\share\classfile\systemDictionary.cpp, line 256]
Event: 4.799 Thread 0x000002761b31e910 Exception <a 'java/lang/ClassNotFoundException'{0x000000008410e670}: Script1708671844844Customizer> (0x000000008410e670) 
thrown [s\src\hotspot\share\classfile\systemDictionary.cpp, line 256]
Event: 4.805 Thread 0x000002761b31e910 Exception <a 'java/lang/ClassNotFoundException'{0x000000008415d310}: com/kms/katalon/core/ast/TestStepUtilBeanInfo> (0x000000008415d310) 
thrown [s\src\hotspot\share\classfile\systemDictionary.cpp, line 256]
Event: 4.807 Thread 0x000002761b31e910 Exception <a 'java/lang/ClassNotFoundException'{0x000000008418a2f0}: com/kms/katalon/core/ast/TestStepUtilCustomizer> (0x000000008418a2f0) 
thrown [s\src\hotspot\share\classfile\systemDictionary.cpp, line 256]
Event: 4.810 Thread 0x000002761b31e910 Exception <a 'java/lang/NoSuchMethodError'{0x00000000841df198}: 'void java.lang.invoke.DelegatingMethodHandle$Holder.reinvoke_L(java.lang.Object, java.lang.Object, java.lang.Object, java.lang.Object, int)'> (0x00000000841df198) 
thrown [s\src\hotspot\share\interpreter\linkResolver.cpp, line 759]
Event: 4.840 Thread 0x000002761b31e910 Exception <a 'java/lang/ClassNotFoundException'{0x0000000083f9b3d8}: com/kms/katalon/core/webui/keyword/WebUiBuiltInKeywordsBeanInfo> (0x0000000083f9b3d8) 
thrown [s\src\hotspot\share\classfile\systemDictionary.cpp, line 256]
Event: 4.842 Thread 0x000002761b31e910 Exception <a 'java/lang/ClassNotFoundException'{0x0000000083fc9b40}: com/kms/katalon/core/keyword/BuiltinKeywordsBeanInfo> (0x0000000083fc9b40) 
thrown [s\src\hotspot\share\classfile\systemDictionary.cpp, line 256]
Event: 4.843 Thread 0x000002761b31e910 Exception <a 'java/lang/ClassNotFoundException'{0x0000000083ff8658}: com/kms/katalon/core/keyword/BuiltinKeywordsCustomizer> (0x0000000083ff8658) 
thrown [s\src\hotspot\share\classfile\systemDictionary.cpp, line 256]
Event: 4.845 Thread 0x000002761b31e910 Exception <a 'java/lang/ClassNotFoundException'{0x0000000083e3f018}: com/kms/katalon/core/webui/keyword/WebUiBuiltInKeywordsCustomizer> (0x0000000083e3f018) 
thrown [s\src\hotspot\share\classfile\systemDictionary.cpp, line 256]
Event: 4.855 Thread 0x000002761b31e910 Exception <a 'java/lang/ClassNotFoundException'{0x0000000083dcfeb0}: java/util/HashMapBeanInfo> (0x0000000083dcfeb0) 
thrown [s\src\hotspot\share\classfile\systemDictionary.cpp, line 256]
Event: 4.857 Thread 0x000002761b31e910 Exception <a 'java/lang/ClassNotFoundException'{0x0000000083deed10}: java/util/AbstractMapBeanInfo> (0x0000000083deed10) 
thrown [s\src\hotspot\share\classfile\systemDictionary.cpp, line 256]
Event: 4.858 Thread 0x000002761b31e910 Exception <a 'java/lang/ClassNotFoundException'{0x0000000083c0dee8}: java/util/AbstractMapCustomizer> (0x0000000083c0dee8) 
thrown [s\src\hotspot\share\classfile\systemDictionary.cpp, line 256]
Event: 4.859 Thread 0x000002761b31e910 Exception <a 'java/lang/ClassNotFoundException'{0x0000000083c36568}: java/util/HashMapCustomizer> (0x0000000083c36568) 
thrown [s\src\hotspot\share\classfile\systemDictionary.cpp, line 256]

VM Operations (20 events):
Event: 3.869 Executing VM operation: HandshakeAllThreads done
Event: 4.135 Executing VM operation: G1CollectForAllocation
Event: 4.143 Executing VM operation: G1CollectForAllocation done
Event: 4.287 Executing VM operation: G1CollectForAllocation
Event: 4.291 Executing VM operation: G1CollectForAllocation done
Event: 4.425 Executing VM operation: HandshakeAllThreads
Event: 4.425 Executing VM operation: HandshakeAllThreads done
Event: 4.426 Executing VM operation: HandshakeAllThreads
Event: 4.426 Executing VM operation: HandshakeAllThreads done
Event: 4.474 Executing VM operation: HandshakeAllThreads
Event: 4.474 Executing VM operation: HandshakeAllThreads done
Event: 4.559 Executing VM operation: HandshakeAllThreads
Event: 4.559 Executing VM operation: HandshakeAllThreads done
Event: 4.704 Executing VM operation: HandshakeAllThreads
Event: 4.704 Executing VM operation: HandshakeAllThreads done
Event: 4.711 Executing VM operation: ICBufferFull
Event: 4.711 Executing VM operation: ICBufferFull done
Event: 4.741 Executing VM operation: G1CollectForAllocation
Event: 4.747 Executing VM operation: G1CollectForAllocation done
Event: 4.900 Executing VM operation: CollectForMetadataAllocation

Events (20 events):
Event: 4.830 loading class java/awt/RenderingHints
Event: 4.832 loading class java/awt/RenderingHints done
Event: 4.832 loading class java/awt/PaintContext
Event: 4.832 loading class java/awt/PaintContext done
Event: 4.855 loading class java/util/HashMapBeanInfo
Event: 4.855 loading class java/util/HashMapBeanInfo done
Event: 4.855 loading class java/util/HashMapBeanInfo
Event: 4.855 loading class java/util/HashMapBeanInfo done
Event: 4.856 loading class java/util/AbstractMapBeanInfo
Event: 4.856 loading class java/util/AbstractMapBeanInfo done
Event: 4.857 loading class java/util/AbstractMapBeanInfo
Event: 4.857 loading class java/util/AbstractMapBeanInfo done
Event: 4.857 loading class java/util/AbstractMapCustomizer
Event: 4.857 loading class java/util/AbstractMapCustomizer done
Event: 4.858 loading class java/util/AbstractMapCustomizer
Event: 4.858 loading class java/util/AbstractMapCustomizer done
Event: 4.858 loading class java/util/HashMapCustomizer
Event: 4.858 loading class java/util/HashMapCustomizer done
Event: 4.859 loading class java/util/HashMapCustomizer
Event: 4.859 loading class java/util/HashMapCustomizer done


Dynamic libraries:
0x00007ff7eb660000 - 0x00007ff7eb66e000 	C:\Users\ho.hendy\.katalon\packages\Katalon_Studio_Windows_64-9.3.0\Katalon_Studio_Windows_64-9.3.0\jre\bin\javaw.exe
0x00007ff8e7ef0000 - 0x00007ff8e80e8000 	C:\Windows\SYSTEM32\ntdll.dll
0x00007ff8e7ab0000 - 0x00007ff8e7b6d000 	C:\Windows\System32\KERNEL32.DLL
0x00007ff8e59f0000 - 0x00007ff8e5ce6000 	C:\Windows\System32\KERNELBASE.dll
0x00007ff8e5670000 - 0x00007ff8e5770000 	C:\Windows\System32\ucrtbase.dll
0x00007ff8de110000 - 0x00007ff8de129000 	C:\Users\ho.hendy\.katalon\packages\Katalon_Studio_Windows_64-9.3.0\Katalon_Studio_Windows_64-9.3.0\jre\bin\VCRUNTIME140.dll
0x00007ff8da4b0000 - 0x00007ff8da4c7000 	C:\Users\ho.hendy\.katalon\packages\Katalon_Studio_Windows_64-9.3.0\Katalon_Studio_Windows_64-9.3.0\jre\bin\jli.dll
0x00007ff8e71b0000 - 0x00007ff8e734e000 	C:\Windows\System32\USER32.dll
0x00007ff8d0740000 - 0x00007ff8d09da000 	C:\Windows\WinSxS\amd64_microsoft.windows.common-controls_6595b64144ccf1df_6.0.19041.3636_none_60b6a03d71f818d5\COMCTL32.dll
0x00007ff8e5fd0000 - 0x00007ff8e606e000 	C:\Windows\System32\msvcrt.dll
0x00007ff8e5cf0000 - 0x00007ff8e5d12000 	C:\Windows\System32\win32u.dll
0x00007ff8e6910000 - 0x00007ff8e693b000 	C:\Windows\System32\GDI32.dll
0x00007ff8e58d0000 - 0x00007ff8e59e7000 	C:\Windows\System32\gdi32full.dll
0x00007ff8e5dd0000 - 0x00007ff8e5e6d000 	C:\Windows\System32\msvcp_win.dll
0x00007ff8e6500000 - 0x00007ff8e6532000 	C:\Windows\System32\IMM32.DLL
0x00007ff8da670000 - 0x00007ff8da872000 	C:\Windows\system32\tmumh\20019\AddOn\8.55.0.1288\TmUmEvt64.dll
0x00007ff8e7350000 - 0x00007ff8e7358000 	C:\Windows\System32\PSAPI.DLL
0x00007ff8e7d10000 - 0x00007ff8e7dc3000 	C:\Windows\System32\ADVAPI32.dll
0x00007ff8e5f30000 - 0x00007ff8e5fcf000 	C:\Windows\System32\sechost.dll
0x00007ff8e6fa0000 - 0x00007ff8e70c6000 	C:\Windows\System32\RPCRT4.dll
0x00007ff8e55b0000 - 0x00007ff8e55d7000 	C:\Windows\System32\bcrypt.dll
0x00000000640a0000 - 0x0000000064237000 	C:\Windows\system32\tmumh\20019\TmMon\2.9.0.1084\tmmon64.dll
0x00007ff8c7e80000 - 0x00007ff8c81bd000 	C:\Windows\System32\TmLWE\TmUmSnsr64\1.0.0.1127\TmUmSnsr64.dll
0x00007ff8e3460000 - 0x00007ff8e3472000 	C:\Windows\SYSTEM32\kernel.appcore.dll
0x00007ff8dd320000 - 0x00007ff8dd32c000 	C:\Users\ho.hendy\.katalon\packages\Katalon_Studio_Windows_64-9.3.0\Katalon_Studio_Windows_64-9.3.0\jre\bin\vcruntime140_1.dll
0x00007ff8a00e0000 - 0x00007ff8a0171000 	C:\Users\ho.hendy\.katalon\packages\Katalon_Studio_Windows_64-9.3.0\Katalon_Studio_Windows_64-9.3.0\jre\bin\msvcp140.dll
0x00007ff8986e0000 - 0x00007ff899328000 	C:\Users\ho.hendy\.katalon\packages\Katalon_Studio_Windows_64-9.3.0\Katalon_Studio_Windows_64-9.3.0\jre\bin\server\jvm.dll
0x00007ff8c5b10000 - 0x00007ff8c5b19000 	C:\Windows\SYSTEM32\WSOCK32.dll
0x00007ff8e68a0000 - 0x00007ff8e690b000 	C:\Windows\System32\WS2_32.dll
0x00007ff8d1d60000 - 0x00007ff8d1d87000 	C:\Windows\SYSTEM32\WINMM.dll
0x00007ff8dd060000 - 0x00007ff8dd06a000 	C:\Windows\SYSTEM32\VERSION.dll
0x00007ff8dd480000 - 0x00007ff8dd48a000 	C:\Users\ho.hendy\.katalon\packages\Katalon_Studio_Windows_64-9.3.0\Katalon_Studio_Windows_64-9.3.0\jre\bin\jimage.dll
0x00007ff8e3020000 - 0x00007ff8e3204000 	C:\Windows\SYSTEM32\DBGHELP.DLL
0x00007ff8db090000 - 0x00007ff8db0c4000 	C:\Windows\SYSTEM32\dbgcore.DLL
0x00007ff8e55e0000 - 0x00007ff8e5662000 	C:\Windows\System32\bcryptPrimitives.dll
0x00007ff8dd3c0000 - 0x00007ff8dd3e5000 	C:\Users\ho.hendy\.katalon\packages\Katalon_Studio_Windows_64-9.3.0\Katalon_Studio_Windows_64-9.3.0\jre\bin\java.dll
0x00007ff8dd440000 - 0x00007ff8dd458000 	C:\Users\ho.hendy\.katalon\packages\Katalon_Studio_Windows_64-9.3.0\Katalon_Studio_Windows_64-9.3.0\jre\bin\zip.dll
0x0000027635810000 - 0x0000027635f55000 	C:\Windows\System32\SHELL32.dll
0x00007ff8e3560000 - 0x00007ff8e3cfc000 	C:\Windows\SYSTEM32\windows.storage.dll
0x00007ff8e6540000 - 0x00007ff8e6894000 	C:\Windows\System32\combase.dll
0x00007ff8e4fe0000 - 0x00007ff8e500e000 	C:\Windows\SYSTEM32\Wldp.dll
0x00007ff8e6070000 - 0x00007ff8e613d000 	C:\Windows\System32\OLEAUT32.dll
0x00007ff8e6e90000 - 0x00007ff8e6f3d000 	C:\Windows\System32\SHCORE.dll
0x00007ff8e7cb0000 - 0x00007ff8e7d05000 	C:\Windows\System32\shlwapi.dll
0x00007ff8e54e0000 - 0x00007ff8e5505000 	C:\Windows\SYSTEM32\profapi.dll
0x00007ff8dd400000 - 0x00007ff8dd419000 	C:\Users\ho.hendy\.katalon\packages\Katalon_Studio_Windows_64-9.3.0\Katalon_Studio_Windows_64-9.3.0\jre\bin\net.dll
0x00007ff8deee0000 - 0x00007ff8defea000 	C:\Windows\SYSTEM32\WINHTTP.dll
0x00007ff8e4d40000 - 0x00007ff8e4daa000 	C:\Windows\system32\mswsock.dll
0x00007ff8dd040000 - 0x00007ff8dd055000 	C:\Users\ho.hendy\.katalon\packages\Katalon_Studio_Windows_64-9.3.0\Katalon_Studio_Windows_64-9.3.0\jre\bin\nio.dll
0x00007ff8dd3a0000 - 0x00007ff8dd3b0000 	C:\Users\ho.hendy\.katalon\packages\Katalon_Studio_Windows_64-9.3.0\Katalon_Studio_Windows_64-9.3.0\jre\bin\verify.dll

dbghelp: loaded successfully - version: 4.0.5 - missing functions: none
symbol engine: initialized successfully - sym options: 0x614 - pdb path: .;C:\Users\ho.hendy\.katalon\packages\Katalon_Studio_Windows_64-9.3.0\Katalon_Studio_Windows_64-9.3.0\jre\bin;C:\Windows\SYSTEM32;C:\Windows\WinSxS\amd64_microsoft.windows.common-controls_6595b64144ccf1df_6.0.19041.3636_none_60b6a03d71f818d5;C:\Windows\system32\tmumh\20019\AddOn\8.55.0.1288;C:\Windows\system32\tmumh\20019\TmMon\2.9.0.1084;C:\Windows\System32\TmLWE\TmUmSnsr64\1.0.0.1127;C:\Users\ho.hendy\.katalon\packages\Katalon_Studio_Windows_64-9.3.0\Katalon_Studio_Windows_64-9.3.0\jre\bin\server

VM Arguments:
jvm_args: -Dgroovy.home=C:\Users\ho.hendy/.groovy -Djava.system.class.loader=groovy.lang.GroovyClassLoader -Xmx2048m -Dfile.encoding=UTF-8 -XX:+ShowCodeDetailsInExceptionMessages 
java_command: org.codehaus.groovy.tools.GroovyStarter --classpath C:\Users\ho.hendy\Katalon Studio\Training My Sistem\bin\keyword;C:\Users\ho.hendy\Katalon Studio\Training My Sistem\Keywords;C:\Users\ho.hendy\Katalon Studio\Training My Sistem\bin\listener;C:\Users\ho.hendy\Katalon Studio\Training My Sistem\Test Listeners;C:\Users\ho.hendy\Katalon Studio\Training My Sistem\bin\lib;C:\Users\ho.hendy\Katalon Studio\Training My Sistem\Libs;C:\Users\ho.hendy\Katalon Studio\Training My Sistem\bin\groovy;C:\Users\ho.hendy\Katalon Studio\Training My Sistem\Include\scripts\groovy;C:\Users\ho.hendy\.katalon\packages\Katalon_Studio_Windows_64-9.3.0\Katalon_Studio_Windows_64-9.3.0\plugins\com.kms.katalon.core_1.0.0.202401301518.jar;C:\Users\ho.hendy\.katalon\packages\Katalon_Studio_Windows_64-9.3.0\Katalon_Studio_Windows_64-9.3.0\configuration\resources\lib\aalto-xml-1.0.0.jar;C:\Users\ho.hendy\.katalon\packages\Katalon_Studio_Windows_64-9.3.0\Katalon_Studio_Windows_64-9.3.0\configuration\resources\lib\aspectjweaver-1.9.1.jar;C:\Users\ho.hendy\.katalon\packages\Katalon_Studio_Windows_64-9.3.0\Katalon_Studio_Windows_64-9.3.0\configuration\resources\lib\bcpkix-jdk15on-1.64.jar;C:\Users\ho.hendy\.katalon\packages\Katalon_Studio_Windows_64-9.3.0\Katalon_Studio_Windows_64-9.3.0\configuration\resources\lib\bcprov-jdk15on-1.64.jar;C:\Users\ho.hendy\.katalon\packages\Katalon_Studio_Windows_64-9.3.0\Katalon_Studio_Windows_64-9.3.0\configuration\resources\lib\browsermob-core-2.1.5.jar;C:\Users\ho.hendy\.katalon\packages\Katalon_Studio_Windows_64-9.3.0\Katalon_Studio_Windows_64-9.3.0\configuration\resources\lib\cglib-3.2.10.jar;C:\Users\ho.hendy\.katalon\packages\Katalon_Studio_Windows_64-9.3.0\Katalon_Studio_Windows_64-9.3.0\configuration\resources\lib\commons-codec-1.10.jar;C:\Users\ho.hendy\.katalon\packages\Katalon_Studio_Windows_64-9.3.0\Katalon_Studio_Windows_64-9.3.0\configuration\resources\lib\commons-collections4-4.1.jar;C:\Users\ho.hendy\.katalon\packages\Katalon_Studio_Window
java_class_path (initial): C:\Users\ho.hendy\Katalon Studio\Training My Sistem\bin\keyword;C:\Users\ho.hendy\Katalon Studio\Training My Sistem\bin\listener;C:\Users\ho.hendy\Katalon Studio\Training My Sistem\bin\lib;C:\Users\ho.hendy\Katalon Studio\Training My Sistem\bin\groovy;C:\Users\ho.hendy\Katalon Studio\Training My Sistem\bin;C:\Users\ho.hendy\.katalon\packages\Katalon_Studio_Windows_64-9.3.0\Katalon_Studio_Windows_64-9.3.0\plugins\com.kms.katalon.core_1.0.0.202401301518.jar;C:\Users\ho.hendy\.katalon\packages\Katalon_Studio_Windows_64-9.3.0\Katalon_Studio_Windows_64-9.3.0\configuration\resources\lib\aalto-xml-1.0.0.jar;C:\Users\ho.hendy\.katalon\packages\Katalon_Studio_Windows_64-9.3.0\Katalon_Studio_Windows_64-9.3.0\configuration\resources\lib\aspectjweaver-1.9.1.jar;C:\Users\ho.hendy\.katalon\packages\Katalon_Studio_Windows_64-9.3.0\Katalon_Studio_Windows_64-9.3.0\configuration\resources\lib\bcpkix-jdk15on-1.64.jar;C:\Users\ho.hendy\.katalon\packages\Katalon_Studio_Windows_64-9.3.0\Katalon_Studio_Windows_64-9.3.0\configuration\resources\lib\bcprov-jdk15on-1.64.jar;C:\Users\ho.hendy\.katalon\packages\Katalon_Studio_Windows_64-9.3.0\Katalon_Studio_Windows_64-9.3.0\configuration\resources\lib\browsermob-core-2.1.5.jar;C:\Users\ho.hendy\.katalon\packages\Katalon_Studio_Windows_64-9.3.0\Katalon_Studio_Windows_64-9.3.0\configuration\resources\lib\cglib-3.2.10.jar;C:\Users\ho.hendy\.katalon\packages\Katalon_Studio_Windows_64-9.3.0\Katalon_Studio_Windows_64-9.3.0\configuration\resources\lib\commons-codec-1.10.jar;C:\Users\ho.hendy\.katalon\packages\Katalon_Studio_Windows_64-9.3.0\Katalon_Studio_Windows_64-9.3.0\configuration\resources\lib\commons-collections4-4.1.jar;C:\Users\ho.hendy\.katalon\packages\Katalon_Studio_Windows_64-9.3.0\Katalon_Studio_Windows_64-9.3.0\configuration\resources\lib\commons-validator-1.6.jar;C:\Users\ho.hendy\.katalon\packages\Katalon_Studio_Windows_64-9.3.0\Katalon_Studio_Windows_64-9.3.0\configuration\resources\lib\curvesapi-1.04.jar
Launcher Type: SUN_STANDARD

[Global flags]
     intx CICompilerCount                          = 4                                         {product} {ergonomic}
     uint ConcGCThreads                            = 2                                         {product} {ergonomic}
     uint G1ConcRefinementThreads                  = 8                                         {product} {ergonomic}
   size_t G1HeapRegionSize                         = 1048576                                   {product} {ergonomic}
    uintx GCDrainStackTargetSize                   = 64                                        {product} {ergonomic}
   size_t InitialHeapSize                          = 130023424                                 {product} {ergonomic}
   size_t MarkStackSize                            = 4194304                                   {product} {ergonomic}
   size_t MaxHeapSize                              = 2147483648                                {product} {command line}
   size_t MaxNewSize                               = 1287651328                                {product} {ergonomic}
   size_t MinHeapDeltaBytes                        = 1048576                                   {product} {ergonomic}
   size_t MinHeapSize                              = 8388608                                   {product} {ergonomic}
    uintx NonNMethodCodeHeapSize                   = 5839372                                {pd product} {ergonomic}
    uintx NonProfiledCodeHeapSize                  = 122909434                              {pd product} {ergonomic}
    uintx ProfiledCodeHeapSize                     = 122909434                              {pd product} {ergonomic}
    uintx ReservedCodeCacheSize                    = 251658240                              {pd product} {ergonomic}
     bool SegmentedCodeCache                       = true                                      {product} {ergonomic}
     bool ShowCodeDetailsInExceptionMessages       = true                                   {manageable} {command line}
   size_t SoftMaxHeapSize                          = 2147483648                             {manageable} {ergonomic}
     bool UseCompressedClassPointers               = true                           {product lp64_product} {ergonomic}
     bool UseCompressedOops                        = true                           {product lp64_product} {ergonomic}
     bool UseG1GC                                  = true                                      {product} {ergonomic}
     bool UseLargePagesIndividualAllocation        = false                                  {pd product} {ergonomic}

Logging:
Log output configuration:
 #0: stdout all=warning uptime,level,tags
 #1: stderr all=off uptime,level,tags

Environment Variables:
JAVA_HOME=C:\Program Files\Java\jdk-11\bin
PATH=C:/Users/ho.hendy/.katalon/packages/Katalon_Studio_Windows_64-9.3.0/Katalon_Studio_Windows_64-9.3.0/jre/bin/server;C:/Users/ho.hendy/.katalon/packages/Katalon_Studio_Windows_64-9.3.0/Katalon_Studio_Windows_64-9.3.0/jre/bin;C:\Program Files\Common Files\Oracle\Java\javapath;C:\Windows\system32;C:\Windows;C:\Windows\System32\Wbem;C:\Windows\System32\WindowsPowerShell\v1.0\;C:\Windows\System32\OpenSSH\;C:\Program Files\Microsoft SQL Server\Client SDK\ODBC\110\Tools\Binn\;C:\Program Files (x86)\Microsoft SQL Server\120\Tools\Binn\ManagementStudio\;C:\Program Files (x86)\Microsoft SQL Server\120\Tools\Binn\;C:\Program Files\Microsoft SQL Server\120\Tools\Binn\;C:\Program Files (x86)\Microsoft SQL Server\120\DTS\Binn\;C:\Program Files\Microsoft SQL Server\120\DTS\Binn\;C:\Program Files\Java\jdk-11\bin;C:\Program Files\nodejs\;C:\Program Files\Git\cmd;C:\Users\ho.hendy\AppData\Local\Microsoft\WindowsApps;C:\Users\ho.hendy\AppData\Roaming\npm;C:\Users\ho.hendy\.katalon\packages\Katalon_Studio_Windows_64-9.3.0\Katalon_Studio_Windows_64-9.3.0;
USERNAME=Ho.Hendy
OS=Windows_NT
PROCESSOR_IDENTIFIER=Intel64 Family 6 Model 140 Stepping 1, GenuineIntel
TMP=C:\Users\HO6751~1.HEN\AppData\Local\Temp
TEMP=C:\Users\HO6751~1.HEN\AppData\Local\Temp



---------------  S Y S T E M  ---------------

OS:
 Windows 10 , 64 bit Build 19041 (10.0.19041.3636)
OS uptime: 1 days 20:34 hours

CPU: total 8 (initial active 8) (4 cores per cpu, 2 threads per core) family 6 model 140 stepping 1 microcode 0x86, cx8, cmov, fxsr, ht, mmx, 3dnowpref, sse, sse2, sse3, ssse3, sse4.1, sse4.2, popcnt, lzcnt, tsc, tscinvbit, avx, avx2, aes, erms, clmul, bmi1, bmi2, adx, avx512f, avx512dq, avx512cd, avx512bw, avx512vl, sha, fma, vzeroupper, avx512_vpopcntdq, avx512_vpclmulqdq, avx512_vaes, avx512_vnni, clflush, clflushopt, clwb, avx512_vbmi2, avx512_vbmi

Memory: 4k page, system-wide physical 7890M (392M free)
TotalPageFile size 32466M (AvailPageFile size 114M)
current process WorkingSet (physical memory assigned to process): 242M, peak: 248M
current process commit charge ("private bytes"): 310M, peak: 432M

vm_info: OpenJDK 64-Bit Server VM (17.0.7+7) for windows-amd64 JRE (17.0.7+7), built on Apr 18 2023 22:10:42 by "temurin" with MS VC++ 16.7 (VS2019)

END.
