#
# There is insufficient memory for the Java Runtime Environment to continue.
# Native memory allocation (malloc) failed to allocate 32744 bytes for ChunkPool::allocate
# Possible reasons:
#   The system is out of physical RAM or swap space
#   The process is running with CompressedOops enabled, and the Java Heap may be blocking the growth of the native heap
# Possible solutions:
#   Reduce memory load on the system
#   Increase physical memory or swap space
#   Check if swap backing store is full
#   Decrease Java heap size (-Xmx/-Xms)
#   Decrease number of Java threads
#   Decrease Java thread stack sizes (-Xss)
#   Set larger code cache with -XX:ReservedCodeCacheSize=
#   JVM is running with Unscaled Compressed Oops mode in which the Java heap is
#     placed in the first 4GB address space. The Java Heap base address is the
#     maximum limit for the native heap growth. Please use -XX:HeapBaseMinAddress
#     to set the Java Heap base and to place the Java Heap above 4GB virtual address.
# This output file may be truncated or incomplete.
#
#  Out of Memory Error (arena.cpp:78), pid=31208, tid=39856
#
# JRE version: OpenJDK Runtime Environment Temurin-17.0.7+7 (17.0.7+7) (build 17.0.7+7)
# Java VM: OpenJDK 64-Bit Server VM Temurin-17.0.7+7 (17.0.7+7, mixed mode, tiered, compressed oops, compressed class ptrs, g1 gc, windows-amd64)
# No core dump will be written. Minidumps are not enabled by default on client versions of Windows
#

---------------  S U M M A R Y ------------

Command Line: -Dgroovy.home=C:\Users\ho.hendy/.groovy -Djava.system.class.loader=groovy.lang.GroovyClassLoader -Xmx2048m -Dfile.encoding=UTF-8 -XX:+ShowCodeDetailsInExceptionMessages org.codehaus.groovy.tools.GroovyStarter --classpath C:\Users\ho.hendy\Katalon Studio\Training My Sistem\bin\keyword;C:\Users\ho.hendy\Katalon Studio\Training My Sistem\Keywords;C:\Users\ho.hendy\Katalon Studio\Training My Sistem\bin\listener;C:\Users\ho.hendy\Katalon Studio\Training My Sistem\Test Listeners;C:\Users\ho.hendy\Katalon Studio\Training My Sistem\bin\lib;C:\Users\ho.hendy\Katalon Studio\Training My Sistem\Libs;C:\Users\ho.hendy\Katalon Studio\Training My Sistem\bin\groovy;C:\Users\ho.hendy\Katalon Studio\Training My Sistem\Include\scripts\groovy;C:\Users\ho.hendy\.katalon\packages\Katalon_Studio_Windows_64-9.3.0\Katalon_Studio_Windows_64-9.3.0\plugins\com.kms.katalon.core_1.0.0.202401301518.jar;C:\Users\ho.hendy\.katalon\packages\Katalon_Studio_Windows_64-9.3.0\Katalon_Studio_Windows_64-9.3.0\configuration\resources\lib\aalto-xml-1.0.0.jar;C:\Users\ho.hendy\.katalon\packages\Katalon_Studio_Windows_64-9.3.0\Katalon_Studio_Windows_64-9.3.0\configuration\resources\lib\aspectjweaver-1.9.1.jar;C:\Users\ho.hendy\.katalon\packages\Katalon_Studio_Windows_64-9.3.0\Katalon_Studio_Windows_64-9.3.0\configuration\resources\lib\bcpkix-jdk15on-1.64.jar;C:\Users\ho.hendy\.katalon\packages\Katalon_Studio_Windows_64-9.3.0\Katalon_Studio_Windows_64-9.3.0\configuration\resources\lib\bcprov-jdk15on-1.64.jar;C:\Users\ho.hendy\.katalon\packages\Katalon_Studio_Windows_64-9.3.0\Katalon_Studio_Windows_64-9.3.0\configuration\resources\lib\browsermob-core-2.1.5.jar;C:\Users\ho.hendy\.katalon\packages\Katalon_Studio_Windows_64-9.3.0\Katalon_Studio_Windows_64-9.3.0\configuration\resources\lib\cglib-3.2.10.jar;C:\Users\ho.hendy\.katalon\packages\Katalon_Studio_Windows_64-9.3.0\Katalon_Studio_Windows_64-9.3.0\configuration\resources\lib\commons-codec-1.10.jar;C:\Users\ho.hendy\.katalon\packages\Katalon_Studio_Windows_64-9.3.0\Katalon_Studio_Windows_64-9.3.0\configuration\resources\lib\commons-collections4-4.1.jar;C:\Users\ho.hendy\.katalon\packages\Katalon_Studio_Windows_64-9.3.0\Katalon_Studio_Windows_64-9.3.0\configuration\resources\lib\commons-validator-1.6.jar;C:\Users\ho.hendy\.katalon\packages\Katalon_Studio_Windows_64-9.3.0\Katalon_Studio_Windows_64-9.3.0\configuration\resources\lib\curvesapi-1.04.jar;C:\Users\ho.hendy\.katalon\packages\Katalon_Studio_Windows_64-9.3.0\Katalon_Studio_Windows_64-9.3.0\configuration\resources\lib\dnsjava-2.1.8.jar;C:\Users\ho.hendy\.katalon\packages\Katalon_Studio_Windows_64-9.3.0\Katalon_Studio_Windows_64-9.3.0\configuration\resources\lib\groovy-ant-3.0.17.jar;C:\Users\ho.hendy\.katalon\packages\Katalon_Studio_Windows_64-9.3.0\Katalon_Studio_Windows_64-9.3.0\configuration\resources\lib\groovy-astbuilder-3.0.17.jar;C:\Users\ho.hendy\.katalon\packages\Katalon_Studio_Windows_64-9.3.0\Katalon_Studio_Windows_64-9.3.0\configuration\resources\lib\groovy-cli-picocli-3.0.17.jar;C:\Users\ho.hendy\.katalon\packages\Katalon_Studio_Windows_64-9.3.0\Katalon_Studio_Windows_64-9.3.0\configuration\resources\lib\groovy-console-3.0.17.jar;C:\Users\ho.hendy\.katalon\packages\Katalon_Studio_Windows_64-9.3.0\Katalon_Studio_Windows_64-9.3.0\configuration\resources\lib\groovy-datetime-3.0.17.jar;C:\Users\ho.hendy\.katalon\packages\Katalon_Studio_Windows_64-9.3.0\Katalon_Studio_Windows_64-9.3.0\configuration\resources\lib\groovy-dateutil-3.0.17.jar;C:\Users\ho.hendy\.katalon\packages\Katalon_Studio_Windows_64-9.3.0\Katalon_Studio_Windows_64-9.3.0\configuration\resources\lib\groovy-docgenerator-3.0.17.jar;C:\Users\ho.hendy\.katalon\packages\Katalon_Studio_Windows_64-9.3.0\Katalon_Studio_Windows_64-9.3.0\configuration\resources\lib\groovy-groovydoc-3.0.17.jar;C:\Users\ho.hendy\.katalon\packages\Katalon_Studio_Windows_64-9.3.0\Katalon_Studio_Windows_64-9.3.0\configuration\resources\lib\groovy-groovysh-3.0.17.jar;C:\Users\ho.hendy\.katalon\packages\Katalon_Studio_Windows_64-9.3.0\Katalon_Studio_Windows_64-9.3.0\configuration\resources\lib\groovy-jmx-3.0.17.jar;C:\Users\ho.hendy\.katalon\packages\Katalon_Studio_Windows_64-9.3.0\Katalon_Studio_Windows_64-9.3.0\configuration\resources\lib\groovy-json-3.0.17.jar;C:\Users\ho.hendy\.katalon\packages\Katalon_Studio_Windows_64-9.3.0\Katalon_Studio_Windows_64-9.3.0\configuration\resources\lib\groovy-jsr223-3.0.17.jar;C:\Users\ho.hendy\.katalon\packages\Katalon_Studio_Windows_64-9.3.0\Katalon_Studio_Windows_64-9.3.0\configuration\resources\lib\groovy-macro-3.0.17.jar;C:\Users\ho.hendy\.katalon\packages\Katalon_Studio_Windows_64-9.3.0\Katalon_Studio_Windows_64-9.3.0\configuration\resources\lib\groovy-nio-3.0.17.jar;C:\Users\ho.hendy\.katalon\packages\Katalon_Studio_Windows_64-9.3.0\Katalon_Studio_Windows_64-9.3.0\configuration\resources\lib\groovy-servlet-3.0.17.jar;C:\Users\ho.hendy\.katalon\packages\Katalon_Studio_Windows_64-9.3.0\Katalon_Studio_Windows_64-9.3.0\configuration\resources\lib\groovy-sql-3.0.17.jar;C:\Users\ho.hendy\.katalon\packages\Katalon_Studio_Windows_64-9.3.0\Katalon_Studio_Windows_64-9.3.0\configuration\resources\lib\groovy-swing-3.0.17.jar;C:\Users\ho.hendy\.katalon\packages\Katalon_Studio_Windows_64-9.3.0\Katalon_Studio_Windows_64-9.3.0\configuration\resources\lib\groovy-templates-3.0.17.jar;C:\Users\ho.hendy\.katalon\packages\Katalon_Studio_Windows_64-9.3.0\Katalon_Studio_Windows_64-9.3.0\configuration\resources\lib\groovy-test-3.0.17.jar;C:\Users\ho.hendy\.katalon\packages\Katalon_Studio_Windows_64-9.3.0\Katalon_Studio_Windows_64-9.3.0\configuration\resources\lib\groovy-test-junit5-3.0.17.jar;C:\Users\ho.hendy\.katalon\packages\Katalon_Studio_Windows_64-9.3.0\Katalon_Studio_Windows_64-9.3.0\configuration\resources\lib\groovy-testng-3.0.17.jar;C:\Users\ho.hendy\.katalon\packages\Katalon_Studio_Windows_64-9.3.0\Katalon_Studio_Windows_64-9.3.0\configuration\resources\lib\groovy-xml-3.0.17.jar;C:\Users\ho.hendy\.katalon\packages\Katalon_Studio_Windows_64-9.3.0\Katalon_Studio_Windows_64-9.3.0\configuration\resources\lib\java-client-7.0.0.jar;C:\Users\ho.hendy\.katalon\packages\Katalon_Studio_Windows_64-9.3.0\Katalon_Studio_Windows_64-9.3.0\configuration\resources\lib\javax.servlet-api_3.1.0.jar;C:\Users\ho.hendy\.katalon\packages\Katalon_Studio_Windows_64-9.3.0\Katalon_Studio_Windows_64-9.3.0\configuration\resources\lib\jna-5.12.1.jar;C:\Users\ho.hendy\.katalon\packages\Katalon_Studio_Windows_64-9.3.0\Katalon_Studio_Windows_64-9.3.0\configuration\resources\lib\jna-platform-5.12.1.jar;C:\Users\ho.hendy\.katalon\packages\Katalon_Studio_Windows_64-9.3.0\Katalon_Studio_Windows_64-9.3.0\configuration\resources\lib\jzlib-1.1.3.jar;C:\Users\ho.hendy\.katalon\packages\Katalon_Studio_Windows_64-9.3.0\Katalon_Studio_Windows_64-9.3.0\configuration\resources\lib\kat-server.jar;C:\Users\ho.hendy\.katalon\packages\Katalon_Studio_Windows_64-9.3.0\Katalon_Studio_Windows_64-9.3.0\configuration\resources\lib\littleproxy-1.1.0-beta-bmp-17.jar;C:\Users\ho.hendy\.katalon\packages\Katalon_Studio_Windows_64-9.3.0\Katalon_Studio_Windows_64-9.3.0\configuration\resources\lib\log4j-1.2-api-2.17.1.jar;C:\Users\ho.hendy\.katalon\packages\Katalon_Studio_Windows_64-9.3.0\Katalon_Studio_Windows_64-9.3.0\configuration\resources\lib\log4j-api-2.17.1.jar;C:\Users\ho.hendy\.katalon\packages\Katalon_Studio_Windows_64-9.3.0\Katalon_Studio_Windows_64-9.3.0\configuration\resources\lib\log4j-core-2.17.1.jar;C:\Users\ho.hendy\.katalon\packages\Katalon_Studio_Windows_64-9.3.0\Katalon_Studio_Windows_64-9.3.0\configuration\resources\lib\mitm-2.1.5.jar;C:\Users\ho.hendy\.katalon\packages\Katalon_Studio_Windows_64-9.3.0\Katalon_Studio_Windows_64-9.3.0\configuration\resources\lib\netty-all-4.1.70.Final.jar;C:\Users\ho.hendy\.katalon\packages\Katalon_Studio_Windows_64-9.3.0\Katalon_Studio_Windows_64-9.3.0\configuration\resources\lib\poi-3.17.jar;C:\Users\ho.hendy\.katalon\packages\Katalon_Studio_Windows_64-9.3.0\Katalon_Studio_Windows_64-9.3.0\configuration\resources\lib\poi-ooxml-3.17.jar;C:\Users\ho.hendy\.katalon\packages\Katalon_Studio_Windows_64-9.3.0\Katalon_Studio_Windows_64-9.3.0\configuration\resources\lib\poi-ooxml-schemas-3.17.jar;C:\Users\ho.hendy\.katalon\packages\Katalon_Studio_Windows_64-9.3.0\Katalon_Studio_Windows_64-9.3.0\configuration\resources\lib\proxy-vole-1.0.4-SNAPSHOT-jar-with-dependencies.jar;C:\Users\ho.hendy\.katalon\packages\Katalon_Studio_Windows_64-9.3.0\Katalon_Studio_Windows_64-9.3.0\configuration\resources\lib\repackaged-sikuli-api-1.0.2-standalone.jar;C:\Users\ho.hendy\.katalon\packages\Katalon_Studio_Windows_64-9.3.0\Katalon_Studio_Windows_64-9.3.0\configuration\resources\lib\selenium-leg-rc-3.141.59.jar;C:\Users\ho.hendy\.katalon\packages\Katalon_Studio_Windows_64-9.3.0\Katalon_Studio_Windows_64-9.3.0\configuration\resources\lib\selenium-server-standalone-3.141.59.jar;C:\Users\ho.hendy\.katalon\packages\Katalon_Studio_Windows_64-9.3.0\Katalon_Studio_Windows_64-9.3.0\configuration\resources\lib\selenium-shutterbug-1.1.jar;C:\Users\ho.hendy\.katalon\packages\Katalon_Studio_Windows_64-9.3.0\Katalon_Studio_Windows_64-9.3.0\configuration\resources\lib\slf4j-api-1.7.25.jar;C:\Users\ho.hendy\.katalon\packages\Katalon_Studio_Windows_64-9.3.0\Katalon_Studio_Windows_64-9.3.0\configuration\resources\lib\soap-builder-1.0.0.jar;C:\Users\ho.hendy\.katalon\packages\Katalon_Studio_Windows_64-9.3.0\Katalon_Studio_Windows_64-9.3.0\configuration\resources\lib\soap-common-1.0.0.jar;C:\Users\ho.hendy\.katalon\packages\Katalon_Studio_Windows_64-9.3.0\Katalon_Studio_Windows_64-9.3.0\configuration\resources\lib\soap-legacy-1.0.0.jar;C:\Users\ho.hendy\.katalon\packages\Katalon_Studio_Windows_64-9.3.0\Katalon_Studio_Windows_64-9.3.0\configuration\resources\lib\spring-context-5.3.19.jar;C:\Users\ho.hendy\.katalon\packages\Katalon_Studio_Windows_64-9.3.0\Katalon_Studio_Windows_64-9.3.0\configuration\resources\lib\stax2-api-4.0.0.jar;C:\Users\ho.hendy\.katalon\packages\Katalon_Studio_Windows_64-9.3.0\Katalon_Studio_Windows_64-9.3.0\configuration\resources\lib\su.jar;C:\Users\ho.hendy\.katalon\packages\Katalon_Studio_Windows_64-9.3.0\Katalon_Studio_Windows_64-9.3.0\configuration\resources\lib\testng-7.8.0.jar;C:\Users\ho.hendy\.katalon\packages\Katalon_Studio_Windows_64-9.3.0\Katalon_Studio_Windows_64-9.3.0\configuration\resources\lib\wadl.jar;C:\Users\ho.hendy\.katalon\packages\Katalon_Studio_Windows_64-9.3.0\Katalon_Studio_Windows_64-9.3.0\configuration\resources\lib\xmlbeans-3.1.0.jar;C:\Users\ho.hendy\.katalon\packages\Katalon_Studio_Windows_64-9.3.0\Katalon_Studio_Windows_64-9.3.0\plugins\net.sf.supercsv.super-csv_2.1.0.jar;C:\Users\ho.hendy\.katalon\packages\Katalon_Studio_Windows_64-9.3.0\Katalon_Studio_Windows_64-9.3.0\plugins\org.apache.commons.io_2.4.0.jar;C:\Users\ho.hendy\.katalon\packages\Katalon_Studio_Windows_64-9.3.0\Katalon_Studio_Windows_64-9.3.0\plugins\org.apache.commons.lang_2.6.0.jar;C:\Users\ho.hendy\.katalon\packages\Katalon_Studio_Windows_64-9.3.0\Katalon_Studio_Windows_64-9.3.0\plugins\com.google.gson_2.10.1.v20230109-0753.jar;C:\Users\ho.hendy\.katalon\packages\Katalon_Studio_Windows_64-9.3.0\Katalon_Studio_Windows_64-9.3.0\plugins\org.jsoup_1.14.3.jar;C:\Users\ho.hendy\.katalon\packages\Katalon_Studio_Windows_64-9.3.0\Katalon_Studio_Windows_64-9.3.0\plugins\org.apache.commons.dbutils_1.6.0.jar;C:\Users\ho.hendy\.katalon\packages\Katalon_Studio_Windows_64-9.3.0\Katalon_Studio_Windows_64-9.3.0\plugins\com.oracle.jdbc.ojdbc7_12.1.0.2.jar;C:\Users\ho.hendy\.katalon\packages\Katalon_Studio_Windows_64-9.3.0\Katalon_Studio_Windows_64-9.3.0\plugins\org.postgresql.jdbc_42.4.1.jar;c:\Users\ho.hendy\.katalon\packages\Katalon_Studio_Windows_64-9.3.0\Katalon_Studio_Windows_64-9.3.0\plugins\org.eclipse.osgi_3.18.300.v20230220-1352.jar;C:\Users\ho.hendy\.katalon\packages\Katalon_Studio_Windows_64-9.3.0\Katalon_Studio_Windows_64-9.3.0\plugins\com.kms.katalon.constant_1.0.0.202401301518.jar;C:\Users\ho.hendy\.katalon\packages\Katalon_Studio_Windows_64-9.3.0\Katalon_Studio_Windows_64-9.3.0\plugins\org.eclipse.persistence.eclipselink_2.7.11.jar;C:\Users\ho.hendy\.katalon\packages\Katalon_Studio_Windows_64-9.3.0\Katalon_Studio_Windows_64-9.3.0\plugins\com.kms.katalon.selenium-standalone_1.0.0.202401301518.jar;C:\Users\ho.hendy\.katalon\packages\Katalon_Studio_Windows_64-9.3.0\Katalon_Studio_Windows_64-9.3.0\plugins\atu.testrecorder.screen-recorder_2.1.0.jar;C:\Users\ho.hendy\.katalon\packages\Katalon_Studio_Windows_64-9.3.0\Katalon_Studio_Windows_64-9.3.0\plugins\com.google.guava_23.0.0.jar;C:\Users\ho.hendy\.katalon\packages\Katalon_Studio_Windows_64-9.3.0\Katalon_Studio_Windows_64-9.3.0\plugins\com.kms.katalon.util_1.0.0.202401301518.jar;C:\Users\ho.hendy\.katalon\packages\Katalon_Studio_Windows_64-9.3.0\Katalon_Studio_Windows_64-9.3.0\plugins\org.apache.httpcomponents.httpclient_4.5.14.v20221207-1049.jar;C:\Users\ho.hendy\.katalon\packages\Katalon_Studio_Windows_64-9.3.0\Katalon_Studio_Windows_64-9.3.0\plugins\org.apache.httpcomponents.httpcore_4.4.16.v20221207-1049.jar;C:\Users\ho.hendy\.katalon\packages\Katalon_Studio_Windows_64-9.3.0\Katalon_Studio_Windows_64-9.3.0\plugins\org.apache.httpcomponents.httpmime_4.5.1.jar;C:\Users\ho.hendy\.katalon\packages\Katalon_Studio_Windows_64-9.3.0\Katalon_Studio_Windows_64-9.3.0\plugins\org.apache.commons.lang3_3.7.0.jar;C:\Users\ho.hendy\.katalon\packages\Katalon_Studio_Windows_64-9.3.0\Katalon_Studio_Windows_64-9.3.0\plugins\org.greenrobot.eventbus_3.1.1.jar;C:\Users\ho.hendy\.katalon\packages\Katalon_Studio_Windows_64-9.3.0\Katalon_Studio_Windows_64-9.3.0\plugins\org.assertj.core_3.10.0.jar;C:\Users\ho.hendy\.katalon\packages\Katalon_Studio_Windows_64-9.3.0\Katalon_Studio_Windows_64-9.3.0\plugins\org.junit_4.13.2.v20211018-1956.jar;C:\Users\ho.hendy\.katalon\packages\Katalon_Studio_Windows_64-9.3.0\Katalon_Studio_Windows_64-9.3.0\plugins\com.fasterxml.jackson.core.jackson-databind_2.14.0.jar;C:\Users\ho.hendy\.katalon\packages\Katalon_Studio_Windows_64-9.3.0\Katalon_Studio_Windows_64-9.3.0\plugins\com.fasterxml.jackson.core.jackson-core_2.14.0.jar;C:\Users\ho.hendy\.katalon\packages\Katalon_Studio_Windows_64-9.3.0\Katalon_Studio_Windows_64-9.3.0\plugins\com.fasterxml.jackson.core.jackson-annotations_2.14.0.jar;C:\Users\ho.hendy\.katalon\packages\Katalon_Studio_Windows_64-9.3.0\Katalon_Studio_Windows_64-9.3.0\plugins\ch.qos.logback.classic_1.2.3.jar;C:\Users\ho.hendy\.katalon\packages\Katalon_Studio_Windows_64-9.3.0\Katalon_Studio_Windows_64-9.3.0\plugins\ch.qos.logback.core_1.2.3.jar;C:\Users\ho.hendy\.katalon\packages\Katalon_Studio_Windows_64-9.3.0\Katalon_Studio_Windows_64-9.3.0\plugins\slf4j.api_1.7.36.jar;C:\Users\ho.hendy\.katalon\packages\Katalon_Studio_Windows_64-9.3.0\Katalon_Studio_Windows_64-9.3.0\plugins\org.fusesource.jansi_1.17.1.jar;C:\Users\ho.hendy\.katalon\packages\Katalon_Studio_Windows_64-9.3.0\Katalon_Studio_Windows_64-9.3.0\plugins\com.kms.katalon.netlightbody_1.0.0.202401301518.jar;C:\Users\ho.hendy\.katalon\packages\Katalon_Studio_Windows_64-9.3.0\Katalon_Studio_Windows_64-9.3.0\plugins\com.kms.katalon.poi_1.0.0.202401301518.jar;C:\Users\ho.hendy\.katalon\packages\Katalon_Studio_Windows_64-9.3.0\Katalon_Studio_Windows_64-9.3.0\plugins\org.apache.commons.commons-text_1.10.0.jar;C:\Users\ho.hendy\.katalon\packages\Katalon_Studio_Windows_64-9.3.0\Katalon_Studio_Windows_64-9.3.0\plugins\com.kms.katalon.proxyvole_1.0.0.202401301518.jar;C:\Users\ho.hendy\.katalon\packages\Katalon_Studio_Windows_64-9.3.0\Katalon_Studio_Windows_64-9.3.0\plugins\com.microsoft.sqlserver.mssql-jdbc_6.2.2.jre8.jar;C:\Users\ho.hendy\.katalon\packages\Katalon_Studio_Windows_64-9.3.0\Katalon_Studio_Windows_64-9.3.0\plugins\com.github.kklisura.cdt.java-client_2.1.0.jar;C:\Users\ho.hendy\.katalon\packages\Katalon_Studio_Windows_64-9.3.0\Katalon_Studio_Windows_64-9.3.0\plugins\javax.websocket-api_1.1.0.jar;C:\Users\ho.hendy\.katalon\packages\Katalon_Studio_Windows_64-9.3.0\Katalon_Studio_Windows_64-9.3.0\plugins\org.glassfish.tyrus.container-grizzly-client_1.13.1.jar;C:\Users\ho.hendy\.katalon\packages\Katalon_Studio_Windows_64-9.3.0\Katalon_Studio_Windows_64-9.3.0\plugins\org.glassfish.grizzly.http-server_2.3.25.jar;C:\Users\ho.hendy\.katalon\packages\Katalon_Studio_Windows_64-9.3.0\Katalon_Studio_Windows_64-9.3.0\plugins\org.glassfish.grizzly.framework_2.3.25.jar;C:\Users\ho.hendy\.katalon\packages\Katalon_Studio_Windows_64-9.3.0\Katalon_Studio_Windows_64-9.3.0\plugins\org.glassfish.grizzly.http_2.3.25.jar;C:\Users\ho.hendy\.katalon\packages\Katalon_Studio_Windows_64-9.3.0\Katalon_Studio_Windows_64-9.3.0\plugins\org.glassfish.tyrus.client_1.13.1.jar;C:\Users\ho.hendy\.katalon\packages\Katalon_Studio_Windows_64-9.3.0\Katalon_Studio_Windows_64-9.3.0\plugins\org.glassfish.tyrus.core_1.13.1.jar;C:\Users\ho.hendy\.katalon\packages\Katalon_Studio_Windows_64-9.3.0\Katalon_Studio_Windows_64-9.3.0\plugins\org.glassfish.tyrus.spi_1.13.1.jar;C:\Users\ho.hendy\.katalon\packages\Katalon_Studio_Windows_64-9.3.0\Katalon_Studio_Windows_64-9.3.0\plugins\javassist_3.28.0.GA.jar;C:\Users\ho.hendy\.katalon\packages\Katalon_Studio_Windows_64-9.3.0\Katalon_Studio_Windows_64-9.3.0\plugins\com.graphql-java_16.2.0.jar;C:\Users\ho.hendy\.katalon\packages\Katalon_Studio_Windows_64-9.3.0\Katalon_Studio_Windows_64-9.3.0\plugins\org.glassfish.jaxb.runtime_2.3.6.jar;C:\Users\ho.hendy\.katalon\packages\Katalon_Studio_Windows_64-9.3.0\Katalon_Studio_Windows_64-9.3.0\plugins\org.glassfish.jaxb.txw2_2.3.6.jar;C:\Users\ho.hendy\.katalon\packages\Katalon_Studio_Windows_64-9.3.0\Katalon_Studio_Windows_64-9.3.0\plugins\org.dom4j_1.6.1.v201312101416.jar;C:\Users\ho.hendy\.katalon\packages\Katalon_Studio_Windows_64-9.3.0\Katalon_Studio_Windows_64-9.3.0\plugins\com.kms.katalon.groovy-extended_1.0.0.202401301518.jar;C:\Users\ho.hendy\.katalon\packages\Katalon_Studio_Windows_64-9.3.0\Katalon_Studio_Windows_64-9.3.0\plugins\com.sun.activation.javax.activation_1.2.0.jar;C:\Users\ho.hendy\.katalon\packages\Katalon_Studio_Windows_64-9.3.0\Katalon_Studio_Windows_64-9.3.0\plugins\jakarta.xml.bind-api_2.3.3.jar;C:\Users\ho.hendy\.katalon\packages\Katalon_Studio_Windows_64-9.3.0\Katalon_Studio_Windows_64-9.3.0\plugins\com.sun.xml.bind.jaxb-impl_2.3.6.jar;C:\Users\ho.hendy\.katalon\packages\Katalon_Studio_Windows_64-9.3.0\Katalon_Studio_Windows_64-9.3.0\plugins\org.apache.commons.logging_1.2.0.v20180409-1502.jar;C:\Users\ho.hendy\.katalon\packages\Katalon_Studio_Windows_64-9.3.0\Katalon_Studio_Windows_64-9.3.0\plugins\org.hamcrest.core_1.3.0.v20180420-1519.jar;C:\Users\ho.hendy\.katalon\packages\Katalon_Studio_Windows_64-9.3.0\Katalon_Studio_Windows_64-9.3.0\plugins\org.beanshell.bsh_2.0.0.0b4.jar;C:\Users\ho.hendy\.katalon\packages\Katalon_Studio_Windows_64-9.3.0\Katalon_Studio_Windows_64-9.3.0\plugins\org.apache.ant.launcher_1.9.6.jar;C:\Users\ho.hendy\.katalon\packages\Katalon_Studio_Windows_64-9.3.0\Katalon_Studio_Windows_64-9.3.0\plugins\com.kms.katalon.core.appium_1.0.0.202401301518.jar;C:\Users\ho.hendy\.katalon\packages\Katalon_Studio_Windows_64-9.3.0\Katalon_Studio_Windows_64-9.3.0\plugins\com.kms.katalon.logging_1.0.0.202401301518.jar;C:\Users\ho.hendy\.katalon\packages\Katalon_Studio_Windows_64-9.3.0\Katalon_Studio_Windows_64-9.3.0\plugins\org.eclipse.equinox.common_3.17.100.v20230202-1341.jar;C:\Users\ho.hendy\.katalon\packages\Katalon_Studio_Windows_64-9.3.0\Katalon_Studio_Windows_64-9.3.0\plugins\com.kms.katalon.core.webui_1.0.0.202401301518.jar;C:\Users\ho.hendy\.katalon\packages\Katalon_Studio_Windows_64-9.3.0\Katalon_Studio_Windows_64-9.3.0\plugins\org.json_20140107.0.0.jar;C:\Users\ho.hendy\.katalon\packages\Katalon_Studio_Windows_64-9.3.0\Katalon_Studio_Windows_64-9.3.0\plugins\org.eclipse.e4.core.contexts_1.11.0.v20220716-0839.jar;C:\Users\ho.hendy\.katalon\packages\Katalon_Studio_Windows_64-9.3.0\Katalon_Studio_Windows_64-9.3.0\plugins\org.eclipse.e4.core.services_2.3.400.v20220915-1347.jar;C:\Users\ho.hendy\.katalon\packages\Katalon_Studio_Windows_64-9.3.0\Katalon_Studio_Windows_64-9.3.0\plugins\com.kms.katalon.core.mobile_1.0.0.202401301518.jar;C:\Users\ho.hendy\.katalon\packages\Katalon_Studio_Windows_64-9.3.0\Katalon_Studio_Windows_64-9.3.0\plugins\org.apache.commons.commons-validator_1.7.0.jar;C:\Users\ho.hendy\.katalon\packages\Katalon_Studio_Windows_64-9.3.0\Katalon_Studio_Windows_64-9.3.0\plugins\com.kms.katalon.core.cucumber_1.0.0.202401301518.jar;C:\Users\ho.hendy\.katalon\packages\Katalon_Studio_Windows_64-9.3.0\Katalon_Studio_Windows_64-9.3.0\plugins\io.cucumber.core_3.0.2.jar;C:\Users\ho.hendy\.katalon\packages\Katalon_Studio_Windows_64-9.3.0\Katalon_Studio_Windows_64-9.3.0\plugins\io.cucumber.datatable_1.0.3.jar;C:\Users\ho.hendy\.katalon\packages\Katalon_Studio_Windows_64-9.3.0\Katalon_Studio_Windows_64-9.3.0\plugins\io.cucumber.datatable-dependencies_1.0.3.jar;C:\Users\ho.hendy\.katalon\packages\Katalon_Studio_Windows_64-9.3.0\Katalon_Studio_Windows_64-9.3.0\plugins\io.cucumber.expressions_5.0.19.jar;C:\Users\ho.hendy\.katalon\packages\Katalon_Studio_Windows_64-9.3.0\Katalon_Studio_Windows_64-9.3.0\plugins\io.cucumber.gherkin_5.0.0.jar;C:\Users\ho.hendy\.katalon\packages\Katalon_Studio_Windows_64-9.3.0\Katalon_Studio_Windows_64-9.3.0\plugins\io.cucumber.html_0.2.7.jar;C:\Users\ho.hendy\.katalon\packages\Katalon_Studio_Windows_64-9.3.0\Katalon_Studio_Windows_64-9.3.0\plugins\io.cucumber.java_3.0.2.jar;C:\Users\ho.hendy\.katalon\packages\Katalon_Studio_Windows_64-9.3.0\Katalon_Studio_Windows_64-9.3.0\plugins\io.cucumber.tag-expressions_1.1.1.jar;C:\Users\ho.hendy\.katalon\packages\Katalon_Studio_Windows_64-9.3.0\Katalon_Studio_Windows_64-9.3.0\plugins\io.cucumber.junit_3.0.2.jar;C:\Users\ho.hendy\.katalon\packages\Katalon_Studio_Windows_64-9.3.0\Katalon_Studio_Windows_64-9.3.0\plugins\com.kms.katalon.core.webservice_1.0.0.202401301518.jar;C:\Users\ho.hendy\.katalon\packages\Katalon_Studio_Windows_64-9.3.0\Katalon_Studio_Windows_64-9.3.0\plugins\wsdl4j_1.6.2.jar;C:\Users\ho.hendy\.katalon\packages\Katalon_Studio_Windows_64-9.3.0\Katalon_Studio_Windows_64-9.3.0\plugins\com.google.oauth-client.google-oauth-client_1.22.0.jar;C:\Users\ho.hendy\.katalon\packages\Katalon_Studio_Windows_64-9.3.0\Katalon_Studio_Windows_64-9.3.0\plugins\com.google.http-client.google-http-client_1.22.0.jar;C:\Users\ho.hendy\.katalon\packages\Katalon_Studio_Windows_64-9.3.0\Katalon_Studio_Windows_64-9.3.0\plugins\ca.juliusdavies.not-yet-commons-ssl_0.3.11.jar;C:\Users\ho.hendy\.katalon\packages\Katalon_Studio_Windows_64-9.3.0\Katalon_Studio_Windows_64-9.3.0\plugins\com.kms.katalon.preferences_1.0.0.202401301518.jar;C:\Users\ho.hendy\.katalon\packages\Katalon_Studio_Windows_64-9.3.0\Katalon_Studio_Windows_64-9.3.0\plugins\org.apache.xmlbeans_3.1.0.jar;C:\Users\ho.hendy\.katalon\packages\Katalon_Studio_Windows_64-9.3.0\Katalon_Studio_Windows_64-9.3.0\plugins\com.kms.katalon.entity_1.0.0.202401301518.jar;C:\Users\ho.hendy\.katalon\packages\Katalon_Studio_Windows_64-9.3.0\Katalon_Studio_Windows_64-9.3.0\plugins\org.antlr.antlr4-runtime_4.8.0.jar;C:\Users\ho.hendy\.katalon\packages\Katalon_Studio_Windows_64-9.3.0\Katalon_Studio_Windows_64-9.3.0\plugins\com.networknt.json-schema-validator_1.0.66.jar;C:\Users\ho.hendy\.katalon\packages\Katalon_Studio_Windows_64-9.3.0\Katalon_Studio_Windows_64-9.3.0\plugins\jakarta.xml.ws-api_2.3.3.jar;C:\Users\ho.hendy\.katalon\packages\Katalon_Studio_Windows_64-9.3.0\Katalon_Studio_Windows_64-9.3.0\plugins\javax.xml.soap-api_1.4.0.jar;C:\Users\ho.hendy\.katalon\packages\Katalon_Studio_Windows_64-9.3.0\Katalon_Studio_Windows_64-9.3.0\plugins\com.kms.katalon.core.windows_1.0.0.202401301518.jar;C:\Users\ho.hendy\.katalon\packages\Katalon_Studio_Windows_64-9.3.0\Katalon_Studio_Windows_64-9.3.0\plugins\com.kms.katalon.core.testng_1.0.0.202401301518.jar;C:\Users\ho.hendy\.katalon\packages\Katalon_Studio_Windows_64-9.3.0\Katalon_Studio_Windows_64-9.3.0\configuration\org.eclipse.osgi\27\0\.cp\resources\basic-report\katalon-studio-report-plugin.jar;C:\Users\ho.hendy\.katalon\packages\Katalon_Studio_Windows_64-9.3.0\Katalon_Studio_Windows_64-9.3.0\plugins\org.codehaus.groovy_3.0.17.v202303311542-e2303\lib\groovy-3.0.17-indy.jar;C:\Users\ho.hendy\.katalon\packages\Katalon_Studio_Windows_64-9.3.0\Katalon_Studio_Windows_64-9.3.0\plugins\org.codehaus.groovy_3.0.17.v202303311542-e2303\lib\ivy-2.5.1.jar --main groovy.ui.GroovyMain --encoding UTF-8 --indy C:\Users\ho.hendy\Katalon Studio\Training My Sistem\Libs\TempTestCase1708672140826.groovy

Host: 11th Gen Intel(R) Core(TM) i5-1135G7 @ 2.40GHz, 8 cores, 7G,  Windows 10 , 64 bit Build 19041 (10.0.19041.3636)
Time: Fri Feb 23 14:09:08 2024 SE Asia Standard Time elapsed time: 7.015919 seconds (0d 0h 0m 7s)

---------------  T H R E A D  ---------------

Current thread (0x0000012e63225450):  JavaThread "C2 CompilerThread0" daemon [_thread_in_native, id=39856, stack(0x000000135d600000,0x000000135d700000)]


Current CompileTask:
C2:   7015 4931       4       groovyjarjarantlr4.v4.runtime.atn.PredictionContext::getCachedContext (297 bytes)

Stack: [0x000000135d600000,0x000000135d700000]
Native frames: (J=compiled Java code, j=interpreted, Vv=VM code, C=native code)
V  [jvm.dll+0x67754a]
V  [jvm.dll+0x834304]
V  [jvm.dll+0x835aae]
V  [jvm.dll+0x836113]
V  [jvm.dll+0x24696f]
V  [jvm.dll+0xac2cc]
V  [jvm.dll+0xac67c]
V  [jvm.dll+0x581db4]
V  [jvm.dll+0x581c5d]
V  [jvm.dll+0x57fd77]
V  [jvm.dll+0x221e72]
V  [jvm.dll+0x21b039]
V  [jvm.dll+0x21895b]
V  [jvm.dll+0x1a4d8d]
V  [jvm.dll+0x2284da]
V  [jvm.dll+0x226615]
V  [jvm.dll+0x7ea90b]
V  [jvm.dll+0x7e4e7a]
V  [jvm.dll+0x676395]
C  [ucrtbase.dll+0x21bb2]
C  [KERNEL32.DLL+0x17344]
C  [ntdll.dll+0x526b1]


---------------  P R O C E S S  ---------------

Threads class SMR info:
_java_thread_list=0x0000012e633f0580, length=22, elements={
0x0000012e49160070, 0x0000012e631f3610, 0x0000012e631f5960, 0x0000012e608b2640,
0x0000012e608b2f00, 0x0000012e608b6710, 0x0000012e63223510, 0x0000012e63225450,
0x0000012e63228500, 0x0000012e63231d70, 0x0000012e63369430, 0x0000012e686774d0,
0x0000012e6b7950a0, 0x0000012e6a3b0ba0, 0x0000012e69906700, 0x0000012e68a9c080,
0x0000012e69a03170, 0x0000012e6877b6c0, 0x0000012e6b160cc0, 0x0000012e6b15fe50,
0x0000012e6b161660, 0x0000012e6b41e020
}

Java Threads: ( => current thread )
  0x0000012e49160070 JavaThread "Forwarding executeAsyncScript on session 9d77c6cc69b02423cb2fc262468eb6d5 to remote" [_thread_in_vm, id=37460, stack(0x000000135c900000,0x000000135ca00000)]
  0x0000012e631f3610 JavaThread "Reference Handler" daemon [_thread_blocked, id=34468, stack(0x000000135d000000,0x000000135d100000)]
  0x0000012e631f5960 JavaThread "Finalizer" daemon [_thread_blocked, id=26072, stack(0x000000135d100000,0x000000135d200000)]
  0x0000012e608b2640 JavaThread "Signal Dispatcher" daemon [_thread_blocked, id=37008, stack(0x000000135d200000,0x000000135d300000)]
  0x0000012e608b2f00 JavaThread "Attach Listener" daemon [_thread_blocked, id=43192, stack(0x000000135d300000,0x000000135d400000)]
  0x0000012e608b6710 JavaThread "Service Thread" daemon [_thread_blocked, id=31988, stack(0x000000135d400000,0x000000135d500000)]
  0x0000012e63223510 JavaThread "Monitor Deflation Thread" daemon [_thread_blocked, id=17872, stack(0x000000135d500000,0x000000135d600000)]
=>0x0000012e63225450 JavaThread "C2 CompilerThread0" daemon [_thread_in_native, id=39856, stack(0x000000135d600000,0x000000135d700000)]
  0x0000012e63228500 JavaThread "C1 CompilerThread0" daemon [_thread_blocked, id=37020, stack(0x000000135d700000,0x000000135d800000)]
  0x0000012e63231d70 JavaThread "Sweeper thread" daemon [_thread_blocked, id=30968, stack(0x000000135d800000,0x000000135d900000)]
  0x0000012e63369430 JavaThread "Common-Cleaner" daemon [_thread_blocked, id=32456, stack(0x000000135d900000,0x000000135da00000)]
  0x0000012e686774d0 JavaThread "Notification Thread" daemon [_thread_blocked, id=32432, stack(0x000000135db00000,0x000000135dc00000)]
  0x0000012e6b7950a0 JavaThread "Exec Default Executor" daemon [_thread_in_native, id=33936, stack(0x000000135e600000,0x000000135e700000)]
  0x0000012e6a3b0ba0 JavaThread "UrlChecker-2" daemon [_thread_blocked, id=18880, stack(0x000000135e700000,0x000000135e800000)]
  0x0000012e69906700 JavaThread "Exec Stream Pumper" daemon [_thread_in_native, id=12096, stack(0x000000135e900000,0x000000135ea00000)]
  0x0000012e68a9c080 JavaThread "Exec Stream Pumper" daemon [_thread_in_native, id=38720, stack(0x000000135ea00000,0x000000135eb00000)]
  0x0000012e69a03170 JavaThread "Keep-Alive-Timer" daemon [_thread_blocked, id=35856, stack(0x000000135eb00000,0x000000135ec00000)]
  0x0000012e6877b6c0 JavaThread "ForkJoinPool.commonPool-worker-1" daemon [_thread_blocked, id=40952, stack(0x000000135ec00000,0x000000135ed00000)]
  0x0000012e6b160cc0 JavaThread "ForkJoinPool.commonPool-worker-2" daemon [_thread_blocked, id=32236, stack(0x000000135ed00000,0x000000135ee00000)]
  0x0000012e6b15fe50 JavaThread "OkHttp ConnectionPool" daemon [_thread_blocked, id=17964, stack(0x000000135ee00000,0x000000135ef00000)]
  0x0000012e6b161660 JavaThread "Okio Watchdog" daemon [_thread_blocked, id=42108, stack(0x000000135ef00000,0x000000135f000000)]
  0x0000012e6b41e020 JavaThread "C2 CompilerThread1" daemon [_thread_in_native, id=19692, stack(0x000000135da00000,0x000000135db00000)]

Other Threads:
  0x0000012e631e1c40 VMThread "VM Thread" [stack: 0x000000135cf00000,0x000000135d000000] [id=37228]
  0x0000012e68849320 WatcherThread [stack: 0x000000135dc00000,0x000000135dd00000] [id=43164]
  0x0000012e491999a0 GCTaskThread "GC Thread#0" [stack: 0x000000135ca00000,0x000000135cb00000] [id=29408]
  0x0000012e68a3fe30 GCTaskThread "GC Thread#1" [stack: 0x000000135dd00000,0x000000135de00000] [id=41196]
  0x0000012e689db4a0 GCTaskThread "GC Thread#2" [stack: 0x000000135de00000,0x000000135df00000] [id=9928]
  0x0000012e6962b430 GCTaskThread "GC Thread#3" [stack: 0x000000135df00000,0x000000135e000000] [id=43852]
  0x0000012e69407550 GCTaskThread "GC Thread#4" [stack: 0x000000135e000000,0x000000135e100000] [id=26640]
  0x0000012e68c4e5f0 GCTaskThread "GC Thread#5" [stack: 0x000000135e100000,0x000000135e200000] [id=16956]
  0x0000012e6a5de470 GCTaskThread "GC Thread#6" [stack: 0x000000135e200000,0x000000135e300000] [id=30920]
  0x0000012e69a1dc60 GCTaskThread "GC Thread#7" [stack: 0x000000135e300000,0x000000135e400000] [id=32496]
  0x0000012e4919bec0 ConcurrentGCThread "G1 Main Marker" [stack: 0x000000135cb00000,0x000000135cc00000] [id=16980]
  0x0000012e4919c890 ConcurrentGCThread "G1 Conc#0" [stack: 0x000000135cc00000,0x000000135cd00000] [id=5184]
  0x0000012e6aacb4c0 ConcurrentGCThread "G1 Conc#1" [stack: 0x000000135e400000,0x000000135e500000] [id=40448]
  0x0000012e6079ab80 ConcurrentGCThread "G1 Refine#0" [stack: 0x000000135cd00000,0x000000135ce00000] [id=38396]
  0x0000012e6079c4c0 ConcurrentGCThread "G1 Service" [stack: 0x000000135ce00000,0x000000135cf00000] [id=40344]

Threads with active compile tasks:
C2 CompilerThread0     7243 4931       4       groovyjarjarantlr4.v4.runtime.atn.PredictionContext::getCachedContext (297 bytes)
C2 CompilerThread1     7243 4944   !   4       jdk.internal.loader.URLClassPath$FileLoader::getResource (164 bytes)

VM state: not at safepoint (normal execution)

VM Mutex/Monitor currently owned by a thread: None

Heap address: 0x0000000080000000, size: 2048 MB, Compressed Oops mode: 32-bit

CDS archive(s) not mapped
Compressed class space mapped at: 0x0000000100000000-0x0000000140000000, reserved size: 1073741824
Narrow klass base: 0x0000000000000000, Narrow klass shift: 3, Narrow klass range: 0x140000000

GC Precious Log:
 CPUs: 8 total, 8 available
 Memory: 7890M
 Large Page Support: Disabled
 NUMA Support: Disabled
 Compressed Oops: Enabled (32-bit)
 Heap Region Size: 1M
 Heap Min Capacity: 8M
 Heap Initial Capacity: 124M
 Heap Max Capacity: 2G
 Pre-touch: Disabled
 Parallel Workers: 8
 Concurrent Workers: 2
 Concurrent Refinement Workers: 8
 Periodic GC: Disabled

Heap:
 garbage-first heap   total 114688K, used 51350K [0x0000000080000000, 0x0000000100000000)
  region size 1024K, 23 young (23552K), 6 survivors (6144K)
 Metaspace       used 43860K, committed 44416K, reserved 1114112K
  class space    used 4890K, committed 5120K, reserved 1048576K

Heap Regions: E=young(eden), S=young(survivor), O=old, HS=humongous(starts), HC=humongous(continues), CS=collection set, F=free, OA=open archive, CA=closed archive, TAMS=top-at-mark-start (previous, next)
|   0|0x0000000080000000, 0x0000000080100000, 0x0000000080100000|100%|HS|  |TAMS 0x0000000080100000, 0x0000000080000000| Complete 
|   1|0x0000000080100000, 0x0000000080200000, 0x0000000080200000|100%|HS|  |TAMS 0x0000000080200000, 0x0000000080100000| Complete 
|   2|0x0000000080200000, 0x0000000080300000, 0x0000000080300000|100%|HS|  |TAMS 0x0000000080300000, 0x0000000080200000| Complete 
|   3|0x0000000080300000, 0x0000000080400000, 0x0000000080400000|100%|HC|  |TAMS 0x0000000080400000, 0x0000000080300000| Complete 
|   4|0x0000000080400000, 0x0000000080500000, 0x0000000080500000|100%| O|  |TAMS 0x0000000080500000, 0x0000000080400000| Untracked 
|   5|0x0000000080500000, 0x0000000080600000, 0x0000000080600000|100%| O|  |TAMS 0x0000000080600000, 0x0000000080500000| Untracked 
|   6|0x0000000080600000, 0x0000000080700000, 0x0000000080700000|100%| O|  |TAMS 0x0000000080700000, 0x0000000080600000| Untracked 
|   7|0x0000000080700000, 0x0000000080800000, 0x0000000080800000|100%| O|  |TAMS 0x0000000080800000, 0x0000000080700000| Untracked 
|   8|0x0000000080800000, 0x0000000080900000, 0x0000000080900000|100%| O|  |TAMS 0x0000000080900000, 0x0000000080800000| Untracked 
|   9|0x0000000080900000, 0x0000000080a00000, 0x0000000080a00000|100%| O|  |TAMS 0x0000000080a00000, 0x0000000080900000| Untracked 
|  10|0x0000000080a00000, 0x0000000080b00000, 0x0000000080b00000|100%| O|  |TAMS 0x0000000080b00000, 0x0000000080a00000| Untracked 
|  11|0x0000000080b00000, 0x0000000080c00000, 0x0000000080c00000|100%| O|  |TAMS 0x0000000080c00000, 0x0000000080b00000| Untracked 
|  12|0x0000000080c00000, 0x0000000080d00000, 0x0000000080d00000|100%| O|  |TAMS 0x0000000080d00000, 0x0000000080c00000| Untracked 
|  13|0x0000000080d00000, 0x0000000080e00000, 0x0000000080e00000|100%| O|  |TAMS 0x0000000080e00000, 0x0000000080d00000| Untracked 
|  14|0x0000000080e00000, 0x0000000080f00000, 0x0000000080f00000|100%| O|  |TAMS 0x0000000080f00000, 0x0000000080e00000| Untracked 
|  15|0x0000000080f00000, 0x0000000081000000, 0x0000000081000000|100%| O|  |TAMS 0x0000000081000000, 0x0000000080f00000| Untracked 
|  16|0x0000000081000000, 0x0000000081100000, 0x0000000081100000|100%| O|  |TAMS 0x0000000081100000, 0x0000000081000000| Untracked 
|  17|0x0000000081100000, 0x0000000081200000, 0x0000000081200000|100%| O|  |TAMS 0x0000000081200000, 0x0000000081100000| Untracked 
|  18|0x0000000081200000, 0x000000008129d200, 0x0000000081300000| 61%| O|  |TAMS 0x000000008129d200, 0x0000000081200000| Untracked 
|  19|0x0000000081300000, 0x0000000081400000, 0x0000000081400000|100%| O|  |TAMS 0x0000000081400000, 0x0000000081300000| Untracked 
|  20|0x0000000081400000, 0x0000000081500000, 0x0000000081500000|100%| O|  |TAMS 0x0000000081500000, 0x0000000081400000| Untracked 
|  21|0x0000000081500000, 0x0000000081600000, 0x0000000081600000|100%| O|  |TAMS 0x0000000081600000, 0x0000000081500000| Untracked 
|  22|0x0000000081600000, 0x0000000081700000, 0x0000000081700000|100%| O|  |TAMS 0x0000000081700000, 0x0000000081600000| Untracked 
|  23|0x0000000081700000, 0x0000000081800000, 0x0000000081800000|100%| O|  |TAMS 0x0000000081800000, 0x0000000081700000| Untracked 
|  24|0x0000000081800000, 0x0000000081900000, 0x0000000081900000|100%| O|  |TAMS 0x00000000818aa800, 0x0000000081800000| Untracked 
|  25|0x0000000081900000, 0x0000000081a00000, 0x0000000081a00000|100%| O|  |TAMS 0x0000000081a00000, 0x0000000081900000| Untracked 
|  26|0x0000000081a00000, 0x0000000081b00000, 0x0000000081b00000|100%| O|  |TAMS 0x0000000081b00000, 0x0000000081a00000| Untracked 
|  27|0x0000000081b00000, 0x0000000081c00000, 0x0000000081c00000|100%| O|  |TAMS 0x0000000081c00000, 0x0000000081b00000| Untracked 
|  28|0x0000000081c00000, 0x0000000081d00000, 0x0000000081d00000|100%| O|  |TAMS 0x0000000081c00000, 0x0000000081c00000| Untracked 
|  29|0x0000000081d00000, 0x0000000081d88600, 0x0000000081e00000| 53%| O|  |TAMS 0x0000000081d00000, 0x0000000081d00000| Untracked 
|  30|0x0000000081e00000, 0x0000000081e00000, 0x0000000081f00000|  0%| F|  |TAMS 0x0000000081e00000, 0x0000000081e00000| Untracked 
|  31|0x0000000081f00000, 0x0000000081f00000, 0x0000000082000000|  0%| F|  |TAMS 0x0000000081f00000, 0x0000000081f00000| Untracked 
|  32|0x0000000082000000, 0x0000000082000000, 0x0000000082100000|  0%| F|  |TAMS 0x0000000082000000, 0x0000000082000000| Untracked 
|  33|0x0000000082100000, 0x0000000082100000, 0x0000000082200000|  0%| F|  |TAMS 0x0000000082100000, 0x0000000082100000| Untracked 
|  34|0x0000000082200000, 0x0000000082200000, 0x0000000082300000|  0%| F|  |TAMS 0x0000000082200000, 0x0000000082200000| Untracked 
|  35|0x0000000082300000, 0x0000000082300000, 0x0000000082400000|  0%| F|  |TAMS 0x0000000082300000, 0x0000000082300000| Untracked 
|  36|0x0000000082400000, 0x0000000082400000, 0x0000000082500000|  0%| F|  |TAMS 0x0000000082400000, 0x0000000082400000| Untracked 
|  37|0x0000000082500000, 0x0000000082500000, 0x0000000082600000|  0%| F|  |TAMS 0x0000000082500000, 0x0000000082500000| Untracked 
|  38|0x0000000082600000, 0x0000000082600000, 0x0000000082700000|  0%| F|  |TAMS 0x0000000082600000, 0x0000000082600000| Untracked 
|  39|0x0000000082700000, 0x0000000082700000, 0x0000000082800000|  0%| F|  |TAMS 0x0000000082700000, 0x0000000082700000| Untracked 
|  40|0x0000000082800000, 0x0000000082800000, 0x0000000082900000|  0%| F|  |TAMS 0x0000000082800000, 0x0000000082800000| Untracked 
|  41|0x0000000082900000, 0x0000000082900000, 0x0000000082a00000|  0%| F|  |TAMS 0x0000000082900000, 0x0000000082900000| Untracked 
|  42|0x0000000082a00000, 0x0000000082a00000, 0x0000000082b00000|  0%| F|  |TAMS 0x0000000082a00000, 0x0000000082a00000| Untracked 
|  43|0x0000000082b00000, 0x0000000082b00000, 0x0000000082c00000|  0%| F|  |TAMS 0x0000000082b00000, 0x0000000082b00000| Untracked 
|  44|0x0000000082c00000, 0x0000000082c00000, 0x0000000082d00000|  0%| F|  |TAMS 0x0000000082c00000, 0x0000000082c00000| Untracked 
|  45|0x0000000082d00000, 0x0000000082d00000, 0x0000000082e00000|  0%| F|  |TAMS 0x0000000082d00000, 0x0000000082d00000| Untracked 
|  46|0x0000000082e00000, 0x0000000082e00000, 0x0000000082f00000|  0%| F|  |TAMS 0x0000000082e00000, 0x0000000082e00000| Untracked 
|  47|0x0000000082f00000, 0x0000000082f00000, 0x0000000083000000|  0%| F|  |TAMS 0x0000000082f00000, 0x0000000082f00000| Untracked 
|  48|0x0000000083000000, 0x0000000083000000, 0x0000000083100000|  0%| F|  |TAMS 0x0000000083000000, 0x0000000083000000| Untracked 
|  49|0x0000000083100000, 0x0000000083100000, 0x0000000083200000|  0%| F|  |TAMS 0x0000000083100000, 0x0000000083100000| Untracked 
|  50|0x0000000083200000, 0x0000000083200000, 0x0000000083300000|  0%| F|  |TAMS 0x0000000083200000, 0x0000000083200000| Untracked 
|  51|0x0000000083300000, 0x0000000083300000, 0x0000000083400000|  0%| F|  |TAMS 0x0000000083300000, 0x0000000083300000| Untracked 
|  52|0x0000000083400000, 0x0000000083400000, 0x0000000083500000|  0%| F|  |TAMS 0x0000000083400000, 0x0000000083400000| Untracked 
|  53|0x0000000083500000, 0x0000000083500000, 0x0000000083600000|  0%| F|  |TAMS 0x0000000083500000, 0x0000000083500000| Untracked 
|  54|0x0000000083600000, 0x0000000083600000, 0x0000000083700000|  0%| F|  |TAMS 0x0000000083600000, 0x0000000083600000| Untracked 
|  55|0x0000000083700000, 0x0000000083800000, 0x0000000083800000|100%| S|CS|TAMS 0x0000000083700000, 0x0000000083700000| Complete 
|  56|0x0000000083800000, 0x0000000083900000, 0x0000000083900000|100%| S|CS|TAMS 0x0000000083800000, 0x0000000083800000| Complete 
|  57|0x0000000083900000, 0x0000000083a00000, 0x0000000083a00000|100%| S|CS|TAMS 0x0000000083900000, 0x0000000083900000| Complete 
|  58|0x0000000083a00000, 0x0000000083b00000, 0x0000000083b00000|100%| S|CS|TAMS 0x0000000083a00000, 0x0000000083a00000| Complete 
|  59|0x0000000083b00000, 0x0000000083c00000, 0x0000000083c00000|100%| S|CS|TAMS 0x0000000083b00000, 0x0000000083b00000| Complete 
|  60|0x0000000083c00000, 0x0000000083d00000, 0x0000000083d00000|100%| S|CS|TAMS 0x0000000083c00000, 0x0000000083c00000| Complete 
|  61|0x0000000083d00000, 0x0000000083d00000, 0x0000000083e00000|  0%| F|  |TAMS 0x0000000083d00000, 0x0000000083d00000| Untracked 
|  62|0x0000000083e00000, 0x0000000083e00000, 0x0000000083f00000|  0%| F|  |TAMS 0x0000000083e00000, 0x0000000083e00000| Untracked 
|  63|0x0000000083f00000, 0x0000000083f00000, 0x0000000084000000|  0%| F|  |TAMS 0x0000000083f00000, 0x0000000083f00000| Untracked 
|  64|0x0000000084000000, 0x0000000084000000, 0x0000000084100000|  0%| F|  |TAMS 0x0000000084000000, 0x0000000084000000| Untracked 
|  65|0x0000000084100000, 0x0000000084100000, 0x0000000084200000|  0%| F|  |TAMS 0x0000000084100000, 0x0000000084100000| Untracked 
|  66|0x0000000084200000, 0x0000000084200000, 0x0000000084300000|  0%| F|  |TAMS 0x0000000084200000, 0x0000000084200000| Untracked 
|  67|0x0000000084300000, 0x0000000084300000, 0x0000000084400000|  0%| F|  |TAMS 0x0000000084300000, 0x0000000084300000| Untracked 
|  68|0x0000000084400000, 0x0000000084400000, 0x0000000084500000|  0%| F|  |TAMS 0x0000000084400000, 0x0000000084400000| Untracked 
|  69|0x0000000084500000, 0x0000000084500000, 0x0000000084600000|  0%| F|  |TAMS 0x0000000084500000, 0x0000000084500000| Untracked 
|  70|0x0000000084600000, 0x0000000084600000, 0x0000000084700000|  0%| F|  |TAMS 0x0000000084600000, 0x0000000084600000| Untracked 
|  71|0x0000000084700000, 0x0000000084700000, 0x0000000084800000|  0%| F|  |TAMS 0x0000000084700000, 0x0000000084700000| Untracked 
|  72|0x0000000084800000, 0x0000000084800000, 0x0000000084900000|  0%| F|  |TAMS 0x0000000084800000, 0x0000000084800000| Untracked 
|  73|0x0000000084900000, 0x0000000084900000, 0x0000000084a00000|  0%| F|  |TAMS 0x0000000084900000, 0x0000000084900000| Untracked 
|  74|0x0000000084a00000, 0x0000000084a00000, 0x0000000084b00000|  0%| F|  |TAMS 0x0000000084a00000, 0x0000000084a00000| Untracked 
|  75|0x0000000084b00000, 0x0000000084b00000, 0x0000000084c00000|  0%| F|  |TAMS 0x0000000084b00000, 0x0000000084b00000| Untracked 
|  76|0x0000000084c00000, 0x0000000084c00000, 0x0000000084d00000|  0%| F|  |TAMS 0x0000000084c00000, 0x0000000084c00000| Untracked 
|  77|0x0000000084d00000, 0x0000000084d00000, 0x0000000084e00000|  0%| F|  |TAMS 0x0000000084d00000, 0x0000000084d00000| Untracked 
|  78|0x0000000084e00000, 0x0000000084e00000, 0x0000000084f00000|  0%| F|  |TAMS 0x0000000084e00000, 0x0000000084e00000| Untracked 
|  79|0x0000000084f00000, 0x0000000084f00000, 0x0000000085000000|  0%| F|  |TAMS 0x0000000084f00000, 0x0000000084f00000| Untracked 
|  80|0x0000000085000000, 0x0000000085000000, 0x0000000085100000|  0%| F|  |TAMS 0x0000000085000000, 0x0000000085000000| Untracked 
|  81|0x0000000085100000, 0x0000000085100000, 0x0000000085200000|  0%| F|  |TAMS 0x0000000085100000, 0x0000000085100000| Untracked 
|  82|0x0000000085200000, 0x0000000085200000, 0x0000000085300000|  0%| F|  |TAMS 0x0000000085200000, 0x0000000085200000| Untracked 
|  83|0x0000000085300000, 0x0000000085300000, 0x0000000085400000|  0%| F|  |TAMS 0x0000000085300000, 0x0000000085300000| Untracked 
|  84|0x0000000085400000, 0x0000000085400000, 0x0000000085500000|  0%| F|  |TAMS 0x0000000085400000, 0x0000000085400000| Untracked 
|  85|0x0000000085500000, 0x0000000085500000, 0x0000000085600000|  0%| F|  |TAMS 0x0000000085500000, 0x0000000085500000| Untracked 
|  86|0x0000000085600000, 0x0000000085600000, 0x0000000085700000|  0%| F|  |TAMS 0x0000000085600000, 0x0000000085600000| Untracked 
|  87|0x0000000085700000, 0x0000000085700000, 0x0000000085800000|  0%| F|  |TAMS 0x0000000085700000, 0x0000000085700000| Untracked 
|  88|0x0000000085800000, 0x0000000085800000, 0x0000000085900000|  0%| F|  |TAMS 0x0000000085800000, 0x0000000085800000| Untracked 
|  89|0x0000000085900000, 0x0000000085900000, 0x0000000085a00000|  0%| F|  |TAMS 0x0000000085900000, 0x0000000085900000| Untracked 
|  90|0x0000000085a00000, 0x0000000085a00000, 0x0000000085b00000|  0%| F|  |TAMS 0x0000000085a00000, 0x0000000085a00000| Untracked 
|  91|0x0000000085b00000, 0x0000000085b00000, 0x0000000085c00000|  0%| F|  |TAMS 0x0000000085b00000, 0x0000000085b00000| Untracked 
|  92|0x0000000085c00000, 0x0000000085c00000, 0x0000000085d00000|  0%| F|  |TAMS 0x0000000085c00000, 0x0000000085c00000| Untracked 
|  93|0x0000000085d00000, 0x0000000085d00000, 0x0000000085e00000|  0%| F|  |TAMS 0x0000000085d00000, 0x0000000085d00000| Untracked 
|  94|0x0000000085e00000, 0x0000000085e00000, 0x0000000085f00000|  0%| F|  |TAMS 0x0000000085e00000, 0x0000000085e00000| Untracked 
|  95|0x0000000085f00000, 0x0000000085f80800, 0x0000000086000000| 50%| E|  |TAMS 0x0000000085f00000, 0x0000000085f00000| Complete 
|  96|0x0000000086000000, 0x0000000086100000, 0x0000000086100000|100%| E|CS|TAMS 0x0000000086000000, 0x0000000086000000| Complete 
|  97|0x0000000086100000, 0x0000000086200000, 0x0000000086200000|100%| E|CS|TAMS 0x0000000086100000, 0x0000000086100000| Complete 
|  98|0x0000000086200000, 0x0000000086300000, 0x0000000086300000|100%| E|CS|TAMS 0x0000000086200000, 0x0000000086200000| Complete 
|  99|0x0000000086300000, 0x0000000086400000, 0x0000000086400000|100%| E|CS|TAMS 0x0000000086300000, 0x0000000086300000| Complete 
| 100|0x0000000086400000, 0x0000000086500000, 0x0000000086500000|100%| E|CS|TAMS 0x0000000086400000, 0x0000000086400000| Complete 
| 101|0x0000000086500000, 0x0000000086600000, 0x0000000086600000|100%| E|CS|TAMS 0x0000000086500000, 0x0000000086500000| Complete 
| 102|0x0000000086600000, 0x0000000086700000, 0x0000000086700000|100%| E|CS|TAMS 0x0000000086600000, 0x0000000086600000| Complete 
| 103|0x0000000086700000, 0x0000000086800000, 0x0000000086800000|100%| E|CS|TAMS 0x0000000086700000, 0x0000000086700000| Complete 
| 104|0x0000000086800000, 0x0000000086900000, 0x0000000086900000|100%| E|CS|TAMS 0x0000000086800000, 0x0000000086800000| Complete 
| 105|0x0000000086900000, 0x0000000086a00000, 0x0000000086a00000|100%| E|CS|TAMS 0x0000000086900000, 0x0000000086900000| Complete 
| 106|0x0000000086a00000, 0x0000000086b00000, 0x0000000086b00000|100%| E|CS|TAMS 0x0000000086a00000, 0x0000000086a00000| Complete 
| 107|0x0000000086b00000, 0x0000000086c00000, 0x0000000086c00000|100%| E|CS|TAMS 0x0000000086b00000, 0x0000000086b00000| Complete 
| 108|0x0000000086c00000, 0x0000000086d00000, 0x0000000086d00000|100%| E|CS|TAMS 0x0000000086c00000, 0x0000000086c00000| Complete 
| 109|0x0000000086d00000, 0x0000000086e00000, 0x0000000086e00000|100%| E|  |TAMS 0x0000000086d00000, 0x0000000086d00000| Complete 
| 110|0x0000000086e00000, 0x0000000086f00000, 0x0000000086f00000|100%| E|CS|TAMS 0x0000000086e00000, 0x0000000086e00000| Complete 
| 123|0x0000000087b00000, 0x0000000087c00000, 0x0000000087c00000|100%| E|CS|TAMS 0x0000000087b00000, 0x0000000087b00000| Complete 

Card table byte_map: [0x0000012e5bec0000,0x0000012e5c2c0000] _byte_map_base: 0x0000012e5bac0000

Marking Bits (Prev, Next): (CMBitMap*) 0x0000012e606e0930, (CMBitMap*) 0x0000012e606e0970
 Prev Bits: [0x0000012e5c6c0000, 0x0000012e5e6c0000)
 Next Bits: [0x0000012e5e6c0000, 0x0000012e606c0000)

Polling page: 0x0000012e488a0000

Metaspace:

Usage:
  Non-class:     38.06 MB used.
      Class:      4.78 MB used.
       Both:     42.83 MB used.

Virtual space:
  Non-class space:       64.00 MB reserved,      38.38 MB ( 60%) committed,  1 nodes.
      Class space:        1.00 GB reserved,       5.00 MB ( <1%) committed,  1 nodes.
             Both:        1.06 GB reserved,      43.38 MB (  4%) committed. 

Chunk freelists:
   Non-Class:  9.03 MB
       Class:  10.82 MB
        Both:  19.85 MB

MaxMetaspaceSize: unlimited
CompressedClassSpaceSize: 1.00 GB
Initial GC threshold: 21.00 MB
Current GC threshold: 59.00 MB
CDS: off
MetaspaceReclaimPolicy: balanced
 - commit_granule_bytes: 65536.
 - commit_granule_words: 8192.
 - virtual_space_node_default_size: 8388608.
 - enlarge_chunks_in_place: 1.
 - new_chunks_are_fully_committed: 0.
 - uncommit_free_chunks: 1.
 - use_allocation_guard: 0.
 - handle_deallocations: 1.


Internal statistics:

num_allocs_failed_limit: 6.
num_arena_births: 630.
num_arena_deaths: 0.
num_vsnodes_births: 2.
num_vsnodes_deaths: 0.
num_space_committed: 694.
num_space_uncommitted: 0.
num_chunks_returned_to_freelist: 6.
num_chunks_taken_from_freelist: 1684.
num_chunk_merges: 6.
num_chunk_splits: 1150.
num_chunks_enlarged: 810.
num_inconsistent_stats: 0.

CodeHeap 'non-profiled nmethods': size=120000Kb used=2331Kb max_used=2678Kb free=117668Kb
 bounds [0x0000012e54260000, 0x0000012e54500000, 0x0000012e5b790000]
CodeHeap 'profiled nmethods': size=120000Kb used=7777Kb max_used=8870Kb free=112222Kb
 bounds [0x0000012e4c790000, 0x0000012e4d040000, 0x0000012e53cc0000]
CodeHeap 'non-nmethods': size=5760Kb used=2322Kb max_used=2423Kb free=3437Kb
 bounds [0x0000012e53cc0000, 0x0000012e53f30000, 0x0000012e54260000]
 total_blobs=5000 nmethods=4174 adapters=738
 compilation: enabled
              stopped_count=0, restarted_count=0
 full_count=0

Compilation events (20 events):
Event: 6.980 Thread 0x0000012e63228500 nmethod 4970 0x0000012e4cc86c10 code [0x0000012e4cc86de0, 0x0000012e4cc87228]
Event: 6.980 Thread 0x0000012e63228500 4971       3       java.lang.invoke.LambdaFormBuffer::replaceName (124 bytes)
Event: 6.981 Thread 0x0000012e63228500 nmethod 4971 0x0000012e4c812b90 code [0x0000012e4c812d40, 0x0000012e4c812ee8]
Event: 6.997 Thread 0x0000012e63228500 4973       3       java.util.TreeMap$PrivateEntryIterator::<init> (28 bytes)
Event: 6.997 Thread 0x0000012e63228500 nmethod 4973 0x0000012e4c8ac290 code [0x0000012e4c8ac440, 0x0000012e4c8ac698]
Event: 6.997 Thread 0x0000012e63228500 4974       3       groovy.lang.MetaClassImpl::applyStrayPropertyMethods (288 bytes)
Event: 6.999 Thread 0x0000012e63228500 nmethod 4974 0x0000012e4c8bd690 code [0x0000012e4c8bdb40, 0x0000012e4c8c05b8]
Event: 6.999 Thread 0x0000012e63228500 4976   !   3       jdk.proxy2.$Proxy21::value (29 bytes)
Event: 7.000 Thread 0x0000012e63228500 nmethod 4976 0x0000012e4c8abb10 code [0x0000012e4c8abce0, 0x0000012e4c8ac0b8]
Event: 7.000 Thread 0x0000012e63228500 4975       3       groovy.lang.MetaClassImpl$Index::put (10 bytes)
Event: 7.000 Thread 0x0000012e63228500 nmethod 4975 0x0000012e4c8ab610 code [0x0000012e4c8ab7c0, 0x0000012e4c8ab9e8]
Event: 7.000 Thread 0x0000012e63228500 4977       3       java.util.regex.Matcher::match (154 bytes)
Event: 7.000 Thread 0x0000012e63228500 nmethod 4977 0x0000012e4cb94f10 code [0x0000012e4cb950e0, 0x0000012e4cb95658]
Event: 7.002 Thread 0x0000012e63228500 4978       3       groovyjarjarasm.asm.Type::getReturnTypeOffset (64 bytes)
Event: 7.004 Thread 0x0000012e63228500 nmethod 4978 0x0000012e4c7d3810 code [0x0000012e4c7d3b40, 0x0000012e4c7d4f18]
Event: 7.004 Thread 0x0000012e63228500 4979       3       groovyjarjarasm.asm.Frame::<init> (10 bytes)
Event: 7.004 Thread 0x0000012e63228500 nmethod 4979 0x0000012e4c8bd210 code [0x0000012e4c8bd3a0, 0x0000012e4c8bd558]
Event: 7.004 Thread 0x0000012e6b41e020 4944   !   4       jdk.internal.loader.URLClassPath$FileLoader::getResource (164 bytes)
Event: 7.004 Thread 0x0000012e63228500 4980       3       groovyjarjarasm.asm.MethodWriter::visitInsn (115 bytes)
Event: 7.004 Thread 0x0000012e63228500 nmethod 4980 0x0000012e4cb94710 code [0x0000012e4cb948e0, 0x0000012e4cb94d68]

GC Heap History (20 events):
Event: 1.436 GC heap before
{Heap before GC invocations=2 (full 0):
 garbage-first heap   total 126976K, used 59246K [0x0000000080000000, 0x0000000100000000)
  region size 1024K, 42 young (43008K), 3 survivors (3072K)
 Metaspace       used 17207K, committed 17408K, reserved 1114112K
  class space    used 1608K, committed 1664K, reserved 1048576K
}
Event: 1.443 GC heap after
{Heap after GC invocations=3 (full 0):
 garbage-first heap   total 126976K, used 22765K [0x0000000080000000, 0x0000000100000000)
  region size 1024K, 6 young (6144K), 6 survivors (6144K)
 Metaspace       used 17207K, committed 17408K, reserved 1114112K
  class space    used 1608K, committed 1664K, reserved 1048576K
}
Event: 1.797 GC heap before
{Heap before GC invocations=3 (full 0):
 garbage-first heap   total 126976K, used 49389K [0x0000000080000000, 0x0000000100000000)
  region size 1024K, 33 young (33792K), 6 survivors (6144K)
 Metaspace       used 21383K, committed 21504K, reserved 1114112K
  class space    used 2244K, committed 2304K, reserved 1048576K
}
Event: 1.804 GC heap after
{Heap after GC invocations=4 (full 0):
 garbage-first heap   total 126976K, used 22132K [0x0000000080000000, 0x0000000100000000)
  region size 1024K, 5 young (5120K), 5 survivors (5120K)
 Metaspace       used 21383K, committed 21504K, reserved 1114112K
  class space    used 2244K, committed 2304K, reserved 1048576K
}
Event: 1.988 GC heap before
{Heap before GC invocations=5 (full 0):
 garbage-first heap   total 78848K, used 62068K [0x0000000080000000, 0x0000000100000000)
  region size 1024K, 45 young (46080K), 5 survivors (5120K)
 Metaspace       used 22097K, committed 22336K, reserved 1114112K
  class space    used 2314K, committed 2432K, reserved 1048576K
}
Event: 1.995 GC heap after
{Heap after GC invocations=6 (full 0):
 garbage-first heap   total 78848K, used 22715K [0x0000000080000000, 0x0000000100000000)
  region size 1024K, 3 young (3072K), 3 survivors (3072K)
 Metaspace       used 22097K, committed 22336K, reserved 1114112K
  class space    used 2314K, committed 2432K, reserved 1048576K
}
Event: 2.337 GC heap before
{Heap before GC invocations=6 (full 0):
 garbage-first heap   total 78848K, used 54459K [0x0000000080000000, 0x0000000100000000)
  region size 1024K, 34 young (34816K), 3 survivors (3072K)
 Metaspace       used 24813K, committed 25152K, reserved 1114112K
  class space    used 2603K, committed 2752K, reserved 1048576K
}
Event: 2.342 GC heap after
{Heap after GC invocations=7 (full 0):
 garbage-first heap   total 95232K, used 24589K [0x0000000080000000, 0x0000000100000000)
  region size 1024K, 5 young (5120K), 5 survivors (5120K)
 Metaspace       used 24813K, committed 25152K, reserved 1114112K
  class space    used 2603K, committed 2752K, reserved 1048576K
}
Event: 2.888 GC heap before
{Heap before GC invocations=7 (full 0):
 garbage-first heap   total 95232K, used 69645K [0x0000000080000000, 0x0000000100000000)
  region size 1024K, 49 young (50176K), 5 survivors (5120K)
 Metaspace       used 31481K, committed 31808K, reserved 1114112K
  class space    used 3367K, committed 3520K, reserved 1048576K
}
Event: 2.898 GC heap after
{Heap after GC invocations=8 (full 0):
 garbage-first heap   total 95232K, used 27421K [0x0000000080000000, 0x0000000100000000)
  region size 1024K, 6 young (6144K), 6 survivors (6144K)
 Metaspace       used 31481K, committed 31808K, reserved 1114112K
  class space    used 3367K, committed 3520K, reserved 1048576K
}
Event: 3.061 GC heap before
{Heap before GC invocations=8 (full 0):
 garbage-first heap   total 95232K, used 71453K [0x0000000080000000, 0x0000000100000000)
  region size 1024K, 47 young (48128K), 6 survivors (6144K)
 Metaspace       used 32676K, committed 33088K, reserved 1114112K
  class space    used 3449K, committed 3648K, reserved 1048576K
}
Event: 3.070 GC heap after
{Heap after GC invocations=9 (full 0):
 garbage-first heap   total 95232K, used 28281K [0x0000000080000000, 0x0000000100000000)
  region size 1024K, 4 young (4096K), 4 survivors (4096K)
 Metaspace       used 32676K, committed 33088K, reserved 1114112K
  class space    used 3449K, committed 3648K, reserved 1048576K
}
Event: 3.422 GC heap before
{Heap before GC invocations=9 (full 0):
 garbage-first heap   total 95232K, used 71289K [0x0000000080000000, 0x0000000100000000)
  region size 1024K, 46 young (47104K), 4 survivors (4096K)
 Metaspace       used 34844K, committed 35200K, reserved 1114112K
  class space    used 3686K, committed 3840K, reserved 1048576K
}
Event: 3.427 GC heap after
{Heap after GC invocations=10 (full 0):
 garbage-first heap   total 95232K, used 29982K [0x0000000080000000, 0x0000000100000000)
  region size 1024K, 2 young (2048K), 2 survivors (2048K)
 Metaspace       used 34844K, committed 35200K, reserved 1114112K
  class space    used 3686K, committed 3840K, reserved 1048576K
}
Event: 3.516 GC heap before
{Heap before GC invocations=10 (full 0):
 garbage-first heap   total 95232K, used 74014K [0x0000000080000000, 0x0000000100000000)
  region size 1024K, 45 young (46080K), 2 survivors (2048K)
 Metaspace       used 34908K, committed 35264K, reserved 1114112K
  class space    used 3693K, committed 3840K, reserved 1048576K
}
Event: 3.519 GC heap after
{Heap after GC invocations=11 (full 0):
 garbage-first heap   total 114688K, used 30695K [0x0000000080000000, 0x0000000100000000)
  region size 1024K, 3 young (3072K), 3 survivors (3072K)
 Metaspace       used 34908K, committed 35264K, reserved 1114112K
  class space    used 3693K, committed 3840K, reserved 1048576K
}
Event: 3.659 GC heap before
{Heap before GC invocations=11 (full 0):
 garbage-first heap   total 114688K, used 44007K [0x0000000080000000, 0x0000000100000000)
  region size 1024K, 17 young (17408K), 3 survivors (3072K)
 Metaspace       used 35691K, committed 36096K, reserved 1114112K
  class space    used 3787K, committed 3968K, reserved 1048576K
}
Event: 3.667 GC heap after
{Heap after GC invocations=12 (full 0):
 garbage-first heap   total 114688K, used 33306K [0x0000000080000000, 0x0000000100000000)
  region size 1024K, 6 young (6144K), 6 survivors (6144K)
 Metaspace       used 35691K, committed 36096K, reserved 1114112K
  class space    used 3787K, committed 3968K, reserved 1048576K
}
Event: 4.804 GC heap before
{Heap before GC invocations=13 (full 0):
 garbage-first heap   total 114688K, used 79386K [0x0000000080000000, 0x0000000100000000)
  region size 1024K, 51 young (52224K), 6 survivors (6144K)
 Metaspace       used 42159K, committed 42688K, reserved 1114112K
  class space    used 4687K, committed 4928K, reserved 1048576K
}
Event: 4.813 GC heap after
{Heap after GC invocations=14 (full 0):
 garbage-first heap   total 114688K, used 35990K [0x0000000080000000, 0x0000000100000000)
  region size 1024K, 6 young (6144K), 6 survivors (6144K)
 Metaspace       used 42159K, committed 42688K, reserved 1114112K
  class space    used 4687K, committed 4928K, reserved 1048576K
}

Dll operation events (7 events):
Event: 0.024 Loaded shared library C:\Users\ho.hendy\.katalon\packages\Katalon_Studio_Windows_64-9.3.0\Katalon_Studio_Windows_64-9.3.0\jre\bin\java.dll
Event: 0.231 Loaded shared library C:\Users\ho.hendy\.katalon\packages\Katalon_Studio_Windows_64-9.3.0\Katalon_Studio_Windows_64-9.3.0\jre\bin\net.dll
Event: 0.234 Loaded shared library C:\Users\ho.hendy\.katalon\packages\Katalon_Studio_Windows_64-9.3.0\Katalon_Studio_Windows_64-9.3.0\jre\bin\nio.dll
Event: 0.240 Loaded shared library C:\Users\ho.hendy\.katalon\packages\Katalon_Studio_Windows_64-9.3.0\Katalon_Studio_Windows_64-9.3.0\jre\bin\zip.dll
Event: 0.665 Loaded shared library C:\Users\ho.hendy\.katalon\packages\Katalon_Studio_Windows_64-9.3.0\Katalon_Studio_Windows_64-9.3.0\jre\bin\verify.dll
Event: 0.846 Loaded shared library C:\Users\ho.hendy\.katalon\packages\Katalon_Studio_Windows_64-9.3.0\Katalon_Studio_Windows_64-9.3.0\jre\bin\jimage.dll
Event: 4.125 Loaded shared library C:\Users\ho.hendy\.katalon\packages\Katalon_Studio_Windows_64-9.3.0\Katalon_Studio_Windows_64-9.3.0\jre\bin\sunmscapi.dll

Deoptimization events (20 events):
Event: 6.897 Thread 0x0000012e49160070 Uncommon trap: trap_request=0xffffffc6 fr.pc=0x0000012e543cc310 relative=0x0000000000000290
Event: 6.897 Thread 0x0000012e49160070 Uncommon trap: reason=bimorphic_or_optimized_type_check action=maybe_recompile pc=0x0000012e543cc310 method=groovyjarjarantlr4.v4.runtime.atn.ATNConfig.equals(Lgroovyjarjarantlr4/v4/runtime/atn/ATNConfig;)Z @ 67 c2
Event: 6.897 Thread 0x0000012e49160070 DEOPT PACKING pc=0x0000012e543cc310 sp=0x000000135c9fb120
Event: 6.897 Thread 0x0000012e49160070 DEOPT UNPACKING pc=0x0000012e53d1a1a3 sp=0x000000135c9fb058 mode 2
Event: 6.897 Thread 0x0000012e49160070 Uncommon trap: trap_request=0xffffffc6 fr.pc=0x0000012e543cc310 relative=0x0000000000000290
Event: 6.897 Thread 0x0000012e49160070 Uncommon trap: reason=bimorphic_or_optimized_type_check action=maybe_recompile pc=0x0000012e543cc310 method=groovyjarjarantlr4.v4.runtime.atn.ATNConfig.equals(Lgroovyjarjarantlr4/v4/runtime/atn/ATNConfig;)Z @ 67 c2
Event: 6.897 Thread 0x0000012e49160070 DEOPT PACKING pc=0x0000012e543cc310 sp=0x000000135c9fb120
Event: 6.897 Thread 0x0000012e49160070 DEOPT UNPACKING pc=0x0000012e53d1a1a3 sp=0x000000135c9fb058 mode 2
Event: 6.897 Thread 0x0000012e49160070 Uncommon trap: trap_request=0xffffffc6 fr.pc=0x0000012e543cc310 relative=0x0000000000000290
Event: 6.897 Thread 0x0000012e49160070 Uncommon trap: reason=bimorphic_or_optimized_type_check action=maybe_recompile pc=0x0000012e543cc310 method=groovyjarjarantlr4.v4.runtime.atn.ATNConfig.equals(Lgroovyjarjarantlr4/v4/runtime/atn/ATNConfig;)Z @ 67 c2
Event: 6.897 Thread 0x0000012e49160070 DEOPT PACKING pc=0x0000012e543cc310 sp=0x000000135c9fb120
Event: 6.897 Thread 0x0000012e49160070 DEOPT UNPACKING pc=0x0000012e53d1a1a3 sp=0x000000135c9fb058 mode 2
Event: 6.897 Thread 0x0000012e49160070 Uncommon trap: trap_request=0xffffffc6 fr.pc=0x0000012e543cd410 relative=0x0000000000000290
Event: 6.897 Thread 0x0000012e49160070 Uncommon trap: reason=bimorphic_or_optimized_type_check action=maybe_recompile pc=0x0000012e543cd410 method=groovyjarjarantlr4.v4.runtime.atn.ATNConfig.equals(Lgroovyjarjarantlr4/v4/runtime/atn/ATNConfig;)Z @ 67 c2
Event: 6.897 Thread 0x0000012e49160070 DEOPT PACKING pc=0x0000012e543cd410 sp=0x000000135c9fb090
Event: 6.897 Thread 0x0000012e49160070 DEOPT UNPACKING pc=0x0000012e53d1a1a3 sp=0x000000135c9fb040 mode 2
Event: 6.924 Thread 0x0000012e49160070 DEOPT PACKING pc=0x0000012e4cc6cae5 sp=0x000000135c9fadf0
Event: 6.924 Thread 0x0000012e49160070 DEOPT UNPACKING pc=0x0000012e53d1ace3 sp=0x000000135c9fa278 mode 0
Event: 7.000 Thread 0x0000012e49160070 DEOPT PACKING pc=0x0000012e4cf8cf4a sp=0x000000135c9fc1d0
Event: 7.000 Thread 0x0000012e49160070 DEOPT UNPACKING pc=0x0000012e53d1ace3 sp=0x000000135c9fb678 mode 0

Classes unloaded (0 events):
No events

Classes redefined (0 events):
No events

Internal exceptions (20 events):
Event: 4.448 Thread 0x0000012e6b7950a0 Exception <a 'java/lang/NoSuchMethodError'{0x00000000848b3c30}: 'java.lang.Object java.lang.invoke.Invokers$Holder.linkToTargetMethod(java.lang.Object, long, java.lang.Object)'> (0x00000000848b3c30) 
thrown [s\src\hotspot\share\interpreter\linkResolver.cpp, line 759]
Event: 4.455 Thread 0x0000012e6a3b0ba0 Exception <a 'java/net/ConnectException'{0x00000000847016a8}: Connection refused: no further information> (0x00000000847016a8) 
thrown [s\src\hotspot\share\prims\jni.cpp, line 535]
Event: 4.455 Thread 0x0000012e6a3b0ba0 Exception <a 'java/net/SocketException'{0x00000000847019e0}: Socket is not connected: shutdown> (0x00000000847019e0) 
thrown [s\src\hotspot\share\prims\jni.cpp, line 535]
Event: 4.485 Thread 0x0000012e6a3b0ba0 Exception <a 'java/net/ConnectException'{0x0000000084702978}: Connection refused: no further information> (0x0000000084702978) 
thrown [s\src\hotspot\share\prims\jni.cpp, line 535]
Event: 4.485 Thread 0x0000012e6a3b0ba0 Exception <a 'java/net/SocketException'{0x0000000084702cb0}: Socket is not connected: shutdown> (0x0000000084702cb0) 
thrown [s\src\hotspot\share\prims\jni.cpp, line 535]
Event: 4.532 Thread 0x0000012e6a3b0ba0 Exception <a 'java/net/ConnectException'{0x0000000084703c48}: Connection refused: no further information> (0x0000000084703c48) 
thrown [s\src\hotspot\share\prims\jni.cpp, line 535]
Event: 4.532 Thread 0x0000012e6a3b0ba0 Exception <a 'java/net/SocketException'{0x0000000084703f80}: Socket is not connected: shutdown> (0x0000000084703f80) 
thrown [s\src\hotspot\share\prims\jni.cpp, line 535]
Event: 4.648 Thread 0x0000012e49160070 Exception <a 'java/lang/IncompatibleClassChangeError'{0x00000000846c41a8}: Found class java.lang.Object, but interface was expected> (0x00000000846c41a8) 
thrown [s\src\hotspot\share\interpreter\linkResolver.cpp, line 826]
Event: 4.648 Thread 0x0000012e49160070 Exception <a 'java/lang/NoSuchMethodError'{0x00000000846caae0}: 'int java.lang.invoke.DirectMethodHandle$Holder.invokeSpecialIFC(java.lang.Object, java.lang.Object, java.lang.Object, java.lang.Object)'> (0x00000000846caae0) 
thrown [s\src\hotspot\share\interpreter\linkResolver.cpp, line 759]
Event: 4.661 Thread 0x0000012e49160070 Exception <a 'java/lang/NoSuchMethodError'{0x0000000084567ea8}: 'double java.lang.invoke.DirectMethodHandle$Holder.invokeVirtual(java.lang.Object, java.lang.Object)'> (0x0000000084567ea8) 
thrown [s\src\hotspot\share\interpreter\linkResolver.cpp, line 759]
Event: 4.663 Thread 0x0000012e49160070 Exception <a 'java/lang/NoSuchMethodError'{0x000000008456e8d0}: 'float java.lang.invoke.DirectMethodHandle$Holder.invokeVirtual(java.lang.Object, java.lang.Object)'> (0x000000008456e8d0) 
thrown [s\src\hotspot\share\interpreter\linkResolver.cpp, line 759]
Event: 4.664 Thread 0x0000012e49160070 Exception <a 'java/lang/NoSuchMethodError'{0x0000000084577b70}: 'long java.lang.invoke.DirectMethodHandle$Holder.invokeVirtual(java.lang.Object, java.lang.Object)'> (0x0000000084577b70) 
thrown [s\src\hotspot\share\interpreter\linkResolver.cpp, line 759]
Event: 4.756 Thread 0x0000012e49160070 Exception <a 'java/lang/NoSuchMethodError'{0x00000000840aec90}: 'void java.lang.invoke.DirectMethodHandle$Holder.invokeInterface(java.lang.Object, java.lang.Object, java.lang.Object)'> (0x00000000840aec90) 
thrown [s\src\hotspot\share\interpreter\linkResolver.cpp, line 759]
Event: 6.280 Thread 0x0000012e49160070 Exception <a 'java/lang/NoSuchMethodError'{0x0000000086933498}: 'java.lang.Object java.lang.invoke.DirectMethodHandle$Holder.invokeSpecialIFC(java.lang.Object, java.lang.Object, java.lang.Object)'> (0x0000000086933498) 
thrown [s\src\hotspot\share\interpreter\linkResolver.cpp, line 759]
Event: 6.848 Thread 0x0000012e49160070 Exception <a 'java/lang/ClassNotFoundException'{0x00000000865aaf58}: com/kms/katalon/core/testobject/ObjectRepositoryBeanInfo> (0x00000000865aaf58) 
thrown [s\src\hotspot\share\classfile\systemDictionary.cpp, line 256]
Event: 6.853 Thread 0x0000012e49160070 Exception <a 'java/lang/ClassNotFoundException'{0x00000000865d9a18}: com/kms/katalon/core/testobject/ObjectRepositoryCustomizer> (0x00000000865d9a18) 
thrown [s\src\hotspot\share\classfile\systemDictionary.cpp, line 256]
Event: 6.948 Thread 0x0000012e49160070 Exception <a 'java/lang/ClassNotFoundException'{0x000000008627c4f0}: Script1BeanInfo> (0x000000008627c4f0) 
thrown [s\src\hotspot\share\classfile\systemDictionary.cpp, line 256]
Event: 6.952 Thread 0x0000012e49160070 Exception <a 'java/lang/ClassNotFoundException'{0x00000000862aaf88}: Script1Customizer> (0x00000000862aaf88) 
thrown [s\src\hotspot\share\classfile\systemDictionary.cpp, line 256]
Event: 6.990 Thread 0x0000012e49160070 Exception <a 'java/lang/ClassNotFoundException'{0x0000000086033850}: com/kms/katalon/core/webui/keyword/builtin/SetTextKeywordBeanInfo> (0x0000000086033850) 
thrown [s\src\hotspot\share\classfile\systemDictionary.cpp, line 256]
Event: 6.996 Thread 0x0000012e49160070 Exception <a 'java/lang/ClassNotFoundException'{0x0000000086064590}: com/kms/katalon/core/webui/keyword/builtin/SetTextKeywordCustomizer> (0x0000000086064590) 
thrown [s\src\hotspot\share\classfile\systemDictionary.cpp, line 256]

VM Operations (20 events):
Event: 4.154 Executing VM operation: HandshakeAllThreads
Event: 4.154 Executing VM operation: HandshakeAllThreads done
Event: 4.161 Executing VM operation: HandshakeAllThreads
Event: 4.161 Executing VM operation: HandshakeAllThreads done
Event: 4.630 Executing VM operation: HandshakeAllThreads
Event: 4.630 Executing VM operation: HandshakeAllThreads done
Event: 4.630 Executing VM operation: HandshakeAllThreads
Event: 4.630 Executing VM operation: HandshakeAllThreads done
Event: 4.632 Executing VM operation: HandshakeAllThreads
Event: 4.632 Executing VM operation: HandshakeAllThreads done
Event: 4.804 Executing VM operation: G1CollectForAllocation
Event: 4.813 Executing VM operation: G1CollectForAllocation done
Event: 5.827 Executing VM operation: Cleanup
Event: 5.827 Executing VM operation: Cleanup done
Event: 6.322 Executing VM operation: HandshakeAllThreads
Event: 6.322 Executing VM operation: HandshakeAllThreads done
Event: 6.884 Executing VM operation: HandshakeAllThreads
Event: 6.884 Executing VM operation: HandshakeAllThreads done
Event: 6.884 Executing VM operation: Cleanup
Event: 6.884 Executing VM operation: Cleanup done

Events (20 events):
Event: 4.857 loading class jdk/internal/icu/impl/Trie2$1
Event: 4.857 loading class jdk/internal/icu/impl/Trie2$ValueMapper
Event: 4.857 loading class jdk/internal/icu/impl/Trie2$ValueMapper done
Event: 4.857 loading class jdk/internal/icu/impl/Trie2$1 done
Event: 4.857 loading class jdk/internal/icu/impl/Trie2$UTrie2Header
Event: 4.857 loading class jdk/internal/icu/impl/Trie2$UTrie2Header done
Event: 4.877 loading class java/net/ProtocolException
Event: 4.877 loading class java/net/ProtocolException done
Event: 4.877 loading class java/net/HttpRetryException
Event: 4.878 loading class java/net/HttpRetryException done
Event: 4.893 loading class java/net/UnknownServiceException
Event: 4.893 loading class java/net/UnknownServiceException done
Event: 4.905 Thread 0x0000012e6b15fe50 Thread added: 0x0000012e6b15fe50
Event: 4.911 Thread 0x0000012e6b161660 Thread added: 0x0000012e6b161660
Event: 6.272 Thread 0x0000012e63401210 Thread exited: 0x0000012e63401210
Event: 6.304 loading class java/util/UUID$Holder
Event: 6.304 loading class java/util/UUID$Holder done
Event: 6.821 loading class java/lang/StackTraceElement$HashedModules
Event: 6.822 loading class java/lang/StackTraceElement$HashedModules done
Event: 7.004 Thread 0x0000012e6b41e020 Thread added: 0x0000012e6b41e020


Dynamic libraries:
0x00007ff7eb660000 - 0x00007ff7eb66e000 	C:\Users\ho.hendy\.katalon\packages\Katalon_Studio_Windows_64-9.3.0\Katalon_Studio_Windows_64-9.3.0\jre\bin\javaw.exe
0x00007ff8e7ef0000 - 0x00007ff8e80e8000 	C:\Windows\SYSTEM32\ntdll.dll
0x00007ff8e7ab0000 - 0x00007ff8e7b6d000 	C:\Windows\System32\KERNEL32.DLL
0x00007ff8e59f0000 - 0x00007ff8e5ce6000 	C:\Windows\System32\KERNELBASE.dll
0x00007ff8e5670000 - 0x00007ff8e5770000 	C:\Windows\System32\ucrtbase.dll
0x00007ff8de110000 - 0x00007ff8de129000 	C:\Users\ho.hendy\.katalon\packages\Katalon_Studio_Windows_64-9.3.0\Katalon_Studio_Windows_64-9.3.0\jre\bin\VCRUNTIME140.dll
0x00007ff8da4b0000 - 0x00007ff8da4c7000 	C:\Users\ho.hendy\.katalon\packages\Katalon_Studio_Windows_64-9.3.0\Katalon_Studio_Windows_64-9.3.0\jre\bin\jli.dll
0x00007ff8e71b0000 - 0x00007ff8e734e000 	C:\Windows\System32\USER32.dll
0x00007ff8e5cf0000 - 0x00007ff8e5d12000 	C:\Windows\System32\win32u.dll
0x00007ff8e6910000 - 0x00007ff8e693b000 	C:\Windows\System32\GDI32.dll
0x00007ff8e58d0000 - 0x00007ff8e59e7000 	C:\Windows\System32\gdi32full.dll
0x00007ff8e5dd0000 - 0x00007ff8e5e6d000 	C:\Windows\System32\msvcp_win.dll
0x00007ff8d0740000 - 0x00007ff8d09da000 	C:\Windows\WinSxS\amd64_microsoft.windows.common-controls_6595b64144ccf1df_6.0.19041.3636_none_60b6a03d71f818d5\COMCTL32.dll
0x00007ff8e5fd0000 - 0x00007ff8e606e000 	C:\Windows\System32\msvcrt.dll
0x00007ff8e6500000 - 0x00007ff8e6532000 	C:\Windows\System32\IMM32.DLL
0x00007ff8da670000 - 0x00007ff8da872000 	C:\Windows\system32\tmumh\20019\AddOn\8.55.0.1288\TmUmEvt64.dll
0x00007ff8e7350000 - 0x00007ff8e7358000 	C:\Windows\System32\PSAPI.DLL
0x00007ff8e7d10000 - 0x00007ff8e7dc3000 	C:\Windows\System32\ADVAPI32.dll
0x00007ff8e5f30000 - 0x00007ff8e5fcf000 	C:\Windows\System32\sechost.dll
0x00007ff8e6fa0000 - 0x00007ff8e70c6000 	C:\Windows\System32\RPCRT4.dll
0x00007ff8e55b0000 - 0x00007ff8e55d7000 	C:\Windows\System32\bcrypt.dll
0x00000000640a0000 - 0x0000000064237000 	C:\Windows\system32\tmumh\20019\TmMon\2.9.0.1084\tmmon64.dll
0x00007ff8c7e80000 - 0x00007ff8c81bd000 	C:\Windows\System32\TmLWE\TmUmSnsr64\1.0.0.1127\TmUmSnsr64.dll
0x00007ff8e3460000 - 0x00007ff8e3472000 	C:\Windows\SYSTEM32\kernel.appcore.dll
0x00007ff8dd320000 - 0x00007ff8dd32c000 	C:\Users\ho.hendy\.katalon\packages\Katalon_Studio_Windows_64-9.3.0\Katalon_Studio_Windows_64-9.3.0\jre\bin\vcruntime140_1.dll
0x00007ff8a00e0000 - 0x00007ff8a0171000 	C:\Users\ho.hendy\.katalon\packages\Katalon_Studio_Windows_64-9.3.0\Katalon_Studio_Windows_64-9.3.0\jre\bin\msvcp140.dll
0x00007ff8986e0000 - 0x00007ff899328000 	C:\Users\ho.hendy\.katalon\packages\Katalon_Studio_Windows_64-9.3.0\Katalon_Studio_Windows_64-9.3.0\jre\bin\server\jvm.dll
0x00007ff8c5b10000 - 0x00007ff8c5b19000 	C:\Windows\SYSTEM32\WSOCK32.dll
0x00007ff8e68a0000 - 0x00007ff8e690b000 	C:\Windows\System32\WS2_32.dll
0x00007ff8d1d60000 - 0x00007ff8d1d87000 	C:\Windows\SYSTEM32\WINMM.dll
0x00007ff8dd060000 - 0x00007ff8dd06a000 	C:\Windows\SYSTEM32\VERSION.dll
0x00007ff8dd480000 - 0x00007ff8dd48a000 	C:\Users\ho.hendy\.katalon\packages\Katalon_Studio_Windows_64-9.3.0\Katalon_Studio_Windows_64-9.3.0\jre\bin\jimage.dll
0x00007ff8e3020000 - 0x00007ff8e3204000 	C:\Windows\SYSTEM32\DBGHELP.DLL
0x00007ff8db090000 - 0x00007ff8db0c4000 	C:\Windows\SYSTEM32\dbgcore.DLL
0x00007ff8e55e0000 - 0x00007ff8e5662000 	C:\Windows\System32\bcryptPrimitives.dll
0x00007ff8dd3c0000 - 0x00007ff8dd3e5000 	C:\Users\ho.hendy\.katalon\packages\Katalon_Studio_Windows_64-9.3.0\Katalon_Studio_Windows_64-9.3.0\jre\bin\java.dll
0x00007ff8dd440000 - 0x00007ff8dd458000 	C:\Users\ho.hendy\.katalon\packages\Katalon_Studio_Windows_64-9.3.0\Katalon_Studio_Windows_64-9.3.0\jre\bin\zip.dll
0x0000012e63640000 - 0x0000012e63d85000 	C:\Windows\System32\SHELL32.dll
0x00007ff8e3560000 - 0x00007ff8e3cfc000 	C:\Windows\SYSTEM32\windows.storage.dll
0x00007ff8e6540000 - 0x00007ff8e6894000 	C:\Windows\System32\combase.dll
0x00007ff8e4fe0000 - 0x00007ff8e500e000 	C:\Windows\SYSTEM32\Wldp.dll
0x00007ff8e6070000 - 0x00007ff8e613d000 	C:\Windows\System32\OLEAUT32.dll
0x00007ff8e6e90000 - 0x00007ff8e6f3d000 	C:\Windows\System32\SHCORE.dll
0x00007ff8e7cb0000 - 0x00007ff8e7d05000 	C:\Windows\System32\shlwapi.dll
0x00007ff8e54e0000 - 0x00007ff8e5505000 	C:\Windows\SYSTEM32\profapi.dll
0x00007ff8dd400000 - 0x00007ff8dd419000 	C:\Users\ho.hendy\.katalon\packages\Katalon_Studio_Windows_64-9.3.0\Katalon_Studio_Windows_64-9.3.0\jre\bin\net.dll
0x00007ff8deee0000 - 0x00007ff8defea000 	C:\Windows\SYSTEM32\WINHTTP.dll
0x00007ff8e4d40000 - 0x00007ff8e4daa000 	C:\Windows\system32\mswsock.dll
0x00007ff8dd040000 - 0x00007ff8dd055000 	C:\Users\ho.hendy\.katalon\packages\Katalon_Studio_Windows_64-9.3.0\Katalon_Studio_Windows_64-9.3.0\jre\bin\nio.dll
0x00007ff8dd3a0000 - 0x00007ff8dd3b0000 	C:\Users\ho.hendy\.katalon\packages\Katalon_Studio_Windows_64-9.3.0\Katalon_Studio_Windows_64-9.3.0\jre\bin\verify.dll
0x00007ff8e4a20000 - 0x00007ff8e4aeb000 	C:\Windows\SYSTEM32\DNSAPI.dll
0x00007ff8e49e0000 - 0x00007ff8e4a1b000 	C:\Windows\SYSTEM32\IPHLPAPI.DLL
0x00007ff8e7ca0000 - 0x00007ff8e7ca8000 	C:\Windows\System32\NSI.dll
0x00007ff8dd330000 - 0x00007ff8dd33a000 	C:\Windows\System32\rasadhlp.dll
0x00007ff8de940000 - 0x00007ff8de9c0000 	C:\Windows\System32\fwpuclnt.dll
0x00007ff8dd370000 - 0x00007ff8dd37e000 	C:\Users\ho.hendy\.katalon\packages\Katalon_Studio_Windows_64-9.3.0\Katalon_Studio_Windows_64-9.3.0\jre\bin\sunmscapi.dll
0x00007ff8e5770000 - 0x00007ff8e58cd000 	C:\Windows\System32\CRYPT32.dll
0x00007ff8e5050000 - 0x00007ff8e5078000 	C:\Windows\SYSTEM32\ncrypt.dll
0x00007ff8e5010000 - 0x00007ff8e504b000 	C:\Windows\SYSTEM32\NTASN1.dll
0x00007ff8e4f30000 - 0x00007ff8e4f48000 	C:\Windows\SYSTEM32\CRYPTSP.dll
0x00007ff8e4600000 - 0x00007ff8e4634000 	C:\Windows\system32\rsaenh.dll
0x00007ff8e54a0000 - 0x00007ff8e54ce000 	C:\Windows\SYSTEM32\USERENV.dll
0x00007ff8e4f50000 - 0x00007ff8e4f5c000 	C:\Windows\SYSTEM32\CRYPTBASE.dll
0x00007ff8de180000 - 0x00007ff8de197000 	C:\Windows\SYSTEM32\dhcpcsvc6.DLL
0x00007ff8de480000 - 0x00007ff8de49d000 	C:\Windows\SYSTEM32\dhcpcsvc.DLL

dbghelp: loaded successfully - version: 4.0.5 - missing functions: none
symbol engine: initialized successfully - sym options: 0x614 - pdb path: .;C:\Users\ho.hendy\.katalon\packages\Katalon_Studio_Windows_64-9.3.0\Katalon_Studio_Windows_64-9.3.0\jre\bin;C:\Windows\SYSTEM32;C:\Windows\WinSxS\amd64_microsoft.windows.common-controls_6595b64144ccf1df_6.0.19041.3636_none_60b6a03d71f818d5;C:\Windows\system32\tmumh\20019\AddOn\8.55.0.1288;C:\Windows\system32\tmumh\20019\TmMon\2.9.0.1084;C:\Windows\System32\TmLWE\TmUmSnsr64\1.0.0.1127;C:\Users\ho.hendy\.katalon\packages\Katalon_Studio_Windows_64-9.3.0\Katalon_Studio_Windows_64-9.3.0\jre\bin\server

VM Arguments:
jvm_args: -Dgroovy.home=C:\Users\ho.hendy/.groovy -Djava.system.class.loader=groovy.lang.GroovyClassLoader -Xmx2048m -Dfile.encoding=UTF-8 -XX:+ShowCodeDetailsInExceptionMessages 
java_command: org.codehaus.groovy.tools.GroovyStarter --classpath C:\Users\ho.hendy\Katalon Studio\Training My Sistem\bin\keyword;C:\Users\ho.hendy\Katalon Studio\Training My Sistem\Keywords;C:\Users\ho.hendy\Katalon Studio\Training My Sistem\bin\listener;C:\Users\ho.hendy\Katalon Studio\Training My Sistem\Test Listeners;C:\Users\ho.hendy\Katalon Studio\Training My Sistem\bin\lib;C:\Users\ho.hendy\Katalon Studio\Training My Sistem\Libs;C:\Users\ho.hendy\Katalon Studio\Training My Sistem\bin\groovy;C:\Users\ho.hendy\Katalon Studio\Training My Sistem\Include\scripts\groovy;C:\Users\ho.hendy\.katalon\packages\Katalon_Studio_Windows_64-9.3.0\Katalon_Studio_Windows_64-9.3.0\plugins\com.kms.katalon.core_1.0.0.202401301518.jar;C:\Users\ho.hendy\.katalon\packages\Katalon_Studio_Windows_64-9.3.0\Katalon_Studio_Windows_64-9.3.0\configuration\resources\lib\aalto-xml-1.0.0.jar;C:\Users\ho.hendy\.katalon\packages\Katalon_Studio_Windows_64-9.3.0\Katalon_Studio_Windows_64-9.3.0\configuration\resources\lib\aspectjweaver-1.9.1.jar;C:\Users\ho.hendy\.katalon\packages\Katalon_Studio_Windows_64-9.3.0\Katalon_Studio_Windows_64-9.3.0\configuration\resources\lib\bcpkix-jdk15on-1.64.jar;C:\Users\ho.hendy\.katalon\packages\Katalon_Studio_Windows_64-9.3.0\Katalon_Studio_Windows_64-9.3.0\configuration\resources\lib\bcprov-jdk15on-1.64.jar;C:\Users\ho.hendy\.katalon\packages\Katalon_Studio_Windows_64-9.3.0\Katalon_Studio_Windows_64-9.3.0\configuration\resources\lib\browsermob-core-2.1.5.jar;C:\Users\ho.hendy\.katalon\packages\Katalon_Studio_Windows_64-9.3.0\Katalon_Studio_Windows_64-9.3.0\configuration\resources\lib\cglib-3.2.10.jar;C:\Users\ho.hendy\.katalon\packages\Katalon_Studio_Windows_64-9.3.0\Katalon_Studio_Windows_64-9.3.0\configuration\resources\lib\commons-codec-1.10.jar;C:\Users\ho.hendy\.katalon\packages\Katalon_Studio_Windows_64-9.3.0\Katalon_Studio_Windows_64-9.3.0\configuration\resources\lib\commons-collections4-4.1.jar;C:\Users\ho.hendy\.katalon\packages\Katalon_Studio_Window
java_class_path (initial): C:\Users\ho.hendy\Katalon Studio\Training My Sistem\bin\keyword;C:\Users\ho.hendy\Katalon Studio\Training My Sistem\bin\listener;C:\Users\ho.hendy\Katalon Studio\Training My Sistem\bin\lib;C:\Users\ho.hendy\Katalon Studio\Training My Sistem\bin\groovy;C:\Users\ho.hendy\Katalon Studio\Training My Sistem\bin;C:\Users\ho.hendy\.katalon\packages\Katalon_Studio_Windows_64-9.3.0\Katalon_Studio_Windows_64-9.3.0\plugins\com.kms.katalon.core_1.0.0.202401301518.jar;C:\Users\ho.hendy\.katalon\packages\Katalon_Studio_Windows_64-9.3.0\Katalon_Studio_Windows_64-9.3.0\configuration\resources\lib\aalto-xml-1.0.0.jar;C:\Users\ho.hendy\.katalon\packages\Katalon_Studio_Windows_64-9.3.0\Katalon_Studio_Windows_64-9.3.0\configuration\resources\lib\aspectjweaver-1.9.1.jar;C:\Users\ho.hendy\.katalon\packages\Katalon_Studio_Windows_64-9.3.0\Katalon_Studio_Windows_64-9.3.0\configuration\resources\lib\bcpkix-jdk15on-1.64.jar;C:\Users\ho.hendy\.katalon\packages\Katalon_Studio_Windows_64-9.3.0\Katalon_Studio_Windows_64-9.3.0\configuration\resources\lib\bcprov-jdk15on-1.64.jar;C:\Users\ho.hendy\.katalon\packages\Katalon_Studio_Windows_64-9.3.0\Katalon_Studio_Windows_64-9.3.0\configuration\resources\lib\browsermob-core-2.1.5.jar;C:\Users\ho.hendy\.katalon\packages\Katalon_Studio_Windows_64-9.3.0\Katalon_Studio_Windows_64-9.3.0\configuration\resources\lib\cglib-3.2.10.jar;C:\Users\ho.hendy\.katalon\packages\Katalon_Studio_Windows_64-9.3.0\Katalon_Studio_Windows_64-9.3.0\configuration\resources\lib\commons-codec-1.10.jar;C:\Users\ho.hendy\.katalon\packages\Katalon_Studio_Windows_64-9.3.0\Katalon_Studio_Windows_64-9.3.0\configuration\resources\lib\commons-collections4-4.1.jar;C:\Users\ho.hendy\.katalon\packages\Katalon_Studio_Windows_64-9.3.0\Katalon_Studio_Windows_64-9.3.0\configuration\resources\lib\commons-validator-1.6.jar;C:\Users\ho.hendy\.katalon\packages\Katalon_Studio_Windows_64-9.3.0\Katalon_Studio_Windows_64-9.3.0\configuration\resources\lib\curvesapi-1.04.jar
Launcher Type: SUN_STANDARD

[Global flags]
     intx CICompilerCount                          = 4                                         {product} {ergonomic}
     uint ConcGCThreads                            = 2                                         {product} {ergonomic}
     uint G1ConcRefinementThreads                  = 8                                         {product} {ergonomic}
   size_t G1HeapRegionSize                         = 1048576                                   {product} {ergonomic}
    uintx GCDrainStackTargetSize                   = 64                                        {product} {ergonomic}
   size_t InitialHeapSize                          = 130023424                                 {product} {ergonomic}
   size_t MarkStackSize                            = 4194304                                   {product} {ergonomic}
   size_t MaxHeapSize                              = 2147483648                                {product} {command line}
   size_t MaxNewSize                               = 1287651328                                {product} {ergonomic}
   size_t MinHeapDeltaBytes                        = 1048576                                   {product} {ergonomic}
   size_t MinHeapSize                              = 8388608                                   {product} {ergonomic}
    uintx NonNMethodCodeHeapSize                   = 5839372                                {pd product} {ergonomic}
    uintx NonProfiledCodeHeapSize                  = 122909434                              {pd product} {ergonomic}
    uintx ProfiledCodeHeapSize                     = 122909434                              {pd product} {ergonomic}
    uintx ReservedCodeCacheSize                    = 251658240                              {pd product} {ergonomic}
     bool SegmentedCodeCache                       = true                                      {product} {ergonomic}
     bool ShowCodeDetailsInExceptionMessages       = true                                   {manageable} {command line}
   size_t SoftMaxHeapSize                          = 2147483648                             {manageable} {ergonomic}
     bool UseCompressedClassPointers               = true                           {product lp64_product} {ergonomic}
     bool UseCompressedOops                        = true                           {product lp64_product} {ergonomic}
     bool UseG1GC                                  = true                                      {product} {ergonomic}
     bool UseLargePagesIndividualAllocation        = false                                  {pd product} {ergonomic}

Logging:
Log output configuration:
 #0: stdout all=warning uptime,level,tags
 #1: stderr all=off uptime,level,tags

Environment Variables:
JAVA_HOME=C:\Program Files\Java\jdk-11\bin
PATH=C:/Users/ho.hendy/.katalon/packages/Katalon_Studio_Windows_64-9.3.0/Katalon_Studio_Windows_64-9.3.0/jre/bin/server;C:/Users/ho.hendy/.katalon/packages/Katalon_Studio_Windows_64-9.3.0/Katalon_Studio_Windows_64-9.3.0/jre/bin;C:\Program Files\Common Files\Oracle\Java\javapath;C:\Windows\system32;C:\Windows;C:\Windows\System32\Wbem;C:\Windows\System32\WindowsPowerShell\v1.0\;C:\Windows\System32\OpenSSH\;C:\Program Files\Microsoft SQL Server\Client SDK\ODBC\110\Tools\Binn\;C:\Program Files (x86)\Microsoft SQL Server\120\Tools\Binn\ManagementStudio\;C:\Program Files (x86)\Microsoft SQL Server\120\Tools\Binn\;C:\Program Files\Microsoft SQL Server\120\Tools\Binn\;C:\Program Files (x86)\Microsoft SQL Server\120\DTS\Binn\;C:\Program Files\Microsoft SQL Server\120\DTS\Binn\;C:\Program Files\Java\jdk-11\bin;C:\Program Files\nodejs\;C:\Program Files\Git\cmd;C:\Users\ho.hendy\AppData\Local\Microsoft\WindowsApps;C:\Users\ho.hendy\AppData\Roaming\npm;C:\Users\ho.hendy\.katalon\packages\Katalon_Studio_Windows_64-9.3.0\Katalon_Studio_Windows_64-9.3.0;
USERNAME=Ho.Hendy
OS=Windows_NT
PROCESSOR_IDENTIFIER=Intel64 Family 6 Model 140 Stepping 1, GenuineIntel
TMP=C:\Users\HO6751~1.HEN\AppData\Local\Temp
TEMP=C:\Users\HO6751~1.HEN\AppData\Local\Temp



---------------  S Y S T E M  ---------------

OS:
 Windows 10 , 64 bit Build 19041 (10.0.19041.3636)
OS uptime: 1 days 20:35 hours

CPU: total 8 (initial active 8) (4 cores per cpu, 2 threads per core) family 6 model 140 stepping 1 microcode 0x86, cx8, cmov, fxsr, ht, mmx, 3dnowpref, sse, sse2, sse3, ssse3, sse4.1, sse4.2, popcnt, lzcnt, tsc, tscinvbit, avx, avx2, aes, erms, clmul, bmi1, bmi2, adx, avx512f, avx512dq, avx512cd, avx512bw, avx512vl, sha, fma, vzeroupper, avx512_vpopcntdq, avx512_vpclmulqdq, avx512_vaes, avx512_vnni, clflush, clflushopt, clwb, avx512_vbmi2, avx512_vbmi

Memory: 4k page, system-wide physical 7890M (485M free)
TotalPageFile size 32466M (AvailPageFile size 65M)
current process WorkingSet (physical memory assigned to process): 252M, peak: 285M
current process commit charge ("private bytes"): 287M, peak: 320M

vm_info: OpenJDK 64-Bit Server VM (17.0.7+7) for windows-amd64 JRE (17.0.7+7), built on Apr 18 2023 22:10:42 by "temurin" with MS VC++ 16.7 (VS2019)

END.
